AMD EPYC 7B13, 2 cores, 7G,  Windows 10 , 64 bit Build 19041 (10.0.19041.5915)
Time: Fri Jun 20 04:02:11 2025 Temps universel coordonné elapsed time: 30010.023322 seconds (0d 8h 20m 10s)

---------------  T H R E A D  ---------------

Current thread (0x0000013e52a17f20):  JavaThread "AWT-Windows" daemon [_thread_in_vm, id=9548, stack(0x0000003b27d00000,0x0000003b27e00000) (1024K)]

Stack: [0x0000003b27d00000,0x0000003b27e00000]
Native frames: (J=compiled Java code, j=interpreted, Vv=VM code, C=native code)
V  [jvm.dll+0x6e26e9]  (no source info available)
V  [jvm.dll+0x875753]  (no source info available)
V  [jvm.dll+0x877b7e]  (no source info available)
V  [jvm.dll+0x878253]  (no source info available)
V  [jvm.dll+0x27fc86]  (no source info available)
V  [jvm.dll+0x87139e]  (no source info available)
V  [jvm.dll+0x685755]  (no source info available)
V  [jvm.dll+0x6857ba]  (no source info available)
V  [jvm.dll+0x687ffa]  (no source info available)
V  [jvm.dll+0x224f6c]  (no source info available)
V  [jvm.dll+0x68616e]  (no source info available)
V  [jvm.dll+0x3c3acf]  (no source info available)
V  [jvm.dll+0x20d28b]  (no source info available)
V  [jvm.dll+0x5c4ab9]  (no source info available)
V  [jvm.dll+0x21cb2a]  (no source info available)
V  [jvm.dll+0x7ebe8c]  (no source info available)
V  [jvm.dll+0x7ecf26]  (no source info available)
V  [jvm.dll+0x7ed534]  (no source info available)
V  [jvm.dll+0x7ed1b8]  (no source info available)
V  [jvm.dll+0x26d6ab]  (no source info available)
V  [jvm.dll+0x26d8da]  (no source info available)
V  [jvm.dll+0x5e8187]  (no source info available)
V  [jvm.dll+0x5eb186]  (no source info available)
V  [jvm.dll+0x3ddbfd]  (no source info available)
V  [jvm.dll+0x3dd1fd]  (no source info available)
C  0x0000013e459c993c  (no source info available)

The last pc belongs to invokestatic (printed below).
Java frames: (J=compiled Java code, j=interpreted, Vv=VM code)
j  java.lang.StackTraceElement.isHashedInJavaBase(Ljava/lang/Module;)Z+19 java.base@22.0.2
j  java.lang.StackTraceElement.computeFormat()V+33 java.base@22.0.2
j  java.lang.StackTraceElement.of([Ljava/lang/StackTraceElement;)[Ljava/lang/StackTraceElement;+19 java.base@22.0.2
j  java.lang.StackTraceElement.of(Ljava/lang/Object;I)[Ljava/lang/StackTraceElement;+35 java.base@22.0.2
j  java.lang.Throwable.getOurStackTrace()[Ljava/lang/StackTraceElement;+33 java.base@22.0.2
j  java.lang.Throwable.lockedPrintStackTrace(Ljava/lang/Throwable$PrintStreamOrWriter;)V+25 java.base@22.0.2
j  java.lang.Throwable.printStackTrace(Ljava/lang/Throwable$PrintStreamOrWriter;)V+23 java.base@22.0.2
j  java.lang.Throwable.printStackTrace(Ljava/io/PrintStream;)V+9 java.base@22.0.2
j  java.lang.ThreadGroup.uncaughtException(Ljava/lang/Thread;Ljava/lang/Throwable;)V+75 java.base@22.0.2
j  java.lang.Thread.dispatchUncaughtException(Ljava/lang/Throwable;)V+6 java.base@22.0.2
v  ~StubRoutines::call_stub 0x0000013e459b100d
invokestatic  184 invokestatic  [0x0000013e459c98a0, 0x0000013e459c9b80]  736 bytes
[MachCode]
  0x0000013e459c98a0: 4883 ec08 | c5fa 1104 | 24eb 1f48 | 83ec 10c5 | fb11 0424 | eb14 4883 | ec10 4889 | 0424 48c7 
  0x0000013e459c98c0: 4424 0800 | 0000 00eb | 0150 488b | 4dd0 410f | b755 0148 | 8b49 306b | d218 488d | 4c11 080f 
  0x0000013e459c98e0: b659 1681 | fbb8 0000 | 000f 84bd | 0000 00bb | b800 0000 | e805 0000 | 00e9 9900 | 0000 488b 
  0x0000013e459c9900: d348 8d44 | 2408 4c89 | 6dc0 498b | cfc5 f877 | 4989 afb0 | 0300 0049 | 8987 a003 | 0000 4883 
  0x0000013e459c9920: ec20 40f6 | c40f 0f84 | 1900 0000 | 4883 ec08 | 48b8 90d1 | b9c9 fd7f | 0000 ffd0 | 4883 c408 
  0x0000013e459c9940: e90c 0000 | 0048 b890 | d1b9 c9fd | 7f00 00ff | d048 83c4 | 2049 c787 | a003 0000 | 0000 0000 
  0x0000013e459c9960: 49c7 87b0 | 0300 0000 | 0000 0049 | c787 a803 | 0000 0000 | 0000 c5f8 | 7749 837f | 0800 0f84 
  0x0000013e459c9980: 0500 0000 | e977 75fe | ff4c 8b6d | c04c 8b75 | c84e 8d74 | f500 c348 | 8b4d d041 | 0fb7 5501 
  0x0000013e459c99a0: 488b 4930 | 6bd2 1848 | 8d4c 1108 | 488b 1948 | 8b5b 0848 | 8b5b 0848 | 8b5b 1880 | bb20 0100 
  0x0000013e459c99c0: 0005 0f84 | 0d00 0000 | 4c3b bb30 | 0100 000f | 851a ffff | ff0f b651 | 1548 8b19 | 4c89 6dc0 
  0x0000013e459c99e0: 448b ea0f | b651 1449 | ba40 c843 | cafd 7f00 | 0049 8b14 | d252 418b | d54c 8b6d | c048 8b45 
  0x0000013e459c9a00: d848 85c0 | 0f84 1200 | 0000 4883 | 4008 0148 | 8358 0800 | 4883 c010 | 4889 45d8 | 488b 45d8 
  0x0000013e459c9a20: 4885 c00f | 843d 0100 | 0080 78f0 | 0a0f 8533 | 0100 0048 | 83c0 084c | 8b68 f841 | 83ed 0041 
  0x0000013e459c9a40: 83fd 020f | 8c12 0100 | 004c 8b6b | 0845 0fb7 | 6d2e 4c2b | 2841 83ed | 014e 8b6c | ec08 4d85 
  0x0000013e459c9a60: ed75 0ef6 | 4008 0175 | 58f0 4883 | 4808 01eb | 5045 8b6d | 0849 ba00 | 0000 533e | 0100 004d 
  0x0000013e459c9a80: 03ea 4d8b | d54c 3368 | 0849 f7c5 | fcff ffff | 742f 41f6 | c502 7529 | 4883 7808 | 0074 1e48 
  0x0000013e459c9aa0: 8378 0801 | 7417 4d8b | ea4c 3368 | 0849 f7c5 | fcff ffff | 740b 4883 | 4808 02eb | 044c 8968 
  0x0000013e459c9ac0: 0848 83c0 | 104c 8b68 | e841 83ed | 0241 83fd | 020f 8c84 | 0000 004c | 8b6b 0845 | 0fb7 6d2e 
  0x0000013e459c9ae0: 4c2b 2841 | 83ed 014e | 8b6c ec08 | 4d85 ed75 | 0ef6 4008 | 0175 58f0 | 4883 4808 | 01eb 5045 
  0x0000013e459c9b00: 8b6d 0849 | ba00 0000 | 533e 0100 | 004d 03ea | 4d8b d54c | 3368 0849 | f7c5 fcff | ffff 742f 
  0x0000013e459c9b20: 41f6 c502 | 7529 4883 | 7808 0074 | 1e48 8378 | 0801 7417 | 4d8b ea4c | 3368 0849 | f7c5 fcff 
  0x0000013e459c9b40: ffff 740b | 4883 4808 | 02eb 044c | 8968 0848 | 83c0 104c | 8b68 d841 | 83ed 0441 | c1e5 0349 
  0x0000013e459c9b60: 03c5 4889 | 45d8 4c8d | 6c24 0849 | 8bcd 482b | cd48 c1f9 | 0348 894d | f0ff 6350 | 0f1f 4000 
[/MachCode]

---------------  P R O C E S S  ---------------

Threads class SMR info:
_java_thread_list=0x0000013e980c0600, length=14, elements={
0x0000013e3482fc80, 0x0000013e52486eb0, 0x0000013e5248c390, 0x0000013e52491680,
0x0000013e52494450, 0x0000013e52495800, 0x0000013e52496bb0, 0x0000013e524a4660,
0x0000013e524a74d0, 0x0000013e5271a900, 0x0000013e52720f90, 0x0000013e98014b70,
0x0000013e52a17f20, 0x0000013e98067f80
}

Java Threads: ( => current thread )
  0x0000013e3482fc80 JavaThread "main"                              [_thread_blocked, id=4484, stack(0x0000003b26900000,0x0000003b26a00000) (1024K)]
  0x0000013e52486eb0 JavaThread "Reference Handler"          daemon [_thread_blocked, id=984, stack(0x0000003b27100000,0x0000003b27200000) (1024K)]
  0x0000013e5248c390 JavaThread "Finalizer"                  daemon [_thread_blocked, id=11000, stack(0x0000003b27200000,0x0000003b27300000) (1024K)]
  0x0000013e52491680 JavaThread "Signal Dispatcher"          daemon [_thread_blocked, id=6272, stack(0x0000003b27300000,0x0000003b27400000) (1024K)]
  0x0000013e52494450 JavaThread "Attach Listener"            daemon [_thread_blocked, id=6556, stack(0x0000003b27400000,0x0000003b27500000) (1024K)]
  0x0000013e52495800 JavaThread "Service Thread"             daemon [_thread_blocked, id=9608, stack(0x0000003b27500000,0x0000003b27600000) (1024K)]
  0x0000013e52496bb0 JavaThread "Monitor Deflation Thread"   daemon [_thread_blocked, id=10632, stack(0x0000003b27600000,0x0000003b27700000) (1024K)]
  0x0000013e524a4660 JavaThread "C2 CompilerThread0"         daemon [_thread_blocked, id=5804, stack(0x0000003b27700000,0x0000003b27800000) (1024K)]
  0x0000013e524a74d0 JavaThread "C1 CompilerThread0"         daemon [_thread_blocked, id=10348, stack(0x0000003b27800000,0x0000003b27900000) (1024K)]
  0x0000013e5271a900 JavaThread "Notification Thread"        daemon [_thread_blocked, id=8012, stack(0x0000003b27900000,0x0000003b27a00000) (1024K)]
  0x0000013e52720f90 JavaThread "Common-Cleaner"             daemon [_thread_blocked, id=6048, stack(0x0000003b27a00000,0x0000003b27b00000) (1024K)]
  0x0000013e98014b70 JavaThread "Java2D Disposer"            daemon [_thread_blocked, id=10472, stack(0x0000003b27b00000,0x0000003b27c00000) (1024K)]
=>0x0000013e52a17f20 JavaThread "AWT-Windows"                daemon [_thread_in_vm, id=9548, stack(0x0000003b27d00000,0x0000003b27e00000) (1024K)]
  0x0000013e98067f80 JavaThread "Thread-1"                          [_thread_in_native, id=6020, stack(0x0000003b27e00000,0x0000003b27f00000) (1024K)]
Total: 14

Other Threads:
  0x0000013e5246c1f0 VMThread "VM Thread"                           [id=4252, stack(0x0000003b27000000,0x0000003b27100000) (1024K)]
  0x0000013e524527b0 WatcherThread "VM Periodic Task Thread"        [id=7712, stack(0x0000003b26f00000,0x0000003b27000000) (1024K)]
  0x0000013e34992480 WorkerThread "GC Thread#0"                     [id=3332, stack(0x0000003b26a00000,0x0000003b26b00000) (1024K)]
  0x0000013e3481a840 WorkerThread "GC Thread#1"                     [id=8144, stack(0x0000003b27c00000,0x0000003b27d00000) (1024K)]
  0x0000013e349a3470 ConcurrentGCThread "G1 Main Marker"            [id=6924, stack(0x0000003b26b00000,0x0000003b26c00000) (1024K)]
  0x0000013e349a4130 WorkerThread "G1 Conc#0"                       [id=1124, stack(0x0000003b26c00000,0x0000003b26d00000) (1024K)]
  0x0000013e523130c0 ConcurrentGCThread "G1 Refine#0"               [id=1620, stack(0x0000003b26d00000,0x0000003b26e00000) (1024K)]
  0x0000013e34963bb0 ConcurrentGCThread "G1 Service"                [id=10612, stack(0x0000003b26e00000,0x0000003b26f00000) (1024K)]
Total: 8

Threads with active compile tasks:
Total: 0

VM state: not at safepoint (normal execution)

VM Mutex/Monitor currently owned by a thread:  ([mutex/lock_event])
[0x00007ffdca42ab00] Metaspace_lock - owner thread: 0x0000013e52a17f20

OutOfMemory and StackOverflow Exception counts:
OutOfMemoryError java_heap_errors=2
LinkageErrors=7

Heap address: 0x0000000080000000, size: 2048 MB, Compressed Oops mode: 32-bit

CDS archive(s) mapped at: [0x0000013e53000000-0x0000013e53c60000-0x0000013e53c60000), size 12976128, SharedBaseAddress: 0x0000013e53000000, ArchiveRelocationMode: 1.
Compressed class space mapped at: 0x0000013e54000000-0x0000013e94000000, reserved size: 1073741824
Narrow klass base: 0x0000013e53000000, Narrow klass shift: 0, Narrow klass range: 0x41000000

GC Precious Log:
 CardTable entry size: 512
 Card Set container configuration: InlinePtr #cards 5 size 8 Array Of Cards #cards 12 size 40 Howl #buckets 4 coarsen threshold 1843 Howl Bitmap #cards 512 size 80 coarsen threshold 460 Card regions per heap region 1 cards per card region 2048
 CPUs: 2 total, 2 available
 Memory: 8191M
 Large Page Support: Disabled
 NUMA Support: Disabled
 Compressed Oops: Enabled (32-bit)
 Heap Region Size: 1M
 Heap Min Capacity: 8M
 Heap Initial Capacity: 128M
 Heap Max Capacity: 2G
 Pre-touch: Disabled
 Parallel Workers: 2
 Concurrent Workers: 1
 Concurrent Refinement Workers: 2
 Periodic GC: Disabled

Heap:
 garbage-first heap   total reserved 2097152K, committed 131072K, used 15768K [0x0000000080000000, 0x0000000100000000)
  region size 1024K, 15 young (15360K), 1 survivors (1024K)
 Metaspace       used 4120K, committed 4288K, reserved 1114112K
  class space    used 360K, committed 448K, reserved 1048576K

Heap Regions: E=young(eden), S=young(survivor), O=old, HS=humongous(starts), HC=humongous(continues), CS=collection set, F=free, TAMS=top-at-mark-start, PB=parsable bottom
|   0|0x0000000080000000, 0x0000000080100000, 0x0000000080100000|100%| O|  |TAMS 0x0000000080000000| PB 0x0000000080000000| Untracked |  0
|   1|0x0000000080100000, 0x0000000080200000, 0x0000000080200000|100%| O|  |TAMS 0x0000000080100000| PB 0x0000000080100000| Untracked |  0
|   2|0x0000000080200000, 0x00000000802514b8, 0x0000000080300000| 31%| O|  |TAMS 0x0000000080200000| PB 0x0000000080200000| Untracked |  0
|   3|0x0000000080300000, 0x0000000080300000, 0x0000000080400000|  0%| F|  |TAMS 0x0000000080300000| PB 0x0000000080300000| Untracked |  0
|   4|0x0000000080400000, 0x0000000080400000, 0x0000000080500000|  0%| F|  |TAMS 0x0000000080400000| PB 0x0000000080400000| Untracked |  0
|   5|0x0000000080500000, 0x0000000080500000, 0x0000000080600000|  0%| F|  |TAMS 0x0000000080500000| PB 0x0000000080500000| Untracked |  0
|   6|0x0000000080600000, 0x0000000080600000, 0x0000000080700000|  0%| F|  |TAMS 0x0000000080600000| PB 0x0000000080600000| Untracked |  0
|   7|0x0000000080700000, 0x0000000080700000, 0x0000000080800000|  0%| F|  |TAMS 0x0000000080700000| PB 0x0000000080700000| Untracked |  0
|   8|0x0000000080800000, 0x0000000080800000, 0x0000000080900000|  0%| F|  |TAMS 0x0000000080800000| PB 0x0000000080800000| Untracked |  0
|   9|0x0000000080900000, 0x0000000080900000, 0x0000000080a00000|  0%| F|  |TAMS 0x0000000080900000| PB 0x0000000080900000| Untracked |  0
|  10|0x0000000080a00000, 0x0000000080a00000, 0x0000000080b00000|  0%| F|  |TAMS 0x0000000080a00000| PB 0x0000000080a00000| Untracked |  0
|  11|0x0000000080b00000, 0x0000000080b00000, 0x0000000080c00000|  0%| F|  |TAMS 0x0000000080b00000| PB 0x0000000080b00000| Untracked |  0
|  12|0x0000000080c00000, 0x0000000080c00000, 0x0000000080d00000|  0%| F|  |TAMS 0x0000000080c00000| PB 0x0000000080c00000| Untracked |  0
|  13|0x0000000080d00000, 0x0000000080d00000, 0x0000000080e00000|  0%| F|  |TAMS 0x0000000080d00000| PB 0x0000000080d00000| Untracked |  0
|  14|0x0000000080e00000, 0x0000000080e00000, 0x0000000080f00000|  0%| F|  |TAMS 0x0000000080e00000| PB 0x0000000080e00000| Untracked |  0
|  15|0x0000000080f00000, 0x0000000080f00000, 0x0000000081000000|  0%| F|  |TAMS 0x0000000080f00000| PB 0x0000000080f00000| Untracked |  0
|  16|0x0000000081000000, 0x0000000081000000, 0x0000000081100000|  0%| F|  |TAMS 0x0000000081000000| PB 0x0000000081000000| Untracked |  0
|  17|0x0000000081100000, 0x0000000081100000, 0x0000000081200000|  0%| F|  |TAMS 0x0000000081100000| PB 0x0000000081100000| Untracked |  0
|  18|0x0000000081200000, 0x0000000081200000, 0x0000000081300000|  0%| F|  |TAMS 0x0000000081200000| PB 0x0000000081200000| Untracked |  0
|  19|0x0000000081300000, 0x0000000081300000, 0x0000000081400000|  0%| F|  |TAMS 0x0000000081300000| PB 0x0000000081300000| Untracked |  0
|  20|0x0000000081400000, 0x0000000081400000, 0x0000000081500000|  0%| F|  |TAMS 0x0000000081400000| PB 0x0000000081400000| Untracked |  0
|  21|0x0000000081500000, 0x0000000081500000, 0x0000000081600000|  0%| F|  |TAMS 0x0000000081500000| PB 0x0000000081500000| Untracked |  0
|  22|0x0000000081600000, 0x0000000081600000, 0x0000000081700000|  0%| F|  |TAMS 0x0000000081600000| PB 0x0000000081600000| Untracked |  0
|  23|0x0000000081700000, 0x0000000081700000, 0x0000000081800000|  0%| F|  |TAMS 0x0000000081700000| PB 0x0000000081700000| Untracked |  0
|  24|0x0000000081800000, 0x0000000081800000, 0x0000000081900000|  0%| F|  |TAMS 0x0000000081800000| PB 0x0000000081800000| Untracked |  0
|  25|0x0000000081900000, 0x0000000081900000, 0x0000000081a00000|  0%| F|  |TAMS 0x0000000081900000| PB 0x0000000081900000| Untracked |  0
|  26|0x0000000081a00000, 0x0000000081a00000, 0x0000000081b00000|  0%| F|  |TAMS 0x0000000081a00000| PB 0x0000000081a00000| Untracked |  0
|  27|0x0000000081b00000, 0x0000000081b00000, 0x0000000081c00000|  0%| F|  |TAMS 0x0000000081b00000| PB 0x0000000081b00000| Untracked |  0
|  28|0x0000000081c00000, 0x0000000081c00000, 0x0000000081d00000|  0%| F|  |TAMS 0x0000000081c00000| PB 0x0000000081c00000| Untracked |  0
|  29|0x0000000081d00000, 0x0000000081d00000, 0x0000000081e00000|  0%| F|  |TAMS 0x0000000081d00000| PB 0x0000000081d00000| Untracked |  0
|  30|0x0000000081e00000, 0x0000000081e00000, 0x0000000081f00000|  0%| F|  |TAMS 0x0000000081e00000| PB 0x0000000081e00000| Untracked |  0
|  31|0x0000000081f00000, 0x0000000081f00000, 0x0000000082000000|  0%| F|  |TAMS 0x0000000081f00000| PB 0x0000000081f00000| Untracked |  0
|  32|0x0000000082000000, 0x0000000082000000, 0x0000000082100000|  0%| F|  |TAMS 0x0000000082000000| PB 0x0000000082000000| Untracked |  0
|  33|0x0000000082100000, 0x0000000082100000, 0x0000000082200000|  0%| F|  |TAMS 0x0000000082100000| PB 0x0000000082100000| Untracked |  0
|  34|0x0000000082200000, 0x0000000082200000, 0x0000000082300000|  0%| F|  |TAMS 0x0000000082200000| PB 0x0000000082200000| Untracked |  0
|  35|0x0000000082300000, 0x0000000082300000, 0x0000000082400000|  0%| F|  |TAMS 0x0000000082300000| PB 0x0000000082300000| Untracked |  0
|  36|0x0000000082400000, 0x0000000082400000, 0x0000000082500000|  0%| F|  |TAMS 0x0000000082400000| PB 0x0000000082400000| Untracked |  0
|  37|0x0000000082500000, 0x0000000082500000, 0x0000000082600000|  0%| F|  |TAMS 0x0000000082500000| PB 0x0000000082500000| Untracked |  0
|  38|0x0000000082600000, 0x0000000082600000, 0x0000000082700000|  0%| F|  |TAMS 0x0000000082600000| PB 0x0000000082600000| Untracked |  0
|  39|0x0000000082700000, 0x0000000082700000, 0x0000000082800000|  0%| F|  |TAMS 0x0000000082700000| PB 0x0000000082700000| Untracked |  0
|  40|0x0000000082800000, 0x0000000082800000, 0x0000000082900000|  0%| F|  |TAMS 0x0000000082800000| PB 0x0000000082800000| Untracked |  0
|  41|0x0000000082900000, 0x0000000082900000, 0x0000000082a00000|  0%| F|  |TAMS 0x0000000082900000| PB 0x0000000082900000| Untracked |  0
|  42|0x0000000082a00000, 0x0000000082a00000, 0x0000000082b00000|  0%| F|  |TAMS 0x0000000082a00000| PB 0x0000000082a00000| Untracked |  0
|  43|0x0000000082b00000, 0x0000000082b00000, 0x0000000082c00000|  0%| F|  |TAMS 0x0000000082b00000| PB 0x0000000082b00000| Untracked |  0
|  44|0x0000000082c00000, 0x0000000082c00000, 0x0000000082d00000|  0%| F|  |TAMS 0x0000000082c00000| PB 0x0000000082c00000| Untracked |  0
|  45|0x0000000082d00000, 0x0000000082d00000, 0x0000000082e00000|  0%| F|  |TAMS 0x0000000082d00000| PB 0x0000000082d00000| Untracked |  0
|  46|0x0000000082e00000, 0x0000000082e00000, 0x0000000082f00000|  0%| F|  |TAMS 0x0000000082e00000| PB 0x0000000082e00000| Untracked |  0
|  47|0x0000000082f00000, 0x0000000082f00000, 0x0000000083000000|  0%| F|  |TAMS 0x0000000082f00000| PB 0x0000000082f00000| Untracked |  0
|  48|0x0000000083000000, 0x0000000083000000, 0x0000000083100000|  0%| F|  |TAMS 0x0000000083000000| PB 0x0000000083000000| Untracked |  0
|  49|0x0000000083100000, 0x0000000083100000, 0x0000000083200000|  0%| F|  |TAMS 0x0000000083100000| PB 0x0000000083100000| Untracked |  0
|  50|0x0000000083200000, 0x0000000083200000, 0x0000000083300000|  0%| F|  |TAMS 0x0000000083200000| PB 0x0000000083200000| Untracked |  0
|  51|0x0000000083300000, 0x0000000083314e00, 0x0000000083400000|  8%| S|CS|TAMS 0x0000000083300000| PB 0x0000000083300000| Complete |  0
|  52|0x0000000083400000, 0x0000000083400000, 0x0000000083500000|  0%| F|  |TAMS 0x0000000083400000| PB 0x0000000083400000| Untracked |  0
|  53|0x0000000083500000, 0x0000000083500000, 0x0000000083600000|  0%| F|  |TAMS 0x0000000083500000| PB 0x0000000083500000| Untracked |  0
|  54|0x0000000083600000, 0x0000000083600000, 0x0000000083700000|  0%| F|  |TAMS 0x0000000083600000| PB 0x0000000083600000| Untracked |  0
|  55|0x0000000083700000, 0x0000000083700000, 0x0000000083800000|  0%| F|  |TAMS 0x0000000083700000| PB 0x0000000083700000| Untracked |  0
|  56|0x0000000083800000, 0x0000000083800000, 0x0000000083900000|  0%| F|  |TAMS 0x0000000083800000| PB 0x0000000083800000| Untracked |  0
|  57|0x0000000083900000, 0x0000000083900000, 0x0000000083a00000|  0%| F|  |TAMS 0x0000000083900000| PB 0x0000000083900000| Untracked |  0
|  58|0x0000000083a00000, 0x0000000083a00000, 0x0000000083b00000|  0%| F|  |TAMS 0x0000000083a00000| PB 0x0000000083a00000| Untracked |  0
|  59|0x0000000083b00000, 0x0000000083b00000, 0x0000000083c00000|  0%| F|  |TAMS 0x0000000083b00000| PB 0x0000000083b00000| Untracked |  0
|  60|0x0000000083c00000, 0x0000000083c00000, 0x0000000083d00000|  0%| F|  |TAMS 0x0000000083c00000| PB 0x0000000083c00000| Untracked |  0
|  61|0x0000000083d00000, 0x0000000083d00000, 0x0000000083e00000|  0%| F|  |TAMS 0x0000000083d00000| PB 0x0000000083d00000| Untracked |  0
|  62|0x0000000083e00000, 0x0000000083e00000, 0x0000000083f00000|  0%| F|  |TAMS 0x0000000083e00000| PB 0x0000000083e00000| Untracked |  0
|  63|0x0000000083f00000, 0x0000000083f00000, 0x0000000084000000|  0%| F|  |TAMS 0x0000000083f00000| PB 0x0000000083f00000| Untracked |  0
|  64|0x0000000084000000, 0x0000000084000000, 0x0000000084100000|  0%| F|  |TAMS 0x0000000084000000| PB 0x0000000084000000| Untracked |  0
|  65|0x0000000084100000, 0x0000000084100000, 0x0000000084200000|  0%| F|  |TAMS 0x0000000084100000| PB 0x0000000084100000| Untracked |  0
|  66|0x0000000084200000, 0x0000000084200000, 0x0000000084300000|  0%| F|  |TAMS 0x0000000084200000| PB 0x0000000084200000| Untracked |  0
|  67|0x0000000084300000, 0x0000000084300000, 0x0000000084400000|  0%| F|  |TAMS 0x0000000084300000| PB 0x0000000084300000| Untracked |  0
|  68|0x0000000084400000, 0x0000000084400000, 0x0000000084500000|  0%| F|  |TAMS 0x0000000084400000| PB 0x0000000084400000| Untracked |  0
|  69|0x0000000084500000, 0x0000000084500000, 0x0000000084600000|  0%| F|  |TAMS 0x0000000084500000| PB 0x0000000084500000| Untracked |  0
|  70|0x0000000084600000, 0x0000000084600000, 0x0000000084700000|  0%| F|  |TAMS 0x0000000084600000| PB 0x0000000084600000| Untracked |  0
|  71|0x0000000084700000, 0x0000000084700000, 0x0000000084800000|  0%| F|  |TAMS 0x0000000084700000| PB 0x0000000084700000| Untracked |  0
|  72|0x0000000084800000, 0x0000000084800000, 0x0000000084900000|  0%| F|  |TAMS 0x0000000084800000| PB 0x0000000084800000| Untracked |  0
|  73|0x0000000084900000, 0x0000000084900000, 0x0000000084a00000|  0%| F|  |TAMS 0x0000000084900000| PB 0x0000000084900000| Untracked |  0
|  74|0x0000000084a00000, 0x0000000084a00000, 0x0000000084b00000|  0%| F|  |TAMS 0x0000000084a00000| PB 0x0000000084a00000| Untracked |  0
|  75|0x0000000084b00000, 0x0000000084b00000, 0x0000000084c00000|  0%| F|  |TAMS 0x0000000084b00000| PB 0x0000000084b00000| Untracked |  0
|  76|0x0000000084c00000, 0x0000000084c00000, 0x0000000084d00000|  0%| F|  |TAMS 0x0000000084c00000| PB 0x0000000084c00000| Untracked |  0
|  77|0x0000000084d00000, 0x0000000084d00000, 0x0000000084e00000|  0%| F|  |TAMS 0x0000000084d00000| PB 0x0000000084d00000| Untracked |  0
|  78|0x0000000084e00000, 0x0000000084e00000, 0x0000000084f00000|  0%| F|  |TAMS 0x0000000084e00000| PB 0x0000000084e00000| Untracked |  0
|  79|0x0000000084f00000, 0x0000000084f00000, 0x0000000085000000|  0%| F|  |TAMS 0x0000000084f00000| PB 0x0000000084f00000| Untracked |  0
|  80|0x0000000085000000, 0x0000000085000000, 0x0000000085100000|  0%| F|  |TAMS 0x0000000085000000| PB 0x0000000085000000| Untracked |  0
|  81|0x0000000085100000, 0x0000000085100000, 0x0000000085200000|  0%| F|  |TAMS 0x0000000085100000| PB 0x0000000085100000| Untracked |  0
|  82|0x0000000085200000, 0x0000000085200000, 0x0000000085300000|  0%| F|  |TAMS 0x0000000085200000| PB 0x0000000085200000| Untracked |  0
|  83|0x0000000085300000, 0x0000000085300000, 0x0000000085400000|  0%| F|  |TAMS 0x0000000085300000| PB 0x0000000085300000| Untracked |  0
|  84|0x0000000085400000, 0x0000000085400000, 0x0000000085500000|  0%| F|  |TAMS 0x0000000085400000| PB 0x0000000085400000| Untracked |  0
|  85|0x0000000085500000, 0x0000000085500000, 0x0000000085600000|  0%| F|  |TAMS 0x0000000085500000| PB 0x0000000085500000| Untracked |  0
|  86|0x0000000085600000, 0x0000000085600000, 0x0000000085700000|  0%| F|  |TAMS 0x0000000085600000| PB 0x0000000085600000| Untracked |  0
|  87|0x0000000085700000, 0x0000000085700000, 0x0000000085800000|  0%| F|  |TAMS 0x0000000085700000| PB 0x0000000085700000| Untracked |  0
|  88|0x0000000085800000, 0x0000000085800000, 0x0000000085900000|  0%| F|  |TAMS 0x0000000085800000| PB 0x0000000085800000| Untracked |  0
|  89|0x0000000085900000, 0x0000000085900000, 0x0000000085a00000|  0%| F|  |TAMS 0x0000000085900000| PB 0x0000000085900000| Untracked |  0
|  90|0x0000000085a00000, 0x0000000085a00000, 0x0000000085b00000|  0%| F|  |TAMS 0x0000000085a00000| PB 0x0000000085a00000| Untracked |  0
|  91|0x0000000085b00000, 0x0000000085b00000, 0x0000000085c00000|  0%| F|  |TAMS 0x0000000085b00000| PB 0x0000000085b00000| Untracked |  0
|  92|0x0000000085c00000, 0x0000000085c00000, 0x0000000085d00000|  0%| F|  |TAMS 0x0000000085c00000| PB 0x0000000085c00000| Untracked |  0
|  93|0x0000000085d00000, 0x0000000085d00000, 0x0000000085e00000|  0%| F|  |TAMS 0x0000000085d00000| PB 0x0000000085d00000| Untracked |  0
|  94|0x0000000085e00000, 0x0000000085e00000, 0x0000000085f00000|  0%| F|  |TAMS 0x0000000085e00000| PB 0x0000000085e00000| Untracked |  0
|  95|0x0000000085f00000, 0x0000000085f00000, 0x0000000086000000|  0%| F|  |TAMS 0x0000000085f00000| PB 0x0000000085f00000| Untracked |  0
|  96|0x0000000086000000, 0x0000000086000000, 0x0000000086100000|  0%| F|  |TAMS 0x0000000086000000| PB 0x0000000086000000| Untracked |  0
|  97|0x0000000086100000, 0x0000000086100000, 0x0000000086200000|  0%| F|  |TAMS 0x0000000086100000| PB 0x0000000086100000| Untracked |  0
|  98|0x0000000086200000, 0x0000000086200000, 0x0000000086300000|  0%| F|  |TAMS 0x0000000086200000| PB 0x0000000086200000| Untracked |  0
|  99|0x0000000086300000, 0x0000000086300000, 0x0000000086400000|  0%| F|  |TAMS 0x0000000086300000| PB 0x0000000086300000| Untracked |  0
| 100|0x0000000086400000, 0x0000000086400000, 0x0000000086500000|  0%| F|  |TAMS 0x0000000086400000| PB 0x0000000086400000| Untracked |  0
| 101|0x0000000086500000, 0x0000000086500000, 0x0000000086600000|  0%| F|  |TAMS 0x0000000086500000| PB 0x0000000086500000| Untracked |  0
| 102|0x0000000086600000, 0x0000000086600000, 0x0000000086700000|  0%| F|  |TAMS 0x0000000086600000| PB 0x0000000086600000| Untracked |  0
| 103|0x0000000086700000, 0x0000000086700000, 0x0000000086800000|  0%| F|  |TAMS 0x0000000086700000| PB 0x0000000086700000| Untracked |  0
| 104|0x0000000086800000, 0x0000000086800000, 0x0000000086900000|  0%| F|  |TAMS 0x0000000086800000| PB 0x0000000086800000| Untracked |  0
| 105|0x0000000086900000, 0x0000000086900000, 0x0000000086a00000|  0%| F|  |TAMS 0x0000000086900000| PB 0x0000000086900000| Untracked |  0
| 106|0x0000000086a00000, 0x0000000086a00000, 0x0000000086b00000|  0%| F|  |TAMS 0x0000000086a00000| PB 0x0000000086a00000| Untracked |  0
| 107|0x0000000086b00000, 0x0000000086b00000, 0x0000000086c00000|  0%| F|  |TAMS 0x0000000086b00000| PB 0x0000000086b00000| Untracked |  0
| 108|0x0000000086c00000, 0x0000000086c00000, 0x0000000086d00000|  0%| F|  |TAMS 0x0000000086c00000| PB 0x0000000086c00000| Untracked |  0
| 109|0x0000000086d00000, 0x0000000086d00000, 0x0000000086e00000|  0%| F|  |TAMS 0x0000000086d00000| PB 0x0000000086d00000| Untracked |  0
| 110|0x0000000086e00000, 0x0000000086e00000, 0x0000000086f00000|  0%| F|  |TAMS 0x0000000086e00000| PB 0x0000000086e00000| Untracked |  0
| 111|0x0000000086f00000, 0x0000000086f00000, 0x0000000087000000|  0%| F|  |TAMS 0x0000000086f00000| PB 0x0000000086f00000| Untracked |  0
| 112|0x0000000087000000, 0x0000000087000000, 0x0000000087100000|  0%| F|  |TAMS 0x0000000087000000| PB 0x0000000087000000| Untracked |  0
| 113|0x0000000087100000, 0x0000000087100000, 0x0000000087200000|  0%| F|  |TAMS 0x0000000087100000| PB 0x0000000087100000| Untracked |  0
| 114|0x0000000087200000, 0x00000000872999b0, 0x0000000087300000| 60%| E|  |TAMS 0x0000000087200000| PB 0x0000000087200000| Complete |  0
| 115|0x0000000087300000, 0x0000000087400000, 0x0000000087400000|100%| E|CS|TAMS 0x0000000087300000| PB 0x0000000087300000| Complete |  0
| 116|0x0000000087400000, 0x0000000087500000, 0x0000000087500000|100%| E|CS|TAMS 0x0000000087400000| PB 0x0000000087400000| Complete |  0
| 117|0x0000000087500000, 0x0000000087600000, 0x0000000087600000|100%| E|CS|TAMS 0x0000000087500000| PB 0x0000000087500000| Complete |  0
| 118|0x0000000087600000, 0x0000000087700000, 0x0000000087700000|100%| E|CS|TAMS 0x0000000087600000| PB 0x0000000087600000| Complete |  0
| 119|0x0000000087700000, 0x0000000087800000, 0x0000000087800000|100%| E|CS|TAMS 0x0000000087700000| PB 0x0000000087700000| Complete |  0
| 120|0x0000000087800000, 0x0000000087900000, 0x0000000087900000|100%| E|CS|TAMS 0x0000000087800000| PB 0x0000000087800000| Complete |  0
| 121|0x0000000087900000, 0x0000000087a00000, 0x0000000087a00000|100%| E|CS|TAMS 0x0000000087900000| PB 0x0000000087900000| Complete |  0
| 122|0x0000000087a00000, 0x0000000087b00000, 0x0000000087b00000|100%| E|CS|TAMS 0x0000000087a00000| PB 0x0000000087a00000| Complete |  0
| 123|0x0000000087b00000, 0x0000000087c00000, 0x0000000087c00000|100%| E|CS|TAMS 0x0000000087b00000| PB 0x0000000087b00000| Complete |  0
| 124|0x0000000087c00000, 0x0000000087d00000, 0x0000000087d00000|100%| E|CS|TAMS 0x0000000087c00000| PB 0x0000000087c00000| Complete |  0
| 125|0x0000000087d00000, 0x0000000087e00000, 0x0000000087e00000|100%| E|CS|TAMS 0x0000000087d00000| PB 0x0000000087d00000| Complete |  0
| 126|0x0000000087e00000, 0x0000000087f00000, 0x0000000087f00000|100%| E|CS|TAMS 0x0000000087e00000| PB 0x0000000087e00000| Complete |  0
| 127|0x0000000087f00000, 0x0000000088000000, 0x0000000088000000|100%| E|CS|TAMS 0x0000000087f00000| PB 0x0000000087f00000| Complete |  0

Card table byte_map: [0x0000013e4dc80000,0x0000013e4e080000] _byte_map_base: 0x0000013e4d880000

Marking Bits: (CMBitMap*) 0x0000013e34992b90
 Bits: [0x0000013e4e080000, 0x0000013e50080000)

Polling page: 0x0000013e347f0000

Metaspace:

Usage:
  Non-class:      3.67 MB used.
      Class:    360.17 KB used.
       Both:      4.02 MB used.

Virtual space:
  Non-class space:       64.00 MB reserved,       3.75 MB (  6%) committed,  1 nodes.
      Class space:        1.00 GB reserved,     448.00 KB ( <1%) committed,  1 nodes.
             Both:        1.06 GB reserved,       4.19 MB ( <1%) committed. 

Chunk freelists:
   Non-Class:  11.75 MB
       Class:  15.55 MB
        Both:  27.30 MB

MaxMetaspaceSize: unlimited
CompressedClassSpaceSize: 1.00 GB
Initial GC threshold: 21.00 MB
Current GC threshold: 21.00 MB
CDS: on
 - commit_granule_bytes: 65536.
 - commit_granule_words: 8192.
 - virtual_space_node_default_size: 8388608.
 - enlarge_chunks_in_place: 1.
 - use_allocation_guard: 0.


Internal statistics:

num_allocs_failed_limit: 0.
num_arena_births: 120.
num_arena_deaths: 0.
num_vsnodes_births: 2.
num_vsnodes_deaths: 0.
num_space_committed: 67.
num_space_uncommitted: 0.
num_chunks_returned_to_freelist: 0.
num_chunks_taken_from_freelist: 149.
num_chunk_merges: 0.
num_chunk_splits: 95.
num_chunks_enlarged: 48.
num_inconsistent_stats: 0.

CodeHeap 'non-profiled nmethods': size=120064Kb used=330Kb max_used=330Kb free=119733Kb
 bounds [0x0000013e45f40000, 0x0000013e461b0000, 0x0000013e4d480000]
CodeHeap 'profiled nmethods': size=120000Kb used=2365Kb max_used=2365Kb free=117634Kb
 bounds [0x0000013e3e480000, 0x0000013e3e6f0000, 0x0000013e459b0000]
CodeHeap 'non-nmethods': size=5696Kb used=1425Kb max_used=1449Kb free=4270Kb
 bounds [0x0000013e459b0000, 0x0000013e45c20000, 0x0000013e45f40000]
 total_blobs=1737 nmethods=1220 adapters=422
 compilation: enabled
              stopped_count=0, restarted_count=0
 full_count=0

Compilation events (20 events):
Event: 29074.726 Thread 0x0000013e524a74d0 1211       3       Connect::lauchMobile (131 bytes)
Event: 29074.739 Thread 0x0000013e524a74d0 nmethod 1211 0x0000013e3e6b8290 code [0x0000013e3e6b9620, 0x0000013e3e6c47e8]
Event: 29314.723 Thread 0x0000013e524a74d0 1212   !   3       jdk.internal.logger.LazyLoggers$LazyLoggerAccessor::wrapped (41 bytes)
Event: 29314.725 Thread 0x0000013e524a74d0 nmethod 1212 0x0000013e3e6c9b10 code [0x0000013e3e6c9ce0, 0x0000013e3e6ca068]
Event: 29314.725 Thread 0x0000013e524a74d0 1213       3       jdk.internal.logger.SimpleConsoleLogger::isLoggable (9 bytes)
Event: 29314.726 Thread 0x0000013e524a74d0 nmethod 1213 0x0000013e3e6ca190 code [0x0000013e3e6ca360, 0x0000013e3e6ca738]
Event: 29368.274 Thread 0x0000013e524a74d0 1214       3       java.nio.charset.CoderResult::isError (14 bytes)
Event: 29368.274 Thread 0x0000013e524a74d0 nmethod 1214 0x0000013e3e6ca890 code [0x0000013e3e6caa20, 0x0000013e3e6cab80]
Event: 29416.286 Thread 0x0000013e524a74d0 1215       3       java.awt.EventQueue$4::run (60 bytes)
Event: 29416.286 Thread 0x0000013e524a74d0 nmethod 1215 0x0000013e3e6cac10 code [0x0000013e3e6cae00, 0x0000013e3e6cb0e8]
Event: 29416.286 Thread 0x0000013e524a74d0 1216       3       java.awt.EventQueue::dispatchEventImpl (139 bytes)
Event: 29416.300 Thread 0x0000013e524a74d0 nmethod 1216 0x0000013e3e6cb290 code [0x0000013e3e6cb6a0, 0x0000013e3e6cd5e8]
Event: 29699.712 Thread 0x0000013e524a4660 1217  s    4       java.awt.Robot::keyPress (19 bytes)
Event: 29699.719 Thread 0x0000013e524a4660 nmethod 1217 0x0000013e45f91590 code [0x0000013e45f91760, 0x0000013e45f91c88]
Event: 29699.926 Thread 0x0000013e524a4660 1218  s    4       java.awt.Robot::keyRelease (19 bytes)
Event: 29699.929 Thread 0x0000013e524a4660 nmethod 1218 0x0000013e45f92090 code [0x0000013e45f92260, 0x0000013e45f92788]
Event: 29823.016 Thread 0x0000013e524a74d0 1219       3       java.util.AbstractMap::putAll (52 bytes)
Event: 29823.018 Thread 0x0000013e524a74d0 nmethod 1219 0x0000013e3e6cde90 code [0x0000013e3e6ce0c0, 0x0000013e3e6ce8e8]
Event: 29872.201 Thread 0x0000013e524a74d0 1220       3       java.util.concurrent.locks.AbstractQueuedSynchronizer::enqueue (72 bytes)
Event: 29872.202 Thread 0x0000013e524a74d0 nmethod 1220 0x0000013e3e6ceb10 code [0x0000013e3e6ced40, 0x0000013e3e6cf418]

GC Heap History (8 events):
Event: 435.525 GC heap before
{Heap before GC invocations=0 (full 0):
 garbage-first heap   total reserved 2097152K, committed 131072K, used 6144K [0x0000000080000000, 0x0000000100000000)
  region size 1024K, 7 young (7168K), 0 survivors (0K)
 Metaspace       used 3610K, committed 3840K, reserved 1114112K
  class space    used 345K, committed 448K, reserved 1048576K
}
Event: 435.535 GC heap after
{Heap after GC invocations=1 (full 0):
 garbage-first heap   total reserved 2097152K, committed 131072K, used 2368K [0x0000000080000000, 0x0000000100000000)
  region size 1024K, 1 young (1024K), 1 survivors (1024K)
 Metaspace       used 3610K, committed 3840K, reserved 1114112K
  class space    used 345K, committed 448K, reserved 1048576K
}
Event: 7231.467 GC heap before
{Heap before GC invocations=1 (full 0):
 garbage-first heap   total reserved 2097152K, committed 131072K, used 8512K [0x0000000080000000, 0x0000000100000000)
  region size 1024K, 7 young (7168K), 1 survivors (1024K)
 Metaspace       used 3780K, committed 3968K, reserved 1114112K
  class space    used 353K, committed 448K, reserved 1048576K
}
Event: 7231.499 GC heap after
{Heap after GC invocations=2 (full 0):
 garbage-first heap   total reserved 2097152K, committed 131072K, used 2534K [0x0000000080000000, 0x0000000100000000)
  region size 1024K, 1 young (1024K), 1 survivors (1024K)
 Metaspace       used 3780K, committed 3968K, reserved 1114112K
  class space    used 353K, committed 448K, reserved 1048576K
}
Event: 16018.084 GC heap before
{Heap before GC invocations=2 (full 0):
 garbage-first heap   total reserved 2097152K, committed 131072K, used 15846K [0x0000000080000000, 0x0000000100000000)
  region size 1024K, 14 young (14336K), 1 survivors (1024K)
 Metaspace       used 3962K, committed 4160K, reserved 1114112K
  class space    used 359K, committed 448K, reserved 1048576K
}
Event: 16018.088 GC heap after
{Heap after GC invocations=3 (full 0):
 garbage-first heap   total reserved 2097152K, committed 131072K, used 2443K [0x0000000080000000, 0x0000000100000000)
  region size 1024K, 1 young (1024K), 1 survivors (1024K)
 Metaspace       used 3962K, committed 4160K, reserved 1114112K
  class space    used 359K, committed 448K, reserved 1048576K
}
Event: 27834.377 GC heap before
{Heap before GC invocations=3 (full 0):
 garbage-first heap   total reserved 2097152K, committed 131072K, used 79243K [0x0000000080000000, 0x0000000100000000)
  region size 1024K, 76 young (77824K), 1 survivors (1024K)
 Metaspace       used 4099K, committed 4288K, reserved 1114112K
  class space    used 359K, committed 448K, reserved 1048576K
}
Event: 27834.382 GC heap after
{Heap after GC invocations=4 (full 0):
 garbage-first heap   total reserved 2097152K, committed 131072K, used 2456K [0x0000000080000000, 0x0000000100000000)
  region size 1024K, 1 young (1024K), 1 survivors (1024K)
 Metaspace       used 4099K, committed 4288K, reserved 1114112K
  class space    used 359K, committed 448K, reserved 1048576K
}

Dll operation events (8 events):
Event: 0.011 Loaded shared library C:\Program Files\Java\jdk-22\bin\java.dll
Event: 0.039 Loaded shared library C:\Program Files\Java\jdk-22\bin\jsvml.dll
Event: 0.089 Loaded shared library C:\Program Files\Java\jdk-22\bin\net.dll
Event: 0.091 Loaded shared library C:\Program Files\Java\jdk-22\bin\nio.dll
Event: 0.095 Loaded shared library C:\Program Files\Java\jdk-22\bin\zip.dll
Event: 0.130 Loaded shared library C:\Program Files\Java\jdk-22\bin\verify.dll
Event: 0.149 Loaded shared library C:\Program Files\Java\jdk-22\bin\awt.dll
Event: 0.160 Loaded shared library C:\Program Files\Java\jdk-22\bin\jimage.dll

Deoptimization events (20 events):
Event: 0.109 Thread 0x0000013e3482fc80 DEOPT PACKING pc=0x0000013e3e49c049 sp=0x0000003b269fa270
Event: 0.109 Thread 0x0000013e3482fc80 DEOPT UNPACKING pc=0x0000013e45a04e42 sp=0x0000003b269f96e0 mode 0
Event: 0.136 Thread 0x0000013e3482fc80 Uncommon trap: trap_request=0xffffff45 fr.pc=0x0000013e45f47cf4 relative=0x00000000000002b4
Event: 0.136 Thread 0x0000013e3482fc80 Uncommon trap: reason=unstable_if action=reinterpret pc=0x0000013e45f47cf4 method=java.lang.StringLatin1.hashCode([B)I @ 2 c2
Event: 0.136 Thread 0x0000013e3482fc80 DEOPT PACKING pc=0x0000013e45f47cf4 sp=0x0000003b269ff1e0
Event: 0.136 Thread 0x0000013e3482fc80 DEOPT UNPACKING pc=0x0000013e45a046a2 sp=0x0000003b269ff110 mode 2
Event: 0.196 Thread 0x0000013e3482fc80 DEOPT PACKING pc=0x0000013e3e49ad7c sp=0x0000003b269fb400
Event: 0.196 Thread 0x0000013e3482fc80 DEOPT UNPACKING pc=0x0000013e45a04e42 sp=0x0000003b269fa820 mode 0
Event: 0.272 Thread 0x0000013e3482fc80 Uncommon trap: trap_request=0xffffff45 fr.pc=0x0000013e45f45acc relative=0x000000000000012c
Event: 0.272 Thread 0x0000013e3482fc80 Uncommon trap: reason=unstable_if action=reinterpret pc=0x0000013e45f45acc method=java.lang.StringCoding.countPositives([BII)I @ 17 c2
Event: 0.272 Thread 0x0000013e3482fc80 DEOPT PACKING pc=0x0000013e45f45acc sp=0x0000003b269fe880
Event: 0.272 Thread 0x0000013e3482fc80 DEOPT UNPACKING pc=0x0000013e45a046a2 sp=0x0000003b269fe820 mode 2
Event: 0.282 Thread 0x0000013e98067f80 DEOPT PACKING pc=0x0000013e3e48a7cc sp=0x0000003b27efd7d0
Event: 0.282 Thread 0x0000013e98067f80 DEOPT UNPACKING pc=0x0000013e45a04e42 sp=0x0000003b27efcc38 mode 0
Event: 0.303 Thread 0x0000013e98067f80 Uncommon trap: trap_request=0xffffff45 fr.pc=0x0000013e45f48c6c relative=0x000000000000006c
Event: 0.303 Thread 0x0000013e98067f80 Uncommon trap: reason=unstable_if action=reinterpret pc=0x0000013e45f48c6c method=java.lang.AbstractStringBuilder.isLatin1()Z @ 10 c2
Event: 0.303 Thread 0x0000013e98067f80 DEOPT PACKING pc=0x0000013e45f48c6c sp=0x0000003b27efef50
Event: 0.303 Thread 0x0000013e98067f80 DEOPT UNPACKING pc=0x0000013e45a046a2 sp=0x0000003b27efeee0 mode 2
Event: 15264.573 Thread 0x0000013e3482fc80 DEOPT PACKING pc=0x0000013e3e5374c9 sp=0x0000003b269feb90
Event: 15264.574 Thread 0x0000013e3482fc80 DEOPT UNPACKING pc=0x0000013e45a04e42 sp=0x0000003b269fe000 mode 0

Classes loaded (20 events):
Event: 611.693 Loading class java/util/WeakHashMap$HashIterator
Event: 611.694 Loading class java/util/WeakHashMap$HashIterator done
Event: 611.694 Loading class java/util/WeakHashMap$KeyIterator done
Event: 2708.368 Loading class java/awt/desktop/SystemSleepListener
Event: 2708.380 Loading class java/awt/desktop/SystemEventListener
Event: 2708.387 Loading class java/awt/desktop/SystemEventListener done
Event: 2708.390 Loading class java/awt/desktop/SystemSleepListener done
Event: 15546.385 Loading class java/awt/SystemColor
Event: 15546.404 Loading class java/awt/Color
Event: 15546.410 Loading class java/awt/Paint
Event: 15546.414 Loading class java/awt/Paint done
Event: 15546.416 Loading class java/awt/Color done
Event: 15546.416 Loading class java/awt/SystemColor done
Event: 15546.435 Loading class sun/awt/AWTAccessor$SystemColorAccessor
Event: 15546.436 Loading class sun/awt/AWTAccessor$SystemColorAccessor done
Event: 30009.916 Loading class java/lang/Throwable$WrappedPrintStream
Event: 30009.930 Loading class java/lang/Throwable$PrintStreamOrWriter
Event: 30009.937 Loading class java/lang/Throwable$PrintStreamOrWriter done
Event: 30009.948 Loading class java/lang/Throwable$WrappedPrintStream done
Event: 30009.996 Loading class java/lang/StackTraceElement$HashedModules

Classes unloaded (0 events):
No events

Classes redefined (0 events):
No events

Internal exceptions (12 events):
Event: 0.152 Thread 0x0000013e3482fc80 Exception <a 'java/lang/ClassNotFoundException'{0x0000000087d5c550}: sun/awt/resources/spi/awtProvider> (0x0000000087d5c550) 
thrown [s\open\src\hotspot\share\classfile\systemDictionary.cpp, line 313]
Event: 0.179 Thread 0x0000013e3482fc80 Exception <a 'java/io/FileNotFoundException'{0x0000000087db2d00}> (0x0000000087db2d00) 
thrown [s\open\src\hotspot\share\prims\jni.cpp, line 520]
Event: 0.188 Thread 0x0000013e3482fc80 Exception <a 'java/io/FileNotFoundException'{0x0000000087de16b8}> (0x0000000087de16b8) 
thrown [s\open\src\hotspot\share\prims\jni.cpp, line 520]
Event: 0.265 Thread 0x0000013e3482fc80 Exception <a 'java/lang/NoSuchMethodError'{0x0000000087c693e8}: 'void java.lang.invoke.DirectMethodHandle$Holder.invokeStatic(java.lang.Object, java.lang.Object)'> (0x0000000087c693e8) 
thrown [s\open\src\hotspot\share\interpreter\linkResolver.cpp, line 774]
Event: 0.317 Thread 0x0000013e3482fc80 Exception <a 'java/lang/NoSuchMethodError'{0x0000000087b0fc40}: 'void java.lang.invoke.DirectMethodHandle$Holder.invokeStatic(java.lang.Object, long)'> (0x0000000087b0fc40) 
thrown [s\open\src\hotspot\share\interpreter\linkResolver.cpp, line 774]
Event: 0.318 Thread 0x0000013e3482fc80 Exception <a 'java/lang/NoSuchMethodError'{0x0000000087b14910}: 'java.lang.Object java.lang.invoke.DirectMethodHandle$Holder.newInvokeSpecial(java.lang.Object, long)'> (0x0000000087b14910) 
thrown [s\open\src\hotspot\share\interpreter\linkResolver.cpp, line 774]
Event: 0.320 Thread 0x0000013e3482fc80 Exception <a 'java/lang/NoSuchMethodError'{0x0000000087b1ad08}: 'java.lang.Object java.lang.invoke.DirectMethodHandle$Holder.invokeStatic(java.lang.Object, long, java.lang.Object)'> (0x0000000087b1ad08) 
thrown [s\open\src\hotspot\share\interpreter\linkResolver.cpp, line 774]
Event: 0.324 Thread 0x0000013e3482fc80 Exception <a 'java/lang/NoSuchMethodError'{0x0000000087b1e210}: 'java.lang.Object java.lang.invoke.DirectMethodHandle$Holder.invokeStaticInit(java.lang.Object, long, java.lang.Object)'> (0x0000000087b1e210) 
thrown [s\open\src\hotspot\share\interpreter\linkResolver.cpp, line 774]
Event: 611.226 Thread 0x0000013e52a17f20 Exception <a 'java/lang/NoSuchMethodError'{0x0000000087f79890}: 'void java.lang.invoke.DirectMethodHandle$Holder.invokeSpecial(java.lang.Object, java.lang.Object, java.lang.Object)'> (0x0000000087f79890) 
thrown [s\open\src\hotspot\share\interpreter\linkResolver.cpp, line 774]
Event: 15546.455 Thread 0x0000013e52a17f20 Exception <a 'java/lang/NoSuchMethodError'{0x0000000087f374d8}: 'void java.lang.invoke.DirectMethodHandle$Holder.invokeStaticInit(java.lang.Object)'> (0x0000000087f374d8) 
thrown [s\open\src\hotspot\share\interpreter\linkResolver.cpp, line 774]
Event: 30009.883 Thread 0x0000013e52a17f20 Exception <a 'java/lang/OutOfMemoryError'{0x0000000087e7a550}: unable to create native thread: possibly out of memory or process/resource limits reached> (0x0000000087e7a550) 
thrown [s\open\src\hotspot\share\prims\jvm.cpp, line 3032]
Event: 30009.896 Thread 0x0000013e52a17f20 Exception <a 'java/lang/OutOfMemoryError'{0x0000000087e7a860}: OutOfMemoryError> (0x0000000087e7a860) 
thrown [s\open\src\hotspot\share\prims\jni.cpp, line 539]

ZGC Phase Switch (0 events):
No events

VM Operations (20 events):
Event: 29516.954 Executing VM operation: HandshakeAllThreads (HandshakeForDeflation)
Event: 29516.954 Executing VM operation: HandshakeAllThreads (HandshakeForDeflation) done
Event: 29516.954 Executing VM operation: RendezvousGCThreads
Event: 29516.954 Executing VM operation: RendezvousGCThreads done
Event: 29697.291 Executing VM operation: HandshakeAllThreads (HandshakeForDeflation)
Event: 29697.292 Executing VM operation: HandshakeAllThreads (HandshakeForDeflation) done
Event: 29697.292 Executing VM operation: RendezvousGCThreads
Event: 29697.292 Executing VM operation: RendezvousGCThreads done
Event: 29877.622 Executing VM operation: HandshakeAllThreads (HandshakeForDeflation)
Event: 29877.622 Executing VM operation: HandshakeAllThreads (HandshakeForDeflation) done
Event: 29877.622 Executing VM operation: RendezvousGCThreads
Event: 29877.622 Executing VM operation: RendezvousGCThreads done
Event: 29937.753 Executing VM operation: HandshakeAllThreads (HandshakeForDeflation)
Event: 29937.753 Executing VM operation: HandshakeAllThreads (HandshakeForDeflation) done
Event: 29937.753 Executing VM operation: RendezvousGCThreads
Event: 29937.753 Executing VM operation: RendezvousGCThreads done
Event: 29997.925 Executing VM operation: HandshakeAllThreads (HandshakeForDeflation)
Event: 29997.925 Executing VM operation: HandshakeAllThreads (HandshakeForDeflation) done
Event: 29997.925 Executing VM operation: RendezvousGCThreads
Event: 29997.925 Executing VM operation: RendezvousGCThreads done

Memory protections (0 events):
No events

Nmethod flushes (0 events):
No events

Events (20 events):
Event: 29646.185 Thread 0x0000013e981abfc0 Thread exited: 0x0000013e981abfc0
Event: 29646.185 Thread 0x0000013e981ad370 Thread exited: 0x0000013e981ad370
Event: 29823.016 Thread 0x0000013e52a17f20 Thread added: 0x0000013e981aa580
Event: 29823.016 Thread 0x0000013e3482fc80 Thread added: 0x0000013e981aac10
Event: 29824.026 Thread 0x0000013e981aa580 Thread exited: 0x0000013e981aa580
Event: 29824.026 Thread 0x0000013e981aac10 Thread exited: 0x0000013e981aac10
Event: 29871.187 Thread 0x0000013e52a17f20 Thread added: 0x0000013e981ab2a0
Event: 29871.188 Thread 0x0000013e3482fc80 Thread added: 0x0000013e981aa580
Event: 29872.201 Thread 0x0000013e981aa580 Thread exited: 0x0000013e981aa580
Event: 29872.201 Thread 0x0000013e981ab2a0 Thread exited: 0x0000013e981ab2a0
Event: 29917.345 Thread 0x0000013e52a17f20 Thread added: 0x0000013e981a9ef0
Event: 29917.346 Thread 0x0000013e3482fc80 Thread added: 0x0000013e981ac650
Event: 29918.358 Thread 0x0000013e981a9ef0 Thread exited: 0x0000013e981a9ef0
Event: 29918.358 Thread 0x0000013e981ac650 Thread exited: 0x0000013e981ac650
Event: 29964.723 Thread 0x0000013e52a17f20 Thread added: 0x0000013e981aa580
Event: 29964.724 Thread 0x0000013e3482fc80 Thread added: 0x0000013e981a9ef0
Event: 29965.733 Thread 0x0000013e981a9ef0 Thread exited: 0x0000013e981a9ef0
Event: 29965.733 Thread 0x0000013e981aa580 Thread exited: 0x0000013e981aa580
Event: 30008.053 Thread 0x0000013e52a17f20 Thread added: 0x0000013e981abfc0
Event: 30009.102 Thread 0x0000013e981abfc0 Thread exited: 0x0000013e981abfc0


Dynamic libraries:
0x00007ff7889c0000 - 0x00007ff7889d0000 	C:\Program Files\Java\jdk-22\bin\java.exe
0x00007ffdfeb90000 - 0x00007ffdfed88000 	C:\Windows\SYSTEM32\ntdll.dll
0x00007ffdfe080000 - 0x00007ffdfe142000 	C:\Windows\System32\KERNEL32.DLL
0x00007ffdfc6c0000 - 0x00007ffdfc9b6000 	C:\Windows\System32\KERNELBASE.dll
0x00007ffdfca60000 - 0x00007ffdfcb60000 	C:\Windows\System32\ucrtbase.dll
0x00007ffdf0080000 - 0x00007ffdf0097000 	C:\Program Files\Java\jdk-22\bin\jli.dll
0x00007ffdfd550000 - 0x00007ffdfd6ed000 	C:\Windows\System32\USER32.dll
0x00007ffdfc460000 - 0x00007ffdfc482000 	C:\Windows\System32\win32u.dll
0x00007ffdfcbb0000 - 0x00007ffdfcbdb000 	C:\Windows\System32\GDI32.dll
0x00007ffdfc5a0000 - 0x00007ffdfc6b9000 	C:\Windows\System32\gdi32full.dll
0x00007ffdfc9c0000 - 0x00007ffdfca5d000 	C:\Windows\System32\msvcp_win.dll
0x00007ffdefa10000 - 0x00007ffdefa2b000 	C:\Program Files\Java\jdk-22\bin\VCRUNTIME140.dll
0x00007ffde65e0000 - 0x00007ffde687a000 	C:\Windows\WinSxS\amd64_microsoft.windows.common-controls_6595b64144ccf1df_6.0.19041.5915_none_60b4b9d171f9c7c7\COMCTL32.dll
0x00007ffdfe710000 - 0x00007ffdfe7ae000 	C:\Windows\System32\msvcrt.dll
0x00007ffdfe170000 - 0x00007ffdfe19f000 	C:\Windows\System32\IMM32.DLL
0x00007ffdf91c0000 - 0x00007ffdf91cc000 	C:\Program Files\Java\jdk-22\bin\vcruntime140_1.dll
0x00007ffde1d50000 - 0x00007ffde1dde000 	C:\Program Files\Java\jdk-22\bin\msvcp140.dll
0x00007ffdc97c0000 - 0x00007ffdca509000 	C:\Program Files\Java\jdk-22\bin\server\jvm.dll
0x00007ffdfea30000 - 0x00007ffdfeae1000 	C:\Windows\System32\ADVAPI32.dll
0x00007ffdfe920000 - 0x00007ffdfe9bf000 	C:\Windows\System32\sechost.dll
0x00007ffdfcf50000 - 0x00007ffdfd073000 	C:\Windows\System32\RPCRT4.dll
0x00007ffdfc220000 - 0x00007ffdfc247000 	C:\Windows\System32\bcrypt.dll
0x00007ffdfe9c0000 - 0x00007ffdfea2b000 	C:\Windows\System32\WS2_32.dll
0x00007ffdfc100000 - 0x00007ffdfc14b000 	C:\Windows\SYSTEM32\POWRPROF.dll
0x00007ffdf6070000 - 0x00007ffdf6097000 	C:\Windows\SYSTEM32\WINMM.dll
0x00007ffdf1120000 - 0x00007ffdf112a000 	C:\Windows\SYSTEM32\VERSION.dll
0x00007ffdfc060000 - 0x00007ffdfc072000 	C:\Windows\SYSTEM32\UMPDC.dll
0x00007ffdfa0c0000 - 0x00007ffdfa0d2000 	C:\Windows\SYSTEM32\kernel.appcore.dll
0x00007ffdf71f0000 - 0x00007ffdf71fa000 	C:\Program Files\Java\jdk-22\bin\jimage.dll
0x00007ffded620000 - 0x00007ffded821000 	C:\Windows\SYSTEM32\DBGHELP.DLL
0x00007ffde9a50000 - 0x00007ffde9a84000 	C:\Windows\SYSTEM32\dbgcore.DLL
0x00007ffdfc510000 - 0x00007ffdfc592000 	C:\Windows\System32\bcryptPrimitives.dll
0x00007ffdebfd0000 - 0x00007ffdebfee000 	C:\Program Files\Java\jdk-22\bin\java.dll
0x00007ffdfd910000 - 0x00007ffdfe07e000 	C:\Windows\System32\SHELL32.dll
0x00007ffdfce20000 - 0x00007ffdfcf4b000 	C:\Windows\System32\ole32.dll
0x00007ffdfe290000 - 0x00007ffdfe5e3000 	C:\Windows\System32\combase.dll
0x00007ffdfa2c0000 - 0x00007ffdfaa64000 	C:\Windows\SYSTEM32\windows.storage.dll
0x00007ffdfbb80000 - 0x00007ffdfbbab000 	C:\Windows\SYSTEM32\Wldp.dll
0x00007ffdfcd40000 - 0x00007ffdfce0d000 	C:\Windows\System32\OLEAUT32.dll
0x00007ffdfcbe0000 - 0x00007ffdfcc8d000 	C:\Windows\System32\SHCORE.dll
0x00007ffdfeaf0000 - 0x00007ffdfeb4b000 	C:\Windows\System32\shlwapi.dll
0x00007ffdfc150000 - 0x00007ffdfc175000 	C:\Windows\SYSTEM32\profapi.dll
0x00007ffddf320000 - 0x00007ffddf3f7000 	C:\Program Files\Java\jdk-22\bin\jsvml.dll
0x00007ffdf5100000 - 0x00007ffdf5110000 	C:\Program Files\Java\jdk-22\bin\net.dll
0x00007ffdfb8e0000 - 0x00007ffdfb94a000 	C:\Windows\system32\mswsock.dll
0x00007ffdebef0000 - 0x00007ffdebf06000 	C:\Program Files\Java\jdk-22\bin\nio.dll
0x00007ffdeba80000 - 0x00007ffdeba97000 	C:\Program Files\Java\jdk-22\bin\zip.dll
0x00007ffdf0070000 - 0x00007ffdf0080000 	C:\Program Files\Java\jdk-22\bin\verify.dll
0x00007ffddf190000 - 0x00007ffddf31e000 	C:\Program Files\Java\jdk-22\bin\awt.dll
0x00007ffdf94d0000 - 0x00007ffdf9564000 	C:\Windows\SYSTEM32\apphelp.dll
0x00007ffdf9fb0000 - 0x00007ffdf9fdf000 	C:\Windows\system32\DWMAPI.DLL
0x00007ffdf9bd0000 - 0x00007ffdf9c6e000 	C:\Windows\system32\uxtheme.dll
0x00007ffddf060000 - 0x00007ffddf188000 	C:\Windows\system32\opengl32.dll
0x00007ffdea9c0000 - 0x00007ffdea9ec000 	C:\Windows\SYSTEM32\GLU32.dll
0x00007ffdfe5f0000 - 0x00007ffdfe705000 	C:\Windows\System32\MSCTF.dll
0x00007ffdf6f60000 - 0x00007ffdf6f9b000 	C:\Windows\SYSTEM32\dxcore.dll
0x00007ffdfcb60000 - 0x00007ffdfcbae000 	C:\Windows\System32\cfgmgr32.dll

dbghelp: loaded successfully - version: 4.0.5 - missing functions: none
symbol engine: initialized successfully - sym options: 0x614 - pdb path: .;C:\Program Files\Java\jdk-22\bin;C:\Windows\SYSTEM32;C:\Windows\WinSxS\amd64_microsoft.windows.common-controls_6595b64144ccf1df_6.0.19041.5915_none_60b4b9d171f9c7c7;C:\Program Files\Java\jdk-22\bin\server

VM Arguments:
jvm_args: -XX:+ShowCodeDetailsInExceptionMessages 
java_command: Connect -n 10 -i 0 -c benin -u https://facebook.com/
java_class_path (initial): C:\Users\Parfait\AppData\Roaming\Code\User\workspaceStorage\618fe75f5cd33d5a849945ffcda487fc\redhat.java\jdt_ws\AccountMail_238e4a47\bin;c:\Users\Parfait\Programming\AccountMail\jgenderize\jaxrs-ri\ext\jakarta.servlet-api-5.0.0.jar;c:\Users\Parfait\Programming\AccountMail\jgenderize\jaxrs-ri\ext\jakarta.json.bind-api-2.0.0.jar;c:\Users\Parfait\Programming\AccountMail\jgenderize\jaxrs-ri\ext\jakarta.activation-2.0.0.jar;c:\Users\Parfait\Programming\AccountMail\jgenderize\jaxrs-ri\lib\jersey-server.jar;c:\Users\Parfait\Programming\AccountMail\jgenderize\jaxrs-ri\ext\yasson-2.0.1.jar;c:\Users\Parfait\Programming\AccountMail\jgenderize\jaxrs-ri\ext\jakarta.persistence-api-3.0.0.jar;c:\Users\Parfait\Programming\AccountMail\jgenderize\jaxrs-ri\ext\org.osgi.core-6.0.0.jar;c:\Users\Parfait\Programming\AccountMail\jgenderize\jaxrs-ri\api\jakarta.ws.rs-api-3.0.0.jar;c:\Users\Parfait\Programming\AccountMail\jgenderize\jaxrs-ri\ext\hk2-locator-3.0.1.jar;c:\Users\Parfait\Programming\AccountMail\jgenderize\jaxrs-ri\lib\jersey-common.jar;c:\Users\Parfait\Programming\AccountMail\jgenderize\jaxrs-ri\ext\jakarta.inject-api-2.0.0.jar;c:\Users\Parfait\Programming\AccountMail\jgenderize\jaxrs-ri\ext\jakarta.json-2.0.0-module.jar;c:\Users\Parfait\Programming\AccountMail\jgenderize\jaxrs-ri\ext\jakarta.json-api-2.0.0.jar;c:\Users\Parfait\Programming\AccountMail\jgenderize\jaxrs-ri\lib\jersey-client.jar;c:\Users\Parfait\Programming\AccountMail\jgenderize\jaxrs-ri\lib\jersey-media-jaxb.jar;c:\Users\Parfait\Programming\AccountMail\jgenderize\jaxrs-ri\ext\javassist-3.25.0-GA.jar;c:\Users\Parfait\Programming\AccountMail\jgenderize\junit-jupiter-api-5.10.2.jar;c:\Users\Parfait\Programming\AccountMail\jgenderize\jaxrs-ri\lib\jersey-hk2.jar;c:\Users\Parfait\Programming\AccountMail\jgenderize\jaxrs-ri\ext\aopalliance-repackaged-3.0.1.jar;c:\Users\Parfait\Programming\AccountMail\jgenderize\jaxrs-ri\ext\hk2-utils-3.0.1.jar;c:\Users\Parfait\Programming\AccountMail\jgenderize\jaxrs-ri\ext\jakarta.annotation-api-2.0.0.jar;c:\Users\Parfait\Programming\AccountMail\jgenderize\jaxrs-ri\lib\jersey-container-servlet.jar;c:\Users\Parfait\Programming\AccountMail\jgenderize\jaxrs-ri\ext\hk2-api-3.0.1.jar;c:\Users\Parfait\Programming\AccountMail\jgenderize\jaxrs-ri\ext\jakarta.xml.bind-api-3.0.0.jar;c:\Users\Parfait\Programming\AccountMail\commons-cli-1.4-bin\commons-cli-1.4\commons-cli-1.4.jar;c:\Users\Parfait\Programming\AccountMail\jgenderize\jaxrs-ri\lib\jersey-media-json-binding.jar;c:\Users\Parfait\Programming\AccountMail\jgenderize\jaxrs-ri\ext\jakarta.validation-api-3.0.0.jar;c:\Users\Parfait\Programming\AccountMail\jgenderize\jaxrs-ri\lib\jersey-container-servlet-core.jar;c:\Users\Parfait\Programming\AccountMail\jgenderize\jaxrs-ri\lib\jersey-media-sse.jar;c:\Users\Parfait\Programming\AccountMail\jgenderize\jaxrs-ri\ext\osgi-resource-locator-1.0.3.jar
Launcher Type: SUN_STANDARD

[Global flags]
     intx CICompilerCount                          = 2                                         {product} {ergonomic}
     uint ConcGCThreads                            = 1                                         {product} {ergonomic}
     uint G1ConcRefinementThreads                  = 2                                         {product} {ergonomic}
   size_t G1HeapRegionSize                         = 1048576                                   {product} {ergonomic}
   size_t InitialHeapSize                          = 134217728                                 {product} {ergonomic}
   size_t MarkStackSize                            = 4194304                                   {product} {ergonomic}
   size_t MaxHeapSize                              = 2147483648                                {product} {ergonomic}
   size_t MaxNewSize                               = 1287651328                                {product} {ergonomic}
   size_t MinHeapDeltaBytes                        = 1048576                                   {product} {ergonomic}
   size_t MinHeapSize                              = 8388608                                   {product} {ergonomic}
    uintx NonNMethodCodeHeapSize                   = 5826188                                {pd product} {ergonomic}
    uintx NonProfiledCodeHeapSize                  = 122916026                              {pd product} {ergonomic}
    uintx ProfiledCodeHeapSize                     = 122916026                              {pd product} {ergonomic}
    uintx ReservedCodeCacheSize                    = 251658240                              {pd product} {ergonomic}
     bool SegmentedCodeCache                       = true                                      {product} {ergonomic}
     bool ShowCodeDetailsInExceptionMessages       = true                                   {manageable} {command line}
   size_t SoftMaxHeapSize                          = 2147483648                             {manageable} {ergonomic}
     bool UseCompressedOops                        = true                           {product lp64_product} {ergonomic}
     bool UseG1GC                                  = true                                      {product} {ergonomic}
     bool UseLargePagesIndividualAllocation        = false                                  {pd product} {ergonomic}

Logging:
Log output configuration:
 #0: stdout all=warning uptime,level,tags foldmultilines=false
 #1: stderr all=off uptime,level,tags foldmultilines=false

Environment Variables:
PATH=C:\Program Files\Common Files\Oracle\Java\javapath;C:\Windows\system32;C:\Windows;C:\Windows\System32\Wbem;C:\Windows\System32\WindowsPowerShell\v1.0\;C:\Windows\System32\OpenSSH\;C:\Program Files\Tailscale\;C:\ProgramData\GooGet;C:\Program Files\Google\Compute Engine\metadata_scripts;C:\Program Files\Google\Compute Engine\sysprep;C:\Program Files\Git\cmd;C:\Program Files (x86)\ZeroTier\One\;C:\Users\Parfait\AppData\Local\Microsoft\WindowsApps;C:\Users\Parfait\AppData\Local\Programs\Microsoft VS Code\bin
USERNAME=Parfait
LANG=en_US.UTF-8
OS=Windows_NT
PROCESSOR_IDENTIFIER=AMD64 Family 25 Model 1 Stepping 0, AuthenticAMD
TMP=C:\Users\Parfait\AppData\Local\Temp
TEMP=C:\Users\Parfait\AppData\Local\Temp




Periodic native trim disabled

---------------  S Y S T E M  ---------------

OS:
 Windows 10 , 64 bit Build 19041 (10.0.19041.5915)
OS uptime: 0 days 10:58 hours
KVM virtualization detected

CPU: total 2 (initial active 2) (2 cores per cpu, 2 threads per core) family 25 model 1 stepping 0 microcode 0x0, cx8, cmov, fxsr, ht, mmx, 3dnowpref, sse, sse2, sse3, ssse3, sse4a, sse4.1, sse4.2, popcnt, lzcnt, tsc, tscinvbit, avx, avx2, aes, erms, clmul, bmi1, bmi2, adx, sha, fma, vzeroupper, clflush, clflushopt, hv, rdtscp, rdpid, fsrm, f16c
Processor Information for all 2 processors :
  Max Mhz: 3050, Current Mhz: 3050, Mhz Limit: 3050

Memory: 4k page, system-wide physical 8191M (540M free)
TotalPageFile size 16309M (AvailPageFile size 0M)
current process WorkingSet (physical memory assigned to process): 28M, peak: 51M
current process commit charge ("private bytes"): 204M, peak: 209M

vm_info: Java HotSpot(TM) 64-Bit Server VM (22.0.2+9-70) for windows-amd64 JRE (22.0.2+9-70), built on 2024-06-04T16:52:23Z by "mach5one" with MS VC++ 17.6 (VS2022)

END.
