#
# A fatal error has been detected by the Java Runtime Environment:
#
#  EXCEPTION_ACCESS_VIOLATION (0xc0000005) at pc=0x00007ffb8fc6ae69, pid=7888, tid=4208
#
# JRE version: Java(TM) SE Runtime Environment (22.0.2+9) (build 22.0.2+9-70)
# Java VM: Java HotSpot(TM) 64-Bit Server VM (22.0.2+9-70, mixed mode, sharing, tiered, compressed oops, compressed class ptrs, g1 gc, windows-amd64)
# Problematic frame:
# C  [awt.dll+0xdae69]
#
# No core dump will be written. Minidumps are not enabled by default on client versions of Windows
#
# If you would like to submit a bug report, please visit:
#   https://bugreport.java.com/bugreport/crash.jsp
# The crash happened outside the Java Virtual Machine in native code.
# See problematic frame for where to report the bug.
#

---------------  S U M M A R Y ------------

Command Line: -XX:+ShowCodeDetailsInExceptionMessages Connect -n 10 -i 10 -c benin

Host: AMD EPYC 7B13, 2 cores, 7G,  Windows 10 , 64 bit Build 19041 (10.0.19041.5794)
Time: Wed Jun  4 11:32:55 2025 Temps universel coordonné elapsed time: 561.262227 seconds (0d 0h 9m 21s)

---------------  T H R E A D  ---------------

Current thread (0x0000016f45716360):  JavaThread "AWT-EventQueue-0"        [_thread_in_native, id=4208, stack(0x0000001ba9800000,0x0000001ba9900000) (1024K)]

Stack: [0x0000001ba9800000,0x0000001ba9900000],  sp=0x0000001ba98fe7a0,  free space=1017k
Native frames: (J=compiled Java code, j=interpreted, Vv=VM code, C=native code)
C  [awt.dll+0xdae69]  (no source info available)
C  [awt.dll+0xda228]  (no source info available)
C  0x0000016f591dcfc7  (no source info available)

The last pc belongs to native method entry point (kind = native) (printed below).
Java frames: (J=compiled Java code, j=interpreted, Vv=VM code)
j  sun.awt.Win32GraphicsConfig.getBounds(I)Ljava/awt/Rectangle;+0 java.desktop@22.0.2
j  sun.awt.Win32GraphicsConfig.getBounds()Ljava/awt/Rectangle;+8 java.desktop@22.0.2
j  sun.awt.Win32GraphicsDevice.displayChanged()V+23 java.desktop@22.0.2
j  sun.awt.Win32GraphicsEnvironment.displayChanged()V+271 java.desktop@22.0.2
j  sun.awt.windows.WToolkit.lambda$displayChanged$4()V+15 java.desktop@22.0.2
j  sun.awt.windows.WToolkit$$Lambda+0x0000016f01020000.run()V+0 java.desktop@22.0.2
j  java.awt.event.InvocationEvent.dispatch()V+47 java.desktop@22.0.2
j  java.awt.EventQueue.dispatchEventImpl(Ljava/awt/AWTEvent;Ljava/lang/Object;)V+21 java.desktop@22.0.2
j  java.awt.EventQueue$4.run()Ljava/lang/Void;+32 java.desktop@22.0.2
j  java.awt.EventQueue$4.run()Ljava/lang/Object;+1 java.desktop@22.0.2
j  java.security.AccessController.executePrivileged(Ljava/security/PrivilegedAction;Ljava/security/AccessControlContext;Ljava/lang/Class;)Ljava/lang/Object;+29 java.base@22.0.2
j  java.security.AccessController.doPrivileged(Ljava/security/PrivilegedAction;Ljava/security/AccessControlContext;)Ljava/lang/Object;+13 java.base@22.0.2
j  java.security.ProtectionDomain$JavaSecurityAccessImpl.doIntersectionPrivilege(Ljava/security/PrivilegedAction;Ljava/security/AccessControlContext;Ljava/security/AccessControlContext;)Ljava/lang/Object;+18 java.base@22.0.2
j  java.awt.EventQueue.dispatchEvent(Ljava/awt/AWTEvent;)V+46 java.desktop@22.0.2
j  java.awt.EventDispatchThread.pumpOneEventForFilters(I)V+81 java.desktop@22.0.2
j  java.awt.EventDispatchThread.pumpEventsForFilter(ILjava/awt/Conditional;Ljava/awt/EventFilter;)V+35 java.desktop@22.0.2
j  java.awt.EventDispatchThread.pumpEventsForHierarchy(ILjava/awt/Conditional;Ljava/awt/Component;)V+11 java.desktop@22.0.2
j  java.awt.EventDispatchThread.pumpEvents(ILjava/awt/Conditional;)V+4 java.desktop@22.0.2
j  java.awt.EventDispatchThread.pumpEvents(Ljava/awt/Conditional;)V+3 java.desktop@22.0.2
j  java.awt.EventDispatchThread.run()V+9 java.desktop@22.0.2
v  ~StubRoutines::call_stub 0x0000016f591d100d

siginfo: EXCEPTION_ACCESS_VIOLATION (0xc0000005), reading address 0x0000000000000028


Registers:
RAX=0x0000000000000000, RBX=0x0000016f45799d50, RCX=0x0000000000000000, RDX=0x0000000000000000
RSP=0x0000001ba98fe7a0, RBP=0x0000000000000000, RSI=0x0000000000000000, RDI=0x0000000000000000
R8 =0x0000000000000001, R9 =0x0000000000000004, R10=0x0000016f4579aad0, R11=0x0000016f41289f48
R12=0x0000000000000000, R13=0x0000016f457073c8, R14=0x0000016f4574ab00, R15=0x0000000000000000
RIP=0x00007ffb8fc6ae69, EFLAGS=0x0000000000010246


Register to memory mapping:

RAX=0x0 is null
RBX=0x0000016f45799d50 points into unknown readable memory: 0x0000016f45716b20 | 20 6b 71 45 6f 01 00 00
RCX=0x0 is null
RDX=0x0 is null
RSP=0x0000001ba98fe7a0 is pointing into the stack for thread: 0x0000016f45716360
RBP=0x0 is null
RSI=0x0 is null
RDI=0x0 is null
R8 =0x0000000000000001 is an unknown value
R9 =0x0000000000000004 is an unknown value
R10=0x0000016f4579aad0 points into unknown readable memory: 0x0000001e00000003 | 03 00 00 00 1e 00 00 00
R11={method} {0x0000016f41289f50} '<init>' '(IIII)V' in 'java/awt/Rectangle'
R12=0x0 is null
R13=0x0000016f457073c8 points into unknown readable memory: 0x0000016f41289f48 | 48 9f 28 41 6f 01 00 00
R14=0x0000016f4574ab00 points into unknown readable memory: 0x0000000087b90680 | 80 06 b9 87 00 00 00 00
R15=0x0 is null

Top of Stack: (sp=0x0000001ba98fe7a0)
0x0000001ba98fe7a0:   00007ffb8fcc9848 0000016f45799d50
0x0000001ba98fe7b0:   0000016f45799d50 0000000000000128
0x0000001ba98fe7c0:   0000016f45716720 00007ffb8fc6a228
0x0000001ba98fe7d0:   0000016f45799d50 0000016f45799d50
0x0000001ba98fe7e0:   0000000000000128 0000016f45716720
0x0000001ba98fe7f0:   0000000087c3efa0 0000016f411c30c0
0x0000001ba98fe800:   0000000000000000 0000001ba98fe820
0x0000001ba98fe810:   0000000000000000 0000000000000000
0x0000001ba98fe820:   00008e36e92c315a 0000000087c61700
0x0000001ba98fe830:   0000016f45716360 0000001ba98fe918
0x0000001ba98fe840:   0000016f41286008 0000000000000000
0x0000001ba98fe850:   0000016f591d8a08 0000000000000128
0x0000001ba98fe860:   0000001ba98fe8f0 0000016f591dcfc7
0x0000001ba98fe870:   0000001ba98fe888 0000016f41286008
0x0000001ba98fe880:   0000016f591d88c0 0000000000000000
0x0000001ba98fe890:   0000000087c61700 0000000087a6c2d0
0x0000001ba98fe8a0:   0000000087a6c2d0 fffffffffffffff7
0x0000001ba98fe8b0:   0000000000000000 0000000000000005
0x0000001ba98fe8c0:   0000016f412887b0 0000000000000000
0x0000001ba98fe8d0:   0000000087b902c0 0000016f41286008
0x0000001ba98fe8e0:   0000000000000000 0000001ba98fe910
0x0000001ba98fe8f0:   0000001ba98fe968 0000016f591d8a5a
0x0000001ba98fe900:   0000000000000000 0000016f591da51a
0x0000001ba98fe910:   0000000000000000 0000000087a6c2d0
0x0000001ba98fe920:   fffffffffffffff7 0000016f412860b0
0x0000001ba98fe930:   0000000000000002 0000016f412887b0
0x0000001ba98fe940:   0000000000000000 0000000087b902c0
0x0000001ba98fe950:   0000016f412860c8 fffffffffffffff5
0x0000001ba98fe960:   0000001ba98fe978 0000001ba98fe9c8
0x0000001ba98fe970:   0000016f591d8a5a 0000000087a6c2d0
0x0000001ba98fe980:   fffffffffffffff7 0000016f411c2f17
0x0000001ba98fe990:   0000000000000003 0000016f411c46c0 

Instructions: (pc=0x00007ffb8fc6ae69)
0x00007ffb8fc6ad69:   cc cc cc cc cc cc cc 48 89 5c 24 08 48 89 6c 24
0x00007ffb8fc6ad79:   10 48 89 74 24 18 57 48 83 ec 20 41 8b f8 0f b6
0x00007ffb8fc6ad89:   f2 48 8b e9 e8 0e cf f4 ff 48 8b d8 48 89 44 24
0x00007ffb8fc6ad99:   48 41 b8 01 00 00 00 8b d7 48 8b c8 e8 76 ce f4
0x00007ffb8fc6ada9:   ff 48 8b c8 44 0f b6 c6 48 8b d5 e8 97 fa ff ff
0x00007ffb8fc6adb9:   48 8b f8 48 8b cb e8 9c d0 f4 ff 90 48 8b c7 48
0x00007ffb8fc6adc9:   8b 5c 24 30 48 8b 6c 24 38 48 8b 74 24 40 48 83
0x00007ffb8fc6add9:   c4 20 5f c3 cc cc cc 48 8b 49 28 e9 07 07 00 00
0x00007ffb8fc6ade9:   cc cc cc cc cc cc cc 48 89 5c 24 08 57 48 83 ec
0x00007ffb8fc6adf9:   20 8b f9 e8 9f ce f4 ff 48 8b d8 48 89 44 24 38
0x00007ffb8fc6ae09:   41 b8 01 00 00 00 8b d7 48 8b c8 e8 07 ce f4 ff
0x00007ffb8fc6ae19:   48 8b 08 8b 39 48 8b cb e8 3a d0 f4 ff 90 8b c7
0x00007ffb8fc6ae29:   48 8b 5c 24 30 48 83 c4 20 5f c3 cc cc cc cc cc
0x00007ffb8fc6ae39:   cc cc cc cc cc cc cc 48 89 5c 24 08 57 48 83 ec
0x00007ffb8fc6ae49:   20 8b f9 e8 4f ce f4 ff 48 8b d8 48 89 44 24 38
0x00007ffb8fc6ae59:   41 b8 01 00 00 00 8b d7 48 8b c8 e8 b7 cd f4 ff
0x00007ffb8fc6ae69:   48 8b 78 28 48 8b cb e8 eb cf f4 ff 90 48 8b c7
0x00007ffb8fc6ae79:   48 8b 5c 24 30 48 83 c4 20 5f c3 cc cc cc cc cc
0x00007ffb8fc6ae89:   cc cc cc cc cc cc cc 48 89 5c 24 08 57 48 83 ec
0x00007ffb8fc6ae99:   20 8b f9 e8 ff cd f4 ff 48 8b d8 48 89 44 24 38
0x00007ffb8fc6aea9:   41 b8 01 00 00 00 8b d7 48 8b c8 e8 67 cd f4 ff
0x00007ffb8fc6aeb9:   48 8b 78 30 48 8b cb e8 9b cf f4 ff 90 48 8b c7
0x00007ffb8fc6aec9:   48 8b 5c 24 30 48 83 c4 20 5f c3 cc cc cc cc cc
0x00007ffb8fc6aed9:   cc cc cc cc cc cc cc 48 89 5c 24 08 57 48 83 ec
0x00007ffb8fc6aee9:   20 8b f9 e8 af cd f4 ff 48 8b d8 48 89 44 24 38
0x00007ffb8fc6aef9:   41 b8 01 00 00 00 8b d7 48 8b c8 e8 17 cd f4 ff
0x00007ffb8fc6af09:   48 8b 78 08 48 85 ff 74 07 48 8b bf 08 0c 00 00
0x00007ffb8fc6af19:   48 8b cb e8 3f cf f4 ff 90 48 8b c7 48 8b 5c 24
0x00007ffb8fc6af29:   30 48 83 c4 20 5f c3 f3 0f 10 41 48 c3 cc cc cc
0x00007ffb8fc6af39:   cc cc cc cc cc cc cc f3 0f 10 41 4c c3 cc cc cc
0x00007ffb8fc6af49:   cc cc cc cc cc cc cc 48 89 5c 24 10 48 89 74 24
0x00007ffb8fc6af59:   18 55 57 41 56 48 8d 6c 24 e0 48 81 ec 20 01 00 


Stack slot to memory mapping:

stack at sp + 0 slots: 0x00007ffb8fcc9848 awt.dll
stack at sp + 1 slots: 0x0000016f45799d50 points into unknown readable memory: 0x0000016f45716b20 | 20 6b 71 45 6f 01 00 00
stack at sp + 2 slots: 0x0000016f45799d50 points into unknown readable memory: 0x0000016f45716b20 | 20 6b 71 45 6f 01 00 00
stack at sp + 3 slots: 0x0000000000000128 is an unknown value
stack at sp + 4 slots: 0x0000016f45716720 points into unknown readable memory: 0x00007ffb909deac0 | c0 ea 9d 90 fb 7f 00 00
stack at sp + 5 slots: 0x00007ffb8fc6a228 awt.dll
stack at sp + 6 slots: 0x0000016f45799d50 points into unknown readable memory: 0x0000016f45716b20 | 20 6b 71 45 6f 01 00 00
stack at sp + 7 slots: 0x0000016f45799d50 points into unknown readable memory: 0x0000016f45716b20 | 20 6b 71 45 6f 01 00 00

native method entry point (kind = native)  [0x0000016f591dcba0, 0x0000016f591dd6c0]  2848 bytes
[MachCode]
  0x0000016f591dcba0: 488b 4b08 | 0fb7 492e | 584c 8d74 | ccf8 6800 | 0000 0068 | 0000 0000 | 5055 488b | ec41 5568 
  0x0000016f591dcbc0: 0000 0000 | 4c8b 6b08 | 4d8d 6d38 | 5348 8b53 | 0848 8b52 | 0848 8b52 | 1848 8b52 | 7048 8b12 
  0x0000016f591dcbe0: 5248 8b53 | 1048 85d2 | 0f84 0700 | 0000 4881 | c210 0100 | 0052 488b | 5308 488b | 5208 488b 
  0x0000016f591dcc00: 5210 5249 | 8bc6 482b | c548 c1e8 | 0350 6800 | 0000 0068 | f7ff ffff | 41c6 8781 | 0400 0001 
  0x0000016f591dcc20: 488b 4310 | 4885 c074 | 208b 88cc | 0000 0083 | c102 8988 | cc00 0000 | 2388 e000 | 0000 0f84 
  0x0000016f591dcc40: cb09 0000 | e9cf 0000 | 0048 8b43 | 1848 85c0 | 0f85 b000 | 0000 e805 | 0000 00e9 | 9900 0000 
  0x0000016f591dcc60: 488b d348 | 8d44 2408 | 4c89 6dc0 | 498b cfc5 | f877 4989 | afb0 0300 | 0049 8987 | a003 0000 
  0x0000016f591dcc80: 4883 ec20 | 40f6 c40f | 0f84 1900 | 0000 4883 | ec08 48b8 | 00a7 1d90 | fb7f 0000 | ffd0 4883 
  0x0000016f591dcca0: c408 e90c | 0000 0048 | b800 a71d | 90fb 7f00 | 00ff d048 | 83c4 2049 | c787 a003 | 0000 0000 
  0x0000016f591dccc0: 0000 49c7 | 87b0 0300 | 0000 0000 | 0049 c787 | a803 0000 | 0000 0000 | c5f8 7749 | 837f 0800 
  0x0000016f591dcce0: 0f84 0500 | 0000 e915 | 42ff ff4c | 8b6d c04c | 8b75 c84e | 8d74 f500 | c348 8b43 | 1848 85c0 
  0x0000016f591dcd00: 0f84 1200 | 0000 8b48 | 0883 c102 | 8948 0823 | 481c 0f84 | f708 0000 | 493b a7f0 | 0400 000f 
  0x0000016f591dcd20: 8748 0000 | 0089 8424 | 00f0 ffff | 8984 2400 | e0ff ff89 | 8424 00d0 | ffff 8984 | 2400 c0ff 
  0x0000016f591dcd40: ff89 8424 | 00b0 ffff | 8984 2400 | a0ff ff89 | 8424 0090 | ffff 8984 | 2400 80ff | ff49 3ba7 
  0x0000016f591dcd60: e804 0000 | 7607 4989 | a7f0 0400 | 0041 c687 | 8104 0000 | 0049 ba6c | 40a4 90fb | 7f00 0041 
  0x0000016f591dcd80: 803a 000f | 843e 0000 | 0048 8b55 | e849 8bcf | 4883 ec20 | 40f6 c40f | 0f84 1900 | 0000 4883 
  0x0000016f591dcda0: ec08 48b8 | 80b9 5490 | fb7f 0000 | ffd0 4883 | c408 e90c | 0000 0048 | b880 b954 | 90fb 7f00 
  0x0000016f591dcdc0: 00ff d048 | 83c4 2048 | 8b5d e84c | 8b5b 0845 | 0fb7 5b2e | 41c1 e303 | 492b e348 | 83ec 2048 
  0x0000016f591dcde0: 83e4 f04c | 8b5b 604d | 85db 0f85 | ab00 0000 | e805 0000 | 00e9 9900 | 0000 488b | d348 8d44 
  0x0000016f591dce00: 2408 4c89 | 6dc0 498b | cfc5 f877 | 4989 afb0 | 0300 0049 | 8987 a003 | 0000 4883 | ec20 40f6 
  0x0000016f591dce20: c40f 0f84 | 1900 0000 | 4883 ec08 | 48b8 20ce | 1d90 fb7f | 0000 ffd0 | 4883 c408 | e90c 0000 
  0x0000016f591dce40: 0048 b820 | ce1d 90fb | 7f00 00ff | d048 83c4 | 2049 c787 | a003 0000 | 0000 0000 | 49c7 87b0 
  0x0000016f591dce60: 0300 0000 | 0000 0049 | c787 a803 | 0000 0000 | 0000 c5f8 | 7749 837f | 0800 0f84 | 0500 0000 
  0x0000016f591dce80: e97b 40ff | ff4c 8b6d | c04c 8b75 | c84e 8d74 | f500 c348 | 8b5d e84c | 8b5b 6041 | ffd3 488b 
  0x0000016f591dcea0: 5de8 4889 | 4518 448b | 5b28 41f6 | c308 0f84 | 1b00 0000 | 4c8b 5b08 | 4d8b 5b08 | 4d8b 5b18 
  0x0000016f591dcec0: 4d8b 5b70 | 4d8b 1b4c | 895d 1048 | 8d55 1048 | 8b43 5849 | ba80 1055 | 90fb 7f00 | 0049 3bc2 
  0x0000016f591dcee0: 0f85 ab00 | 0000 e805 | 0000 00e9 | 9900 0000 | 488b d348 | 8d44 2408 | 4c89 6dc0 | 498b cfc5 
  0x0000016f591dcf00: f877 4989 | afb0 0300 | 0049 8987 | a003 0000 | 4883 ec20 | 40f6 c40f | 0f84 1900 | 0000 4883 
  0x0000016f591dcf20: ec08 48b8 | 20ce 1d90 | fb7f 0000 | ffd0 4883 | c408 e90c | 0000 0048 | b820 ce1d | 90fb 7f00 
  0x0000016f591dcf40: 00ff d048 | 83c4 2049 | c787 a003 | 0000 0000 | 0000 49c7 | 87b0 0300 | 0000 0000 | 0049 c787 
  0x0000016f591dcf60: a803 0000 | 0000 0000 | c5f8 7749 | 837f 0800 | 0f84 0500 | 0000 e985 | 3fff ff4c | 8b6d c04c 
  0x0000016f591dcf80: 8b75 c84e | 8d74 f500 | c348 8b5d | e848 8b43 | 5849 8d8f | c003 0000 | c5f8 7749 | 89af b003 
  0x0000016f591dcfa0: 0000 49ba | 98cf 1d59 | 6f01 0000 | 4d89 97a8 | 0300 0049 | 89a7 a003 | 0000 41c7 | 8754 0400 
  0x0000016f591dcfc0: 0004 0000 | 00ff d0c5 | f877 4883 | ec10 c5fb | 1104 2448 | 83ec 1048 | 8904 2448 | c744 2408 
  0x0000016f591dcfe0: 0000 0000 | 41c7 8754 | 0400 0005 | 0000 00f0 | 8344 24c0 | 0049 3baf | 5804 0000 | 0f87 0e00 
  0x0000016f591dd000: 0000 4183 | bf50 0400 | 0000 0f84 | 2000 0000 | 498b cf4c | 8be4 4883 | ec20 4883 | e4f0 48b8 
  0x0000016f591dd020: 4023 1f90 | fb7f 0000 | ffd0 498b | e44d 33e4 | 41c7 8754 | 0400 0008 | 0000 0049 | c787 a003 
  0x0000016f591dd040: 0000 0000 | 0000 49c7 | 87b0 0300 | 0000 0000 | 0049 c787 | a803 0000 | 0000 0000 | c5f8 774d 
  0x0000016f591dd060: 8b9f 3004 | 0000 41c7 | 8300 0100 | 0000 0000 | 0049 bb1a | a51d 596f | 0100 004c | 3b5d 180f 
  0x0000016f591dd080: 8524 0200 | 0048 8b04 | 2448 83c4 | 1048 85c0 | 0f84 fe01 | 0000 a803 | 0f85 0800 | 0000 488b 
  0x0000016f591dd0a0: 00e9 ee01 | 0000 a801 | 0f85 0900 | 0000 488b | 40fe e9dd | 0100 0048 | 8b40 ff41 | 807f 3800 
  0x0000016f591dd0c0: 0f84 ce01 | 0000 4883 | f800 0f84 | c401 0000 | 4d8b 5f28 | 4983 fb00 | 0f84 1400 | 0000 4983 
  0x0000016f591dd0e0: eb08 4d89 | 5f28 4d03 | 5f30 4989 | 03e9 a201 | 0000 4881 | ecd0 0000 | 0048 8904 | 2448 894c 
  0x0000016f591dd100: 2408 4889 | 5424 1048 | 8974 2418 | 4889 7c24 | 204c 8944 | 2428 4c89 | 4c24 304c | 8954 2438 
  0x0000016f591dd120: 4c89 5c24 | 40c5 fb11 | 4424 50c5 | fb11 4c24 | 58c5 fb11 | 5424 60c5 | fb11 5c24 | 68c5 fb11 
  0x0000016f591dd140: 6424 70c5 | fb11 6c24 | 78c5 fb11 | b424 8000 | 0000 c5fb | 11bc 2488 | 0000 00c5 | 7b11 8424 
  0x0000016f591dd160: 9000 0000 | c57b 118c | 2498 0000 | 00c5 7b11 | 9424 a000 | 0000 c57b | 119c 24a8 | 0000 00c5 
  0x0000016f591dd180: 7b11 a424 | b000 0000 | c57b 11ac | 24b8 0000 | 00c5 7b11 | b424 c000 | 0000 c57b | 11bc 24c8 
  0x0000016f591dd1a0: 0000 0049 | 8bd7 488b | c848 83ec | 2040 f6c4 | 0f0f 8419 | 0000 0048 | 83ec 0848 | b830 3f12 
  0x0000016f591dd1c0: 90fb 7f00 | 00ff d048 | 83c4 08e9 | 0c00 0000 | 48b8 303f | 1290 fb7f | 0000 ffd0 | 4883 c420 
  0x0000016f591dd1e0: c57b 10bc | 24c8 0000 | 00c5 7b10 | b424 c000 | 0000 c57b | 10ac 24b8 | 0000 00c5 | 7b10 a424 
  0x0000016f591dd200: b000 0000 | c57b 109c | 24a8 0000 | 00c5 7b10 | 9424 a000 | 0000 c57b | 108c 2498 | 0000 00c5 
  0x0000016f591dd220: 7b10 8424 | 9000 0000 | c5fb 10bc | 2488 0000 | 00c5 fb10 | b424 8000 | 0000 c5fb | 106c 2478 
  0x0000016f591dd240: c5fb 1064 | 2470 c5fb | 105c 2468 | c5fb 1054 | 2460 c5fb | 104c 2458 | c5fb 1044 | 2450 4c8b 
  0x0000016f591dd260: 5c24 404c | 8b54 2438 | 4c8b 4c24 | 304c 8b44 | 2428 488b | 7c24 2048 | 8b74 2418 | 488b 5424 
  0x0000016f591dd280: 1048 8b4c | 2408 488b | 0424 4881 | c4d0 0000 | 00c5 f877 | 4889 4510 | 4883 ec10 | 4889 0424 
  0x0000016f591dd2a0: 48c7 4424 | 0800 0000 | 0041 83bf | d004 0000 | 020f 85bf | 0000 0048 | 81ec 8000 | 0000 4889 
  0x0000016f591dd2c0: 4424 7848 | 894c 2470 | 4889 5424 | 6848 895c | 2460 4889 | 6c24 5048 | 8974 2448 | 4889 7c24 
  0x0000016f591dd2e0: 404c 8944 | 2438 4c89 | 4c24 304c | 8954 2428 | 4c89 5c24 | 204c 8964 | 2418 4c89 | 6c24 104c 
  0x0000016f591dd300: 8974 2408 | 4c89 3c24 | 4c8b e448 | 83ec 2048 | 83e4 f048 | b8d0 f154 | 90fb 7f00 | 00ff d049 
  0x0000016f591dd320: 8be4 4c8b | 3c24 4c8b | 7424 084c | 8b6c 2410 | 4c8b 6424 | 184c 8b5c | 2420 4c8b | 5424 284c 
  0x0000016f591dd340: 8b4c 2430 | 4c8b 4424 | 3848 8b7c | 2440 488b | 7424 4848 | 8b6c 2450 | 488b 5c24 | 6048 8b54 
  0x0000016f591dd360: 2468 488b | 4c24 7048 | 8b44 2478 | 4881 c480 | 0000 004d | 33e4 488b | 5de8 4c8b | 6b08 4d8d 
  0x0000016f591dd380: 6d38 4983 | 7f08 000f | 84bb 0000 | 00e8 0500 | 0000 e996 | 0000 0048 | 8d44 2408 | 4c89 6dc0 
  0x0000016f591dd3a0: 498b cfc5 | f877 4989 | afb0 0300 | 0049 8987 | a003 0000 | 4883 ec20 | 40f6 c40f | 0f84 1900 
  0x0000016f591dd3c0: 0000 4883 | ec08 48b8 | 60ec 1d90 | fb7f 0000 | ffd0 4883 | c408 e90c | 0000 0048 | b860 ec1d 
  0x0000016f591dd3e0: 90fb 7f00 | 00ff d048 | 83c4 2049 | c787 a003 | 0000 0000 | 0000 49c7 | 87b0 0300 | 0000 0000 
  0x0000016f591dd400: 0049 c787 | a803 0000 | 0000 0000 | c5f8 7749 | 837f 0800 | 0f84 0500 | 0000 e9e1 | 3aff ff4c 
  0x0000016f591dd420: 8b6d c04c | 8b75 c84e | 8d74 f500 | c348 b9c0 | 287c 90fb | 7f00 0048 | 83e4 f048 | b830 9943 
  0x0000016f591dd440: 90fb 7f00 | 00ff d0f4 | 448b 5b28 | 41f6 c320 | 0f84 4401 | 0000 488d | 55a8 4c8b | 5a08 4d85 
  0x0000016f591dd460: db0f 85bb | 0000 00e8 | 0500 0000 | e996 0000 | 0048 8d44 | 2408 4c89 | 6dc0 498b | cfc5 f877 
  0x0000016f591dd480: 4989 afb0 | 0300 0049 | 8987 a003 | 0000 4883 | ec20 40f6 | c40f 0f84 | 1900 0000 | 4883 ec08 
  0x0000016f591dd4a0: 48b8 90eb | 1d90 fb7f | 0000 ffd0 | 4883 c408 | e90c 0000 | 0048 b890 | eb1d 90fb | 7f00 00ff 
  0x0000016f591dd4c0: d048 83c4 | 2049 c787 | a003 0000 | 0000 0000 | 49c7 87b0 | 0300 0000 | 0000 0049 | c787 a803 
  0x0000016f591dd4e0: 0000 0000 | 0000 c5f8 | 7749 837f | 0800 0f84 | 0500 0000 | e907 3aff | ff4c 8b6d | c04c 8b75 
  0x0000016f591dd500: c84e 8d74 | f500 c348 | b9c0 287c | 90fb 7f00 | 0048 83e4 | f048 b830 | 9943 90fb | 7f00 00ff 
  0x0000016f591dd520: d0f4 4c89 | 6dc0 488d | 024c 8b4a | 0848 c742 | 0800 0000 | 004c 8b00 | 4d85 c00f | 840b 0000 
  0x0000016f591dd540: 00f0 4d0f | b101 0f85 | 0c00 0000 | 49ff 8f58 | 0500 00e9 | 3e00 0000 | 4c89 4a08 | 488b ca48 
  0x0000016f591dd560: 83ec 2040 | f6c4 0f0f | 8419 0000 | 0048 83ec | 0848 b820 | be1d 90fb | 7f00 00ff | d048 83c4 
  0x0000016f591dd580: 08e9 0c00 | 0000 48b8 | 20be 1d90 | fb7f 0000 | ffd0 4883 | c420 4c8b | 6dc0 49ba | 6c40 a490 
  0x0000016f591dd5a0: fb7f 0000 | 4180 3a00 | 0f84 3e00 | 0000 488b | 55e8 498b | cf48 83ec | 2040 f6c4 | 0f0f 8419 
  0x0000016f591dd5c0: 0000 0048 | 83ec 0848 | b880 b954 | 90fb 7f00 | 00ff d048 | 83c4 08e9 | 0c00 0000 | 48b8 80b9 
  0x0000016f591dd5e0: 5490 fb7f | 0000 ffd0 | 4883 c420 | 488b 0424 | 4883 c410 | c5fb 1004 | 2448 83c4 | 104c 8b5d 
  0x0000016f591dd600: 1841 ffd3 | 4c8b 5df8 | c95f 498b | e3ff e7ba | 0000 0000 | e805 0000 | 00e9 9600 | 0000 488d 
  0x0000016f591dd620: 4424 084c | 896d c049 | 8bcf c5f8 | 7749 89af | b003 0000 | 4989 87a0 | 0300 0048 | 83ec 2040 
  0x0000016f591dd640: f6c4 0f0f | 8419 0000 | 0048 83ec | 0848 b8e0 | b11d 90fb | 7f00 00ff | d048 83c4 | 08e9 0c00 
  0x0000016f591dd660: 0000 48b8 | e0b1 1d90 | fb7f 0000 | ffd0 4883 | c420 49c7 | 87a0 0300 | 0000 0000 | 0049 c787 
  0x0000016f591dd680: b003 0000 | 0000 0000 | 49c7 87a8 | 0300 0000 | 0000 00c5 | f877 4983 | 7f08 000f | 8405 0000 
  0x0000016f591dd6a0: 00e9 5a38 | ffff 4c8b | 6dc0 4c8b | 75c8 4e8d | 74f5 00c3 | 488b 5de8 | e95b f6ff | ff66 6690 
[/MachCode]

---------------  P R O C E S S  ---------------

Threads class SMR info:
_java_thread_list=0x0000016f457b8740, length=16, elements={
0x0000016f477cf400, 0x0000016f656348c0, 0x0000016f6563a9b0, 0x0000016f6563c780,
0x0000016f6563f5f0, 0x0000016f65640050, 0x0000016f65640ab0, 0x0000016f65643850,
0x0000016f6569bac0, 0x0000016f45230940, 0x0000016f45238fe0, 0x0000016f4570e760,
0x0000016f45716de0, 0x0000016f4553e350, 0x0000016f458a0cd0, 0x0000016f45716360
}

Java Threads: ( => current thread )
  0x0000016f477cf400 JavaThread "main"                              [_thread_blocked, id=8184, stack(0x0000001ba9a00000,0x0000001ba9b00000) (1024K)]
  0x0000016f656348c0 JavaThread "Reference Handler"          daemon [_thread_blocked, id=2480, stack(0x0000001baa200000,0x0000001baa300000) (1024K)]
  0x0000016f6563a9b0 JavaThread "Finalizer"                  daemon [_thread_blocked, id=6964, stack(0x0000001baa300000,0x0000001baa400000) (1024K)]
  0x0000016f6563c780 JavaThread "Signal Dispatcher"          daemon [_thread_blocked, id=3912, stack(0x0000001baa400000,0x0000001baa500000) (1024K)]
  0x0000016f6563f5f0 JavaThread "Attach Listener"            daemon [_thread_blocked, id=7772, stack(0x0000001baa500000,0x0000001baa600000) (1024K)]
  0x0000016f65640050 JavaThread "Service Thread"             daemon [_thread_blocked, id=2072, stack(0x0000001baa600000,0x0000001baa700000) (1024K)]
  0x0000016f65640ab0 JavaThread "Monitor Deflation Thread"   daemon [_thread_blocked, id=3976, stack(0x0000001baa700000,0x0000001baa800000) (1024K)]
  0x0000016f65643850 JavaThread "C2 CompilerThread0"         daemon [_thread_blocked, id=6472, stack(0x0000001baa800000,0x0000001baa900000) (1024K)]
  0x0000016f6569bac0 JavaThread "C1 CompilerThread0"         daemon [_thread_blocked, id=1048, stack(0x0000001baa900000,0x0000001baaa00000) (1024K)]
  0x0000016f45230940 JavaThread "Notification Thread"        daemon [_thread_blocked, id=7696, stack(0x0000001baaa00000,0x0000001baab00000) (1024K)]
  0x0000016f45238fe0 JavaThread "Common-Cleaner"             daemon [_thread_blocked, id=6940, stack(0x0000001baab00000,0x0000001baac00000) (1024K)]
  0x0000016f4570e760 JavaThread "Java2D Disposer"            daemon [_thread_blocked, id=7100, stack(0x0000001baac00000,0x0000001baad00000) (1024K)]
  0x0000016f45716de0 JavaThread "AWT-Windows"                daemon [_thread_in_native, id=6740, stack(0x0000001baae00000,0x0000001baaf00000) (1024K)]
  0x0000016f4553e350 JavaThread "Thread-1"                          [_thread_in_native, id=3852, stack(0x0000001baaf00000,0x0000001bab000000) (1024K)]
  0x0000016f458a0cd0 JavaThread "AWT-Shutdown"                      [_thread_blocked, id=10472, stack(0x0000001ba9700000,0x0000001ba9800000) (1024K)]
=>0x0000016f45716360 JavaThread "AWT-EventQueue-0"                  [_thread_in_native, id=4208, stack(0x0000001ba9800000,0x0000001ba9900000) (1024K)]
Total: 16

Other Threads:
  0x0000016f6561a910 VMThread "VM Thread"                           [id=7548, stack(0x0000001baa100000,0x0000001baa200000) (1024K)]
  0x0000016f65601ad0 WatcherThread "VM Periodic Task Thread"        [id=5092, stack(0x0000001baa000000,0x0000001baa100000) (1024K)]
  0x0000016f499a1990 WorkerThread "GC Thread#0"                     [id=7212, stack(0x0000001ba9b00000,0x0000001ba9c00000) (1024K)]
  0x0000016f499b2980 ConcurrentGCThread "G1 Main Marker"            [id=8036, stack(0x0000001ba9c00000,0x0000001ba9d00000) (1024K)]
  0x0000016f499b3640 WorkerThread "G1 Conc#0"                       [id=4548, stack(0x0000001ba9d00000,0x0000001ba9e00000) (1024K)]
  0x0000016f49a0eb70 ConcurrentGCThread "G1 Refine#0"               [id=2844, stack(0x0000001ba9e00000,0x0000001ba9f00000) (1024K)]
  0x0000016f49972490 ConcurrentGCThread "G1 Service"                [id=5584, stack(0x0000001ba9f00000,0x0000001baa000000) (1024K)]
Total: 7

Threads with active compile tasks:
Total: 0

VM state: not at safepoint (normal execution)

VM Mutex/Monitor currently owned by a thread: None

Heap address: 0x0000000080000000, size: 2048 MB, Compressed Oops mode: 32-bit

CDS archive(s) mapped at: [0x0000016f00000000-0x0000016f00c60000-0x0000016f00c60000), size 12976128, SharedBaseAddress: 0x0000016f00000000, ArchiveRelocationMode: 1.
Compressed class space mapped at: 0x0000016f01000000-0x0000016f41000000, reserved size: 1073741824
Narrow klass base: 0x0000016f00000000, Narrow klass shift: 0, Narrow klass range: 0x41000000

GC Precious Log:
 CardTable entry size: 512
 Card Set container configuration: InlinePtr #cards 5 size 8 Array Of Cards #cards 12 size 40 Howl #buckets 4 coarsen threshold 1843 Howl Bitmap #cards 512 size 80 coarsen threshold 460 Card regions per heap region 1 cards per card region 2048
 CPUs: 2 total, 2 available
 Memory: 8191M
 Large Page Support: Disabled
 NUMA Support: Disabled
 Compressed Oops: Enabled (32-bit)
 Heap Region Size: 1M
 Heap Min Capacity: 8M
 Heap Initial Capacity: 128M
 Heap Max Capacity: 2G
 Pre-touch: Disabled
 Parallel Workers: 2
 Concurrent Workers: 1
 Concurrent Refinement Workers: 2
 Periodic GC: Disabled

Heap:
 garbage-first heap   total reserved 2097152K, committed 131072K, used 5120K [0x0000000080000000, 0x0000000100000000)
  region size 1024K, 6 young (6144K), 0 survivors (0K)
 Metaspace       used 3295K, committed 3520K, reserved 1114112K
  class space    used 319K, committed 448K, reserved 1048576K

Heap Regions: E=young(eden), S=young(survivor), O=old, HS=humongous(starts), HC=humongous(continues), CS=collection set, F=free, TAMS=top-at-mark-start, PB=parsable bottom
|   0|0x0000000080000000, 0x0000000080000000, 0x0000000080100000|  0%| F|  |TAMS 0x0000000080000000| PB 0x0000000080000000| Untracked |  0
|   1|0x0000000080100000, 0x0000000080100000, 0x0000000080200000|  0%| F|  |TAMS 0x0000000080100000| PB 0x0000000080100000| Untracked |  0
|   2|0x0000000080200000, 0x0000000080200000, 0x0000000080300000|  0%| F|  |TAMS 0x0000000080200000| PB 0x0000000080200000| Untracked |  0
|   3|0x0000000080300000, 0x0000000080300000, 0x0000000080400000|  0%| F|  |TAMS 0x0000000080300000| PB 0x0000000080300000| Untracked |  0
|   4|0x0000000080400000, 0x0000000080400000, 0x0000000080500000|  0%| F|  |TAMS 0x0000000080400000| PB 0x0000000080400000| Untracked |  0
|   5|0x0000000080500000, 0x0000000080500000, 0x0000000080600000|  0%| F|  |TAMS 0x0000000080500000| PB 0x0000000080500000| Untracked |  0
|   6|0x0000000080600000, 0x0000000080600000, 0x0000000080700000|  0%| F|  |TAMS 0x0000000080600000| PB 0x0000000080600000| Untracked |  0
|   7|0x0000000080700000, 0x0000000080700000, 0x0000000080800000|  0%| F|  |TAMS 0x0000000080700000| PB 0x0000000080700000| Untracked |  0
|   8|0x0000000080800000, 0x0000000080800000, 0x0000000080900000|  0%| F|  |TAMS 0x0000000080800000| PB 0x0000000080800000| Untracked |  0
|   9|0x0000000080900000, 0x0000000080900000, 0x0000000080a00000|  0%| F|  |TAMS 0x0000000080900000| PB 0x0000000080900000| Untracked |  0
|  10|0x0000000080a00000, 0x0000000080a00000, 0x0000000080b00000|  0%| F|  |TAMS 0x0000000080a00000| PB 0x0000000080a00000| Untracked |  0
|  11|0x0000000080b00000, 0x0000000080b00000, 0x0000000080c00000|  0%| F|  |TAMS 0x0000000080b00000| PB 0x0000000080b00000| Untracked |  0
|  12|0x0000000080c00000, 0x0000000080c00000, 0x0000000080d00000|  0%| F|  |TAMS 0x0000000080c00000| PB 0x0000000080c00000| Untracked |  0
|  13|0x0000000080d00000, 0x0000000080d00000, 0x0000000080e00000|  0%| F|  |TAMS 0x0000000080d00000| PB 0x0000000080d00000| Untracked |  0
|  14|0x0000000080e00000, 0x0000000080e00000, 0x0000000080f00000|  0%| F|  |TAMS 0x0000000080e00000| PB 0x0000000080e00000| Untracked |  0
|  15|0x0000000080f00000, 0x0000000080f00000, 0x0000000081000000|  0%| F|  |TAMS 0x0000000080f00000| PB 0x0000000080f00000| Untracked |  0
|  16|0x0000000081000000, 0x0000000081000000, 0x0000000081100000|  0%| F|  |TAMS 0x0000000081000000| PB 0x0000000081000000| Untracked |  0
|  17|0x0000000081100000, 0x0000000081100000, 0x0000000081200000|  0%| F|  |TAMS 0x0000000081100000| PB 0x0000000081100000| Untracked |  0
|  18|0x0000000081200000, 0x0000000081200000, 0x0000000081300000|  0%| F|  |TAMS 0x0000000081200000| PB 0x0000000081200000| Untracked |  0
|  19|0x0000000081300000, 0x0000000081300000, 0x0000000081400000|  0%| F|  |TAMS 0x0000000081300000| PB 0x0000000081300000| Untracked |  0
|  20|0x0000000081400000, 0x0000000081400000, 0x0000000081500000|  0%| F|  |TAMS 0x0000000081400000| PB 0x0000000081400000| Untracked |  0
|  21|0x0000000081500000, 0x0000000081500000, 0x0000000081600000|  0%| F|  |TAMS 0x0000000081500000| PB 0x0000000081500000| Untracked |  0
|  22|0x0000000081600000, 0x0000000081600000, 0x0000000081700000|  0%| F|  |TAMS 0x0000000081600000| PB 0x0000000081600000| Untracked |  0
|  23|0x0000000081700000, 0x0000000081700000, 0x0000000081800000|  0%| F|  |TAMS 0x0000000081700000| PB 0x0000000081700000| Untracked |  0
|  24|0x0000000081800000, 0x0000000081800000, 0x0000000081900000|  0%| F|  |TAMS 0x0000000081800000| PB 0x0000000081800000| Untracked |  0
|  25|0x0000000081900000, 0x0000000081900000, 0x0000000081a00000|  0%| F|  |TAMS 0x0000000081900000| PB 0x0000000081900000| Untracked |  0
|  26|0x0000000081a00000, 0x0000000081a00000, 0x0000000081b00000|  0%| F|  |TAMS 0x0000000081a00000| PB 0x0000000081a00000| Untracked |  0
|  27|0x0000000081b00000, 0x0000000081b00000, 0x0000000081c00000|  0%| F|  |TAMS 0x0000000081b00000| PB 0x0000000081b00000| Untracked |  0
|  28|0x0000000081c00000, 0x0000000081c00000, 0x0000000081d00000|  0%| F|  |TAMS 0x0000000081c00000| PB 0x0000000081c00000| Untracked |  0
|  29|0x0000000081d00000, 0x0000000081d00000, 0x0000000081e00000|  0%| F|  |TAMS 0x0000000081d00000| PB 0x0000000081d00000| Untracked |  0
|  30|0x0000000081e00000, 0x0000000081e00000, 0x0000000081f00000|  0%| F|  |TAMS 0x0000000081e00000| PB 0x0000000081e00000| Untracked |  0
|  31|0x0000000081f00000, 0x0000000081f00000, 0x0000000082000000|  0%| F|  |TAMS 0x0000000081f00000| PB 0x0000000081f00000| Untracked |  0
|  32|0x0000000082000000, 0x0000000082000000, 0x0000000082100000|  0%| F|  |TAMS 0x0000000082000000| PB 0x0000000082000000| Untracked |  0
|  33|0x0000000082100000, 0x0000000082100000, 0x0000000082200000|  0%| F|  |TAMS 0x0000000082100000| PB 0x0000000082100000| Untracked |  0
|  34|0x0000000082200000, 0x0000000082200000, 0x0000000082300000|  0%| F|  |TAMS 0x0000000082200000| PB 0x0000000082200000| Untracked |  0
|  35|0x0000000082300000, 0x0000000082300000, 0x0000000082400000|  0%| F|  |TAMS 0x0000000082300000| PB 0x0000000082300000| Untracked |  0
|  36|0x0000000082400000, 0x0000000082400000, 0x0000000082500000|  0%| F|  |TAMS 0x0000000082400000| PB 0x0000000082400000| Untracked |  0
|  37|0x0000000082500000, 0x0000000082500000, 0x0000000082600000|  0%| F|  |TAMS 0x0000000082500000| PB 0x0000000082500000| Untracked |  0
|  38|0x0000000082600000, 0x0000000082600000, 0x0000000082700000|  0%| F|  |TAMS 0x0000000082600000| PB 0x0000000082600000| Untracked |  0
|  39|0x0000000082700000, 0x0000000082700000, 0x0000000082800000|  0%| F|  |TAMS 0x0000000082700000| PB 0x0000000082700000| Untracked |  0
|  40|0x0000000082800000, 0x0000000082800000, 0x0000000082900000|  0%| F|  |TAMS 0x0000000082800000| PB 0x0000000082800000| Untracked |  0
|  41|0x0000000082900000, 0x0000000082900000, 0x0000000082a00000|  0%| F|  |TAMS 0x0000000082900000| PB 0x0000000082900000| Untracked |  0
|  42|0x0000000082a00000, 0x0000000082a00000, 0x0000000082b00000|  0%| F|  |TAMS 0x0000000082a00000| PB 0x0000000082a00000| Untracked |  0
|  43|0x0000000082b00000, 0x0000000082b00000, 0x0000000082c00000|  0%| F|  |TAMS 0x0000000082b00000| PB 0x0000000082b00000| Untracked |  0
|  44|0x0000000082c00000, 0x0000000082c00000, 0x0000000082d00000|  0%| F|  |TAMS 0x0000000082c00000| PB 0x0000000082c00000| Untracked |  0
|  45|0x0000000082d00000, 0x0000000082d00000, 0x0000000082e00000|  0%| F|  |TAMS 0x0000000082d00000| PB 0x0000000082d00000| Untracked |  0
|  46|0x0000000082e00000, 0x0000000082e00000, 0x0000000082f00000|  0%| F|  |TAMS 0x0000000082e00000| PB 0x0000000082e00000| Untracked |  0
|  47|0x0000000082f00000, 0x0000000082f00000, 0x0000000083000000|  0%| F|  |TAMS 0x0000000082f00000| PB 0x0000000082f00000| Untracked |  0
|  48|0x0000000083000000, 0x0000000083000000, 0x0000000083100000|  0%| F|  |TAMS 0x0000000083000000| PB 0x0000000083000000| Untracked |  0
|  49|0x0000000083100000, 0x0000000083100000, 0x0000000083200000|  0%| F|  |TAMS 0x0000000083100000| PB 0x0000000083100000| Untracked |  0
|  50|0x0000000083200000, 0x0000000083200000, 0x0000000083300000|  0%| F|  |TAMS 0x0000000083200000| PB 0x0000000083200000| Untracked |  0
|  51|0x0000000083300000, 0x0000000083300000, 0x0000000083400000|  0%| F|  |TAMS 0x0000000083300000| PB 0x0000000083300000| Untracked |  0
|  52|0x0000000083400000, 0x0000000083400000, 0x0000000083500000|  0%| F|  |TAMS 0x0000000083400000| PB 0x0000000083400000| Untracked |  0
|  53|0x0000000083500000, 0x0000000083500000, 0x0000000083600000|  0%| F|  |TAMS 0x0000000083500000| PB 0x0000000083500000| Untracked |  0
|  54|0x0000000083600000, 0x0000000083600000, 0x0000000083700000|  0%| F|  |TAMS 0x0000000083600000| PB 0x0000000083600000| Untracked |  0
|  55|0x0000000083700000, 0x0000000083700000, 0x0000000083800000|  0%| F|  |TAMS 0x0000000083700000| PB 0x0000000083700000| Untracked |  0
|  56|0x0000000083800000, 0x0000000083800000, 0x0000000083900000|  0%| F|  |TAMS 0x0000000083800000| PB 0x0000000083800000| Untracked |  0
|  57|0x0000000083900000, 0x0000000083900000, 0x0000000083a00000|  0%| F|  |TAMS 0x0000000083900000| PB 0x0000000083900000| Untracked |  0
|  58|0x0000000083a00000, 0x0000000083a00000, 0x0000000083b00000|  0%| F|  |TAMS 0x0000000083a00000| PB 0x0000000083a00000| Untracked |  0
|  59|0x0000000083b00000, 0x0000000083b00000, 0x0000000083c00000|  0%| F|  |TAMS 0x0000000083b00000| PB 0x0000000083b00000| Untracked |  0
|  60|0x0000000083c00000, 0x0000000083c00000, 0x0000000083d00000|  0%| F|  |TAMS 0x0000000083c00000| PB 0x0000000083c00000| Untracked |  0
|  61|0x0000000083d00000, 0x0000000083d00000, 0x0000000083e00000|  0%| F|  |TAMS 0x0000000083d00000| PB 0x0000000083d00000| Untracked |  0
|  62|0x0000000083e00000, 0x0000000083e00000, 0x0000000083f00000|  0%| F|  |TAMS 0x0000000083e00000| PB 0x0000000083e00000| Untracked |  0
|  63|0x0000000083f00000, 0x0000000083f00000, 0x0000000084000000|  0%| F|  |TAMS 0x0000000083f00000| PB 0x0000000083f00000| Untracked |  0
|  64|0x0000000084000000, 0x0000000084000000, 0x0000000084100000|  0%| F|  |TAMS 0x0000000084000000| PB 0x0000000084000000| Untracked |  0
|  65|0x0000000084100000, 0x0000000084100000, 0x0000000084200000|  0%| F|  |TAMS 0x0000000084100000| PB 0x0000000084100000| Untracked |  0
|  66|0x0000000084200000, 0x0000000084200000, 0x0000000084300000|  0%| F|  |TAMS 0x0000000084200000| PB 0x0000000084200000| Untracked |  0
|  67|0x0000000084300000, 0x0000000084300000, 0x0000000084400000|  0%| F|  |TAMS 0x0000000084300000| PB 0x0000000084300000| Untracked |  0
|  68|0x0000000084400000, 0x0000000084400000, 0x0000000084500000|  0%| F|  |TAMS 0x0000000084400000| PB 0x0000000084400000| Untracked |  0
|  69|0x0000000084500000, 0x0000000084500000, 0x0000000084600000|  0%| F|  |TAMS 0x0000000084500000| PB 0x0000000084500000| Untracked |  0
|  70|0x0000000084600000, 0x0000000084600000, 0x0000000084700000|  0%| F|  |TAMS 0x0000000084600000| PB 0x0000000084600000| Untracked |  0
|  71|0x0000000084700000, 0x0000000084700000, 0x0000000084800000|  0%| F|  |TAMS 0x0000000084700000| PB 0x0000000084700000| Untracked |  0
|  72|0x0000000084800000, 0x0000000084800000, 0x0000000084900000|  0%| F|  |TAMS 0x0000000084800000| PB 0x0000000084800000| Untracked |  0
|  73|0x0000000084900000, 0x0000000084900000, 0x0000000084a00000|  0%| F|  |TAMS 0x0000000084900000| PB 0x0000000084900000| Untracked |  0
|  74|0x0000000084a00000, 0x0000000084a00000, 0x0000000084b00000|  0%| F|  |TAMS 0x0000000084a00000| PB 0x0000000084a00000| Untracked |  0
|  75|0x0000000084b00000, 0x0000000084b00000, 0x0000000084c00000|  0%| F|  |TAMS 0x0000000084b00000| PB 0x0000000084b00000| Untracked |  0
|  76|0x0000000084c00000, 0x0000000084c00000, 0x0000000084d00000|  0%| F|  |TAMS 0x0000000084c00000| PB 0x0000000084c00000| Untracked |  0
|  77|0x0000000084d00000, 0x0000000084d00000, 0x0000000084e00000|  0%| F|  |TAMS 0x0000000084d00000| PB 0x0000000084d00000| Untracked |  0
|  78|0x0000000084e00000, 0x0000000084e00000, 0x0000000084f00000|  0%| F|  |TAMS 0x0000000084e00000| PB 0x0000000084e00000| Untracked |  0
|  79|0x0000000084f00000, 0x0000000084f00000, 0x0000000085000000|  0%| F|  |TAMS 0x0000000084f00000| PB 0x0000000084f00000| Untracked |  0
|  80|0x0000000085000000, 0x0000000085000000, 0x0000000085100000|  0%| F|  |TAMS 0x0000000085000000| PB 0x0000000085000000| Untracked |  0
|  81|0x0000000085100000, 0x0000000085100000, 0x0000000085200000|  0%| F|  |TAMS 0x0000000085100000| PB 0x0000000085100000| Untracked |  0
|  82|0x0000000085200000, 0x0000000085200000, 0x0000000085300000|  0%| F|  |TAMS 0x0000000085200000| PB 0x0000000085200000| Untracked |  0
|  83|0x0000000085300000, 0x0000000085300000, 0x0000000085400000|  0%| F|  |TAMS 0x0000000085300000| PB 0x0000000085300000| Untracked |  0
|  84|0x0000000085400000, 0x0000000085400000, 0x0000000085500000|  0%| F|  |TAMS 0x0000000085400000| PB 0x0000000085400000| Untracked |  0
|  85|0x0000000085500000, 0x0000000085500000, 0x0000000085600000|  0%| F|  |TAMS 0x0000000085500000| PB 0x0000000085500000| Untracked |  0
|  86|0x0000000085600000, 0x0000000085600000, 0x0000000085700000|  0%| F|  |TAMS 0x0000000085600000| PB 0x0000000085600000| Untracked |  0
|  87|0x0000000085700000, 0x0000000085700000, 0x0000000085800000|  0%| F|  |TAMS 0x0000000085700000| PB 0x0000000085700000| Untracked |  0
|  88|0x0000000085800000, 0x0000000085800000, 0x0000000085900000|  0%| F|  |TAMS 0x0000000085800000| PB 0x0000000085800000| Untracked |  0
|  89|0x0000000085900000, 0x0000000085900000, 0x0000000085a00000|  0%| F|  |TAMS 0x0000000085900000| PB 0x0000000085900000| Untracked |  0
|  90|0x0000000085a00000, 0x0000000085a00000, 0x0000000085b00000|  0%| F|  |TAMS 0x0000000085a00000| PB 0x0000000085a00000| Untracked |  0
|  91|0x0000000085b00000, 0x0000000085b00000, 0x0000000085c00000|  0%| F|  |TAMS 0x0000000085b00000| PB 0x0000000085b00000| Untracked |  0
|  92|0x0000000085c00000, 0x0000000085c00000, 0x0000000085d00000|  0%| F|  |TAMS 0x0000000085c00000| PB 0x0000000085c00000| Untracked |  0
|  93|0x0000000085d00000, 0x0000000085d00000, 0x0000000085e00000|  0%| F|  |TAMS 0x0000000085d00000| PB 0x0000000085d00000| Untracked |  0
|  94|0x0000000085e00000, 0x0000000085e00000, 0x0000000085f00000|  0%| F|  |TAMS 0x0000000085e00000| PB 0x0000000085e00000| Untracked |  0
|  95|0x0000000085f00000, 0x0000000085f00000, 0x0000000086000000|  0%| F|  |TAMS 0x0000000085f00000| PB 0x0000000085f00000| Untracked |  0
|  96|0x0000000086000000, 0x0000000086000000, 0x0000000086100000|  0%| F|  |TAMS 0x0000000086000000| PB 0x0000000086000000| Untracked |  0
|  97|0x0000000086100000, 0x0000000086100000, 0x0000000086200000|  0%| F|  |TAMS 0x0000000086100000| PB 0x0000000086100000| Untracked |  0
|  98|0x0000000086200000, 0x0000000086200000, 0x0000000086300000|  0%| F|  |TAMS 0x0000000086200000| PB 0x0000000086200000| Untracked |  0
|  99|0x0000000086300000, 0x0000000086300000, 0x0000000086400000|  0%| F|  |TAMS 0x0000000086300000| PB 0x0000000086300000| Untracked |  0
| 100|0x0000000086400000, 0x0000000086400000, 0x0000000086500000|  0%| F|  |TAMS 0x0000000086400000| PB 0x0000000086400000| Untracked |  0
| 101|0x0000000086500000, 0x0000000086500000, 0x0000000086600000|  0%| F|  |TAMS 0x0000000086500000| PB 0x0000000086500000| Untracked |  0
| 102|0x0000000086600000, 0x0000000086600000, 0x0000000086700000|  0%| F|  |TAMS 0x0000000086600000| PB 0x0000000086600000| Untracked |  0
| 103|0x0000000086700000, 0x0000000086700000, 0x0000000086800000|  0%| F|  |TAMS 0x0000000086700000| PB 0x0000000086700000| Untracked |  0
| 104|0x0000000086800000, 0x0000000086800000, 0x0000000086900000|  0%| F|  |TAMS 0x0000000086800000| PB 0x0000000086800000| Untracked |  0
| 105|0x0000000086900000, 0x0000000086900000, 0x0000000086a00000|  0%| F|  |TAMS 0x0000000086900000| PB 0x0000000086900000| Untracked |  0
| 106|0x0000000086a00000, 0x0000000086a00000, 0x0000000086b00000|  0%| F|  |TAMS 0x0000000086a00000| PB 0x0000000086a00000| Untracked |  0
| 107|0x0000000086b00000, 0x0000000086b00000, 0x0000000086c00000|  0%| F|  |TAMS 0x0000000086b00000| PB 0x0000000086b00000| Untracked |  0
| 108|0x0000000086c00000, 0x0000000086c00000, 0x0000000086d00000|  0%| F|  |TAMS 0x0000000086c00000| PB 0x0000000086c00000| Untracked |  0
| 109|0x0000000086d00000, 0x0000000086d00000, 0x0000000086e00000|  0%| F|  |TAMS 0x0000000086d00000| PB 0x0000000086d00000| Untracked |  0
| 110|0x0000000086e00000, 0x0000000086e00000, 0x0000000086f00000|  0%| F|  |TAMS 0x0000000086e00000| PB 0x0000000086e00000| Untracked |  0
| 111|0x0000000086f00000, 0x0000000086f00000, 0x0000000087000000|  0%| F|  |TAMS 0x0000000086f00000| PB 0x0000000086f00000| Untracked |  0
| 112|0x0000000087000000, 0x0000000087000000, 0x0000000087100000|  0%| F|  |TAMS 0x0000000087000000| PB 0x0000000087000000| Untracked |  0
| 113|0x0000000087100000, 0x0000000087100000, 0x0000000087200000|  0%| F|  |TAMS 0x0000000087100000| PB 0x0000000087100000| Untracked |  0
| 114|0x0000000087200000, 0x0000000087200000, 0x0000000087300000|  0%| F|  |TAMS 0x0000000087200000| PB 0x0000000087200000| Untracked |  0
| 115|0x0000000087300000, 0x0000000087300000, 0x0000000087400000|  0%| F|  |TAMS 0x0000000087300000| PB 0x0000000087300000| Untracked |  0
| 116|0x0000000087400000, 0x0000000087400000, 0x0000000087500000|  0%| F|  |TAMS 0x0000000087400000| PB 0x0000000087400000| Untracked |  0
| 117|0x0000000087500000, 0x0000000087500000, 0x0000000087600000|  0%| F|  |TAMS 0x0000000087500000| PB 0x0000000087500000| Untracked |  0
| 118|0x0000000087600000, 0x0000000087600000, 0x0000000087700000|  0%| F|  |TAMS 0x0000000087600000| PB 0x0000000087600000| Untracked |  0
| 119|0x0000000087700000, 0x0000000087700000, 0x0000000087800000|  0%| F|  |TAMS 0x0000000087700000| PB 0x0000000087700000| Untracked |  0
| 120|0x0000000087800000, 0x0000000087800000, 0x0000000087900000|  0%| F|  |TAMS 0x0000000087800000| PB 0x0000000087800000| Untracked |  0
| 121|0x0000000087900000, 0x0000000087900000, 0x0000000087a00000|  0%| F|  |TAMS 0x0000000087900000| PB 0x0000000087900000| Untracked |  0
| 122|0x0000000087a00000, 0x0000000087a8f660, 0x0000000087b00000| 56%| E|  |TAMS 0x0000000087a00000| PB 0x0000000087a00000| Complete |  0
| 123|0x0000000087b00000, 0x0000000087c00000, 0x0000000087c00000|100%| E|CS|TAMS 0x0000000087b00000| PB 0x0000000087b00000| Complete |  0
| 124|0x0000000087c00000, 0x0000000087d00000, 0x0000000087d00000|100%| E|CS|TAMS 0x0000000087c00000| PB 0x0000000087c00000| Complete |  0
| 125|0x0000000087d00000, 0x0000000087e00000, 0x0000000087e00000|100%| E|CS|TAMS 0x0000000087d00000| PB 0x0000000087d00000| Complete |  1
| 126|0x0000000087e00000, 0x0000000087f00000, 0x0000000087f00000|100%| E|CS|TAMS 0x0000000087e00000| PB 0x0000000087e00000| Complete |  0
| 127|0x0000000087f00000, 0x0000000088000000, 0x0000000088000000|100%| E|CS|TAMS 0x0000000087f00000| PB 0x0000000087f00000| Complete |  0

Card table byte_map: [0x0000016f610a0000,0x0000016f614a0000] _byte_map_base: 0x0000016f60ca0000

Marking Bits: (CMBitMap*) 0x0000016f499a20a0
 Bits: [0x0000016f614a0000, 0x0000016f634a0000)

Polling page: 0x0000016f47790000

Metaspace:

Usage:
  Non-class:      2.91 MB used.
      Class:    319.32 KB used.
       Both:      3.22 MB used.

Virtual space:
  Non-class space:       64.00 MB reserved,       3.00 MB (  5%) committed,  1 nodes.
      Class space:        1.00 GB reserved,     448.00 KB ( <1%) committed,  1 nodes.
             Both:        1.06 GB reserved,       3.44 MB ( <1%) committed. 

Chunk freelists:
   Non-Class:  11.79 MB
       Class:  15.56 MB
        Both:  27.35 MB

MaxMetaspaceSize: unlimited
CompressedClassSpaceSize: 1.00 GB
Initial GC threshold: 21.00 MB
Current GC threshold: 21.00 MB
CDS: on
 - commit_granule_bytes: 65536.
 - commit_granule_words: 8192.
 - virtual_space_node_default_size: 8388608.
 - enlarge_chunks_in_place: 1.
 - use_allocation_guard: 0.


Internal statistics:

num_allocs_failed_limit: 0.
num_arena_births: 106.
num_arena_deaths: 0.
num_vsnodes_births: 2.
num_vsnodes_deaths: 0.
num_space_committed: 55.
num_space_uncommitted: 0.
num_chunks_returned_to_freelist: 0.
num_chunks_taken_from_freelist: 130.
num_chunk_merges: 0.
num_chunk_splits: 83.
num_chunks_enlarged: 41.
num_inconsistent_stats: 0.

CodeHeap 'non-profiled nmethods': size=120064Kb used=168Kb max_used=168Kb free=119895Kb
 bounds [0x0000016f59760000, 0x0000016f599d0000, 0x0000016f60ca0000]
CodeHeap 'profiled nmethods': size=120000Kb used=697Kb max_used=697Kb free=119302Kb
 bounds [0x0000016f51ca0000, 0x0000016f51f10000, 0x0000016f591d0000]
CodeHeap 'non-nmethods': size=5696Kb used=1423Kb max_used=1437Kb free=4272Kb
 bounds [0x0000016f591d0000, 0x0000016f59440000, 0x0000016f59760000]
 total_blobs=1027 nmethods=512 adapters=420
 compilation: enabled
              stopped_count=0, restarted_count=0
 full_count=0

Compilation events (20 events):
Event: 26.865 Thread 0x0000016f6569bac0  503       3       java.lang.StringConcatHelper::prepend (37 bytes)
Event: 26.865 Thread 0x0000016f6569bac0 nmethod 503 0x0000016f51d4b910 code [0x0000016f51d4bae0, 0x0000016f51d4bda0]
Event: 462.348 Thread 0x0000016f6569bac0  504       1       java.lang.Thread::isInterrupted (5 bytes)
Event: 462.348 Thread 0x0000016f6569bac0 nmethod 504 0x0000016f59789590 code [0x0000016f59789720, 0x0000016f597897f0]
Event: 512.414 Thread 0x0000016f6569bac0  505       1       jdk.internal.event.ThreadSleepEvent::isEnabled (2 bytes)
Event: 512.414 Thread 0x0000016f6569bac0 nmethod 505 0x0000016f59789890 code [0x0000016f59789a20, 0x0000016f59789ae8]
Event: 540.179 Thread 0x0000016f6569bac0  506       1       java.util.concurrent.locks.AbstractOwnableSynchronizer::setExclusiveOwnerThread (6 bytes)
Event: 540.179 Thread 0x0000016f6569bac0 nmethod 506 0x0000016f59789b90 code [0x0000016f59789d20, 0x0000016f59789e30]
Event: 556.996 Thread 0x0000016f6569bac0  507       3       java.util.HashMap::isEmpty (13 bytes)
Event: 556.997 Thread 0x0000016f6569bac0 nmethod 507 0x0000016f51d4bf10 code [0x0000016f51d4c0a0, 0x0000016f51d4c200]
Event: 557.472 Thread 0x0000016f6569bac0  508       3       jdk.internal.org.objectweb.asm.Label::resolve (219 bytes)
Event: 557.472 Thread 0x0000016f6569bac0 nmethod 508 0x0000016f51d4c290 code [0x0000016f51d4c460, 0x0000016f51d4c948]
Event: 557.472 Thread 0x0000016f6569bac0  509       3       jdk.internal.org.objectweb.asm.SymbolTable::addConstantMemberReference (147 bytes)
Event: 557.473 Thread 0x0000016f6569bac0 nmethod 509 0x0000016f51d4cc10 code [0x0000016f51d4cea0, 0x0000016f51d4d738]
Event: 557.474 Thread 0x0000016f6569bac0  510       3       jdk.internal.org.objectweb.asm.ByteVector::enlarge (73 bytes)
Event: 557.474 Thread 0x0000016f6569bac0 nmethod 510 0x0000016f51d4dc90 code [0x0000016f51d4de60, 0x0000016f51d4e220]
Event: 557.474 Thread 0x0000016f65643850  511       4       java.lang.invoke.MethodType::parameterCount (6 bytes)
Event: 557.474 Thread 0x0000016f6569bac0  512       3       java.lang.invoke.MethodType::toMethodDescriptorString (28 bytes)
Event: 557.474 Thread 0x0000016f6569bac0 nmethod 512 0x0000016f51d4e390 code [0x0000016f51d4e540, 0x0000016f51d4e718]
Event: 557.475 Thread 0x0000016f65643850 nmethod 511 0x0000016f59789e90 code [0x0000016f5978a000, 0x0000016f5978a0a0]

GC Heap History (0 events):
No events

Dll operation events (8 events):
Event: 0.011 Loaded shared library C:\Program Files\Java\jdk-22\bin\java.dll
Event: 0.051 Loaded shared library C:\Program Files\Java\jdk-22\bin\jsvml.dll
Event: 0.114 Loaded shared library C:\Program Files\Java\jdk-22\bin\net.dll
Event: 0.116 Loaded shared library C:\Program Files\Java\jdk-22\bin\nio.dll
Event: 0.120 Loaded shared library C:\Program Files\Java\jdk-22\bin\zip.dll
Event: 0.162 Loaded shared library C:\Program Files\Java\jdk-22\bin\verify.dll
Event: 0.191 Loaded shared library C:\Program Files\Java\jdk-22\bin\awt.dll
Event: 0.204 Loaded shared library C:\Program Files\Java\jdk-22\bin\jimage.dll

Deoptimization events (18 events):
Event: 0.130 Thread 0x0000016f477cf400 DEOPT PACKING pc=0x0000016f51ca0ba8 sp=0x0000001ba9afa400
Event: 0.130 Thread 0x0000016f477cf400 DEOPT UNPACKING pc=0x0000016f59224e42 sp=0x0000001ba9af9878 mode 0
Event: 0.135 Thread 0x0000016f477cf400 DEOPT PACKING pc=0x0000016f51cb97c9 sp=0x0000001ba9afa460
Event: 0.135 Thread 0x0000016f477cf400 DEOPT UNPACKING pc=0x0000016f59224e42 sp=0x0000001ba9af98d0 mode 0
Event: 0.135 Thread 0x0000016f477cf400 DEOPT PACKING pc=0x0000016f51cb97c9 sp=0x0000001ba9afa460
Event: 0.135 Thread 0x0000016f477cf400 DEOPT UNPACKING pc=0x0000016f59224e42 sp=0x0000001ba9af98d0 mode 0
Event: 0.136 Thread 0x0000016f477cf400 DEOPT PACKING pc=0x0000016f51cb97c9 sp=0x0000001ba9afa460
Event: 0.136 Thread 0x0000016f477cf400 DEOPT UNPACKING pc=0x0000016f59224e42 sp=0x0000001ba9af98d0 mode 0
Event: 0.242 Thread 0x0000016f477cf400 DEOPT PACKING pc=0x0000016f51cb84fc sp=0x0000001ba9afb5f0
Event: 0.242 Thread 0x0000016f477cf400 DEOPT UNPACKING pc=0x0000016f59224e42 sp=0x0000001ba9afaa10 mode 0
Event: 0.316 Thread 0x0000016f477cf400 Uncommon trap: trap_request=0xffffff45 fr.pc=0x0000016f59765fcc relative=0x000000000000012c
Event: 0.316 Thread 0x0000016f477cf400 Uncommon trap: reason=unstable_if action=reinterpret pc=0x0000016f59765fcc method=java.lang.StringCoding.countPositives([BII)I @ 17 c2
Event: 0.316 Thread 0x0000016f477cf400 DEOPT PACKING pc=0x0000016f59765fcc sp=0x0000001ba9afea70
Event: 0.316 Thread 0x0000016f477cf400 DEOPT UNPACKING pc=0x0000016f592246a2 sp=0x0000001ba9afea10 mode 2
Event: 0.327 Thread 0x0000016f4553e350 DEOPT PACKING pc=0x0000016f51ca6a4c sp=0x0000001baaffd7e0
Event: 0.327 Thread 0x0000016f4553e350 DEOPT UNPACKING pc=0x0000016f59224e42 sp=0x0000001baaffcc48 mode 0
Event: 0.357 Thread 0x0000016f477cf400 DEOPT PACKING pc=0x0000016f51ca6a4c sp=0x0000001ba9afd590
Event: 0.357 Thread 0x0000016f477cf400 DEOPT UNPACKING pc=0x0000016f59224e42 sp=0x0000001ba9afc9f8 mode 0

Classes loaded (20 events):
Event: 557.985 Loading class java/awt/ModalEventFilter
Event: 557.985 Loading class java/awt/ModalEventFilter done
Event: 557.985 Loading class java/awt/EventFilter$FilterAction
Event: 557.985 Loading class java/awt/EventFilter$FilterAction done
Event: 557.985 Loading class sun/awt/dnd/SunDragSourceContextPeer
Event: 557.985 Loading class java/awt/dnd/peer/DragSourceContextPeer
Event: 557.985 Loading class java/awt/dnd/peer/DragSourceContextPeer done
Event: 557.985 Loading class sun/awt/dnd/SunDragSourceContextPeer done
Event: 557.985 Loading class java/awt/EventQueue$4
Event: 557.985 Loading class java/awt/EventQueue$4 done
Event: 557.985 Loading class java/awt/MenuComponent
Event: 557.985 Loading class java/awt/MenuComponent done
Event: 557.985 Loading class java/awt/TrayIcon
Event: 557.986 Loading class java/awt/TrayIcon done
Event: 557.986 Loading class java/awt/event/InputMethodEvent
Event: 557.986 Loading class java/awt/event/InputMethodEvent done
Event: 557.986 Loading class java/awt/event/ActionEvent
Event: 557.986 Loading class java/awt/event/ActionEvent done
Event: 557.986 Loading class java/util/ArrayList$ListItr
Event: 557.986 Loading class java/util/ArrayList$ListItr done

Classes unloaded (0 events):
No events

Classes redefined (0 events):
No events

Internal exceptions (9 events):
Event: 0.195 Thread 0x0000016f477cf400 Exception <a 'java/lang/ClassNotFoundException'{0x0000000087d59e60}: sun/awt/resources/spi/awtProvider> (0x0000000087d59e60) 
thrown [s\open\src\hotspot\share\classfile\systemDictionary.cpp, line 313]
Event: 0.222 Thread 0x0000016f477cf400 Exception <a 'java/io/FileNotFoundException'{0x0000000087db0558}> (0x0000000087db0558) 
thrown [s\open\src\hotspot\share\prims\jni.cpp, line 520]
Event: 0.234 Thread 0x0000016f477cf400 Exception <a 'java/io/FileNotFoundException'{0x0000000087dde9f8}> (0x0000000087dde9f8) 
thrown [s\open\src\hotspot\share\prims\jni.cpp, line 520]
Event: 0.311 Thread 0x0000016f477cf400 Exception <a 'java/lang/NoSuchMethodError'{0x0000000087c66838}: 'void java.lang.invoke.DirectMethodHandle$Holder.invokeStatic(java.lang.Object, java.lang.Object)'> (0x0000000087c66838) 
thrown [s\open\src\hotspot\share\interpreter\linkResolver.cpp, line 774]
Event: 0.357 Thread 0x0000016f477cf400 Exception <a 'java/lang/NoSuchMethodError'{0x0000000087b0caf0}: 'void java.lang.invoke.DirectMethodHandle$Holder.invokeStatic(java.lang.Object, long)'> (0x0000000087b0caf0) 
thrown [s\open\src\hotspot\share\interpreter\linkResolver.cpp, line 774]
Event: 0.358 Thread 0x0000016f477cf400 Exception <a 'java/lang/NoSuchMethodError'{0x0000000087b117c0}: 'java.lang.Object java.lang.invoke.DirectMethodHandle$Holder.newInvokeSpecial(java.lang.Object, long)'> (0x0000000087b117c0) 
thrown [s\open\src\hotspot\share\interpreter\linkResolver.cpp, line 774]
Event: 0.360 Thread 0x0000016f477cf400 Exception <a 'java/lang/NoSuchMethodError'{0x0000000087b17bb8}: 'java.lang.Object java.lang.invoke.DirectMethodHandle$Holder.invokeStatic(java.lang.Object, long, java.lang.Object)'> (0x0000000087b17bb8) 
thrown [s\open\src\hotspot\share\interpreter\linkResolver.cpp, line 774]
Event: 0.360 Thread 0x0000016f477cf400 Exception <a 'java/lang/NoSuchMethodError'{0x0000000087b1b0c0}: 'java.lang.Object java.lang.invoke.DirectMethodHandle$Holder.invokeStaticInit(java.lang.Object, long, java.lang.Object)'> (0x0000000087b1b0c0) 
thrown [s\open\src\hotspot\share\interpreter\linkResolver.cpp, line 774]
Event: 557.472 Thread 0x0000016f45716de0 Exception <a 'java/lang/NoSuchMethodError'{0x0000000087c9a950}: 'void java.lang.invoke.DirectMethodHandle$Holder.invokeStaticInit(java.lang.Object)'> (0x0000000087c9a950) 
thrown [s\open\src\hotspot\share\interpreter\linkResolver.cpp, line 774]

ZGC Phase Switch (0 events):
No events

VM Operations (20 events):
Event: 27.566 Executing VM operation: Cleanup
Event: 27.566 Executing VM operation: Cleanup done
Event: 60.124 Executing VM operation: HandshakeAllThreads (HandshakeForDeflation)
Event: 60.124 Executing VM operation: HandshakeAllThreads (HandshakeForDeflation) done
Event: 60.125 Executing VM operation: RendezvousGCThreads
Event: 60.125 Executing VM operation: RendezvousGCThreads done
Event: 240.488 Executing VM operation: HandshakeAllThreads (HandshakeForDeflation)
Event: 240.488 Executing VM operation: HandshakeAllThreads (HandshakeForDeflation) done
Event: 240.488 Executing VM operation: RendezvousGCThreads
Event: 240.488 Executing VM operation: RendezvousGCThreads done
Event: 420.991 Executing VM operation: HandshakeAllThreads (HandshakeForDeflation)
Event: 420.991 Executing VM operation: HandshakeAllThreads (HandshakeForDeflation) done
Event: 420.991 Executing VM operation: RendezvousGCThreads
Event: 420.991 Executing VM operation: RendezvousGCThreads done
Event: 481.197 Executing VM operation: HandshakeAllThreads (HandshakeForDeflation)
Event: 481.197 Executing VM operation: HandshakeAllThreads (HandshakeForDeflation) done
Event: 481.197 Executing VM operation: RendezvousGCThreads
Event: 481.197 Executing VM operation: RendezvousGCThreads done
Event: 557.816 Executing VM operation: Cleanup
Event: 557.984 Executing VM operation: Cleanup done

Memory protections (0 events):
No events

Nmethod flushes (0 events):
No events

Events (20 events):
Event: 0.057 Thread 0x0000016f477cf400 Thread added: 0x0000016f6569bac0
Event: 0.102 Thread 0x0000016f477cf400 Thread added: 0x0000016f45230940
Event: 0.108 Thread 0x0000016f477cf400 Thread added: 0x0000016f45238fe0
Event: 0.289 Thread 0x0000016f477cf400 Thread added: 0x0000016f4570e760
Event: 0.291 Thread 0x0000016f477cf400 Thread added: 0x0000016f457138a0
Event: 0.292 Thread 0x0000016f477cf400 Thread added: 0x0000016f45716de0
Event: 0.307 Thread 0x0000016f477cf400 Thread added: 0x0000016f4553e350
Event: 1.319 Thread 0x0000016f457138a0 Thread exited: 0x0000016f457138a0
Event: 188.581 Thread 0x0000016f45716de0 Thread added: 0x0000016f458a1070
Event: 189.584 Thread 0x0000016f458a1070 Thread exited: 0x0000016f458a1070
Event: 399.302 Thread 0x0000016f45716de0 Thread added: 0x0000016f45716360
Event: 400.311 Thread 0x0000016f45716360 Thread exited: 0x0000016f45716360
Event: 434.351 Thread 0x0000016f45716de0 Thread added: 0x0000016f458a0cd0
Event: 435.358 Thread 0x0000016f458a0cd0 Thread exited: 0x0000016f458a0cd0
Event: 548.245 Thread 0x0000016f45716de0 Thread added: 0x0000016f458a0cd0
Event: 549.955 Thread 0x0000016f458a0cd0 Thread exited: 0x0000016f458a0cd0
Event: 550.393 Thread 0x0000016f45716de0 Thread added: 0x0000016f458a0cd0
Event: 551.795 Thread 0x0000016f458a0cd0 Thread exited: 0x0000016f458a0cd0
Event: 556.748 Thread 0x0000016f45716de0 Thread added: 0x0000016f458a0cd0
Event: 557.470 Thread 0x0000016f45716de0 Thread added: 0x0000016f45716360


Dynamic libraries:
0x00007ff65cd40000 - 0x00007ff65cd50000 	C:\Program Files\Java\jdk-22\bin\java.exe
0x00007ffbd4ed0000 - 0x00007ffbd50c8000 	C:\Windows\SYSTEM32\ntdll.dll
0x00007ffbd48c0000 - 0x00007ffbd4982000 	C:\Windows\System32\KERNEL32.DLL
0x00007ffbd2740000 - 0x00007ffbd2a36000 	C:\Windows\System32\KERNELBASE.dll
0x00007ffbd2cb0000 - 0x00007ffbd2db0000 	C:\Windows\System32\ucrtbase.dll
0x00007ffbb4f40000 - 0x00007ffbb4f57000 	C:\Program Files\Java\jdk-22\bin\jli.dll
0x00007ffbd4710000 - 0x00007ffbd48ad000 	C:\Windows\System32\USER32.dll
0x00007ffbd26c0000 - 0x00007ffbd26e2000 	C:\Windows\System32\win32u.dll
0x00007ffbd3470000 - 0x00007ffbd349b000 	C:\Windows\System32\GDI32.dll
0x00007ffbd2db0000 - 0x00007ffbd2eca000 	C:\Windows\System32\gdi32full.dll
0x00007ffbd2570000 - 0x00007ffbd260d000 	C:\Windows\System32\msvcp_win.dll
0x00007ffbbc860000 - 0x00007ffbbcafa000 	C:\Windows\WinSxS\amd64_microsoft.windows.common-controls_6595b64144ccf1df_6.0.19041.5794_none_60bcd33171f2783c\COMCTL32.dll
0x00007ffbd3a50000 - 0x00007ffbd3aee000 	C:\Windows\System32\msvcrt.dll
0x00007ffbb4e80000 - 0x00007ffbb4e9b000 	C:\Program Files\Java\jdk-22\bin\VCRUNTIME140.dll
0x00007ffbd3bd0000 - 0x00007ffbd3bff000 	C:\Windows\System32\IMM32.DLL
0x00007ffbb4e70000 - 0x00007ffbb4e7c000 	C:\Program Files\Java\jdk-22\bin\vcruntime140_1.dll
0x00007ffb90b50000 - 0x00007ffb90bde000 	C:\Program Files\Java\jdk-22\bin\msvcp140.dll
0x00007ffb8fe00000 - 0x00007ffb90b49000 	C:\Program Files\Java\jdk-22\bin\server\jvm.dll
0x00007ffbd34a0000 - 0x00007ffbd354f000 	C:\Windows\System32\ADVAPI32.dll
0x00007ffbd2f00000 - 0x00007ffbd2f9f000 	C:\Windows\System32\sechost.dll
0x00007ffbd3ca0000 - 0x00007ffbd3dc3000 	C:\Windows\System32\RPCRT4.dll
0x00007ffbd2ed0000 - 0x00007ffbd2ef7000 	C:\Windows\System32\bcrypt.dll
0x00007ffbd3680000 - 0x00007ffbd36eb000 	C:\Windows\System32\WS2_32.dll
0x00007ffbd2450000 - 0x00007ffbd249b000 	C:\Windows\SYSTEM32\POWRPROF.dll
0x00007ffbc4750000 - 0x00007ffbc4777000 	C:\Windows\SYSTEM32\WINMM.dll
0x00007ffbc9160000 - 0x00007ffbc916a000 	C:\Windows\SYSTEM32\VERSION.dll
0x00007ffbd2420000 - 0x00007ffbd2432000 	C:\Windows\SYSTEM32\UMPDC.dll
0x00007ffbd0330000 - 0x00007ffbd0342000 	C:\Windows\SYSTEM32\kernel.appcore.dll
0x00007ffbb4e60000 - 0x00007ffbb4e6a000 	C:\Program Files\Java\jdk-22\bin\jimage.dll
0x00007ffbc5a10000 - 0x00007ffbc5c11000 	C:\Windows\SYSTEM32\DBGHELP.DLL
0x00007ffbbec70000 - 0x00007ffbbeca4000 	C:\Windows\SYSTEM32\dbgcore.DLL
0x00007ffbd2c20000 - 0x00007ffbd2ca2000 	C:\Windows\System32\bcryptPrimitives.dll
0x00007ffbaec80000 - 0x00007ffbaec9e000 	C:\Program Files\Java\jdk-22\bin\java.dll
0x00007ffbd3f80000 - 0x00007ffbd46ee000 	C:\Windows\System32\SHELL32.dll
0x00007ffbd3550000 - 0x00007ffbd367b000 	C:\Windows\System32\ole32.dll
0x00007ffbd36f0000 - 0x00007ffbd3a43000 	C:\Windows\System32\combase.dll
0x00007ffbd0610000 - 0x00007ffbd0db3000 	C:\Windows\SYSTEM32\windows.storage.dll
0x00007ffbd1ed0000 - 0x00007ffbd1efb000 	C:\Windows\SYSTEM32\Wldp.dll
0x00007ffbd4990000 - 0x00007ffbd4a5d000 	C:\Windows\System32\OLEAUT32.dll
0x00007ffbd4d20000 - 0x00007ffbd4dcd000 	C:\Windows\System32\SHCORE.dll
0x00007ffbd4cc0000 - 0x00007ffbd4d15000 	C:\Windows\System32\shlwapi.dll
0x00007ffbd24a0000 - 0x00007ffbd24c5000 	C:\Windows\SYSTEM32\profapi.dll
0x00007ffb8fd20000 - 0x00007ffb8fdf7000 	C:\Program Files\Java\jdk-22\bin\jsvml.dll
0x00007ffbb4e50000 - 0x00007ffbb4e60000 	C:\Program Files\Java\jdk-22\bin\net.dll
0x00007ffbd1c30000 - 0x00007ffbd1c9c000 	C:\Windows\system32\mswsock.dll
0x00007ffbaec60000 - 0x00007ffbaec76000 	C:\Program Files\Java\jdk-22\bin\nio.dll
0x00007ffbae920000 - 0x00007ffbae937000 	C:\Program Files\Java\jdk-22\bin\zip.dll
0x00007ffbaec50000 - 0x00007ffbaec60000 	C:\Program Files\Java\jdk-22\bin\verify.dll
0x00007ffb8fb90000 - 0x00007ffb8fd1e000 	C:\Program Files\Java\jdk-22\bin\awt.dll
0x00007ffbcf8e0000 - 0x00007ffbcf974000 	C:\Windows\SYSTEM32\apphelp.dll
0x00007ffbd0300000 - 0x00007ffbd032f000 	C:\Windows\system32\DWMAPI.DLL
0x00007ffbcff20000 - 0x00007ffbcffbe000 	C:\Windows\system32\uxtheme.dll
0x00007ffb8fa60000 - 0x00007ffb8fb88000 	C:\Windows\system32\opengl32.dll
0x00007ffb8fa30000 - 0x00007ffb8fa5c000 	C:\Windows\SYSTEM32\GLU32.dll
0x00007ffbd4a60000 - 0x00007ffbd4b75000 	C:\Windows\System32\MSCTF.dll
0x00007ffbcd290000 - 0x00007ffbcd2cb000 	C:\Windows\SYSTEM32\dxcore.dll
0x00007ffbd26f0000 - 0x00007ffbd273e000 	C:\Windows\System32\cfgmgr32.dll

dbghelp: loaded successfully - version: 4.0.5 - missing functions: none
symbol engine: initialized successfully - sym options: 0x614 - pdb path: .;C:\Program Files\Java\jdk-22\bin;C:\Windows\SYSTEM32;C:\Windows\WinSxS\amd64_microsoft.windows.common-controls_6595b64144ccf1df_6.0.19041.5794_none_60bcd33171f2783c;C:\Program Files\Java\jdk-22\bin\server

VM Arguments:
jvm_args: -XX:+ShowCodeDetailsInExceptionMessages 
java_command: Connect -n 10 -i 10 -c benin
java_class_path (initial): C:\Users\Parfait\AppData\Roaming\Code\User\workspaceStorage\618fe75f5cd33d5a849945ffcda487fc\redhat.java\jdt_ws\AccountMail_238e4a47\bin;c:\Users\Parfait\Programming\AccountMail\jgenderize\jaxrs-ri\ext\jakarta.servlet-api-5.0.0.jar;c:\Users\Parfait\Programming\AccountMail\jgenderize\jaxrs-ri\ext\jakarta.json.bind-api-2.0.0.jar;c:\Users\Parfait\Programming\AccountMail\jgenderize\jaxrs-ri\ext\jakarta.activation-2.0.0.jar;c:\Users\Parfait\Programming\AccountMail\jgenderize\jaxrs-ri\lib\jersey-server.jar;c:\Users\Parfait\Programming\AccountMail\jgenderize\jaxrs-ri\ext\yasson-2.0.1.jar;c:\Users\Parfait\Programming\AccountMail\jgenderize\jaxrs-ri\ext\jakarta.persistence-api-3.0.0.jar;c:\Users\Parfait\Programming\AccountMail\jgenderize\jaxrs-ri\ext\org.osgi.core-6.0.0.jar;c:\Users\Parfait\Programming\AccountMail\jgenderize\jaxrs-ri\api\jakarta.ws.rs-api-3.0.0.jar;c:\Users\Parfait\Programming\AccountMail\jgenderize\jaxrs-ri\ext\hk2-locator-3.0.1.jar;c:\Users\Parfait\Programming\AccountMail\jgenderize\jaxrs-ri\lib\jersey-common.jar;c:\Users\Parfait\Programming\AccountMail\jgenderize\jaxrs-ri\ext\jakarta.inject-api-2.0.0.jar;c:\Users\Parfait\Programming\AccountMail\jgenderize\jaxrs-ri\ext\jakarta.json-2.0.0-module.jar;c:\Users\Parfait\Programming\AccountMail\jgenderize\jaxrs-ri\ext\jakarta.json-api-2.0.0.jar;c:\Users\Parfait\Programming\AccountMail\jgenderize\jaxrs-ri\lib\jersey-client.jar;c:\Users\Parfait\Programming\AccountMail\jgenderize\jaxrs-ri\lib\jersey-media-jaxb.jar;c:\Users\Parfait\Programming\AccountMail\jgenderize\jaxrs-ri\ext\javassist-3.25.0-GA.jar;c:\Users\Parfait\Programming\AccountMail\jgenderize\junit-jupiter-api-5.10.2.jar;c:\Users\Parfait\Programming\AccountMail\jgenderize\jaxrs-ri\lib\jersey-hk2.jar;c:\Users\Parfait\Programming\AccountMail\jgenderize\jaxrs-ri\ext\aopalliance-repackaged-3.0.1.jar;c:\Users\Parfait\Programming\AccountMail\jgenderize\jaxrs-ri\ext\hk2-utils-3.0.1.jar;c:\Users\Parfait\Programming\AccountMail\jgenderize\jaxrs-ri\ext\jakarta.annotation-api-2.0.0.jar;c:\Users\Parfait\Programming\AccountMail\jgenderize\jaxrs-ri\lib\jersey-container-servlet.jar;c:\Users\Parfait\Programming\AccountMail\jgenderize\jaxrs-ri\ext\hk2-api-3.0.1.jar;c:\Users\Parfait\Programming\AccountMail\jgenderize\jaxrs-ri\ext\jakarta.xml.bind-api-3.0.0.jar;c:\Users\Parfait\Programming\AccountMail\commons-cli-1.4-bin\commons-cli-1.4\commons-cli-1.4.jar;c:\Users\Parfait\Programming\AccountMail\jgenderize\jaxrs-ri\lib\jersey-media-json-binding.jar;c:\Users\Parfait\Programming\AccountMail\jgenderize\jaxrs-ri\ext\jakarta.validation-api-3.0.0.jar;c:\Users\Parfait\Programming\AccountMail\jgenderize\jaxrs-ri\lib\jersey-container-servlet-core.jar;c:\Users\Parfait\Programming\AccountMail\jgenderize\jaxrs-ri\lib\jersey-media-sse.jar;c:\Users\Parfait\Programming\AccountMail\jgenderize\jaxrs-ri\ext\osgi-resource-locator-1.0.3.jar
Launcher Type: SUN_STANDARD

[Global flags]
     intx CICompilerCount                          = 2                                         {product} {ergonomic}
     uint ConcGCThreads                            = 1                                         {product} {ergonomic}
     uint G1ConcRefinementThreads                  = 2                                         {product} {ergonomic}
   size_t G1HeapRegionSize                         = 1048576                                   {product} {ergonomic}
   size_t InitialHeapSize                          = 134217728                                 {product} {ergonomic}
   size_t MarkStackSize                            = 4194304                                   {product} {ergonomic}
   size_t MaxHeapSize                              = 2147483648                                {product} {ergonomic}
   size_t MaxNewSize                               = 1287651328                                {product} {ergonomic}
   size_t MinHeapDeltaBytes                        = 1048576                                   {product} {ergonomic}
   size_t MinHeapSize                              = 8388608                                   {product} {ergonomic}
    uintx NonNMethodCodeHeapSize                   = 5826188                                {pd product} {ergonomic}
    uintx NonProfiledCodeHeapSize                  = 122916026                              {pd product} {ergonomic}
    uintx ProfiledCodeHeapSize                     = 122916026                              {pd product} {ergonomic}
    uintx ReservedCodeCacheSize                    = 251658240                              {pd product} {ergonomic}
     bool SegmentedCodeCache                       = true                                      {product} {ergonomic}
     bool ShowCodeDetailsInExceptionMessages       = true                                   {manageable} {command line}
   size_t SoftMaxHeapSize                          = 2147483648                             {manageable} {ergonomic}
     bool UseCompressedOops                        = true                           {product lp64_product} {ergonomic}
     bool UseG1GC                                  = true                                      {product} {ergonomic}
     bool UseLargePagesIndividualAllocation        = false                                  {pd product} {ergonomic}

Logging:
Log output configuration:
 #0: stdout all=warning uptime,level,tags foldmultilines=false
 #1: stderr all=off uptime,level,tags foldmultilines=false

Environment Variables:
PATH=C:\Program Files\Common Files\Oracle\Java\javapath;C:\Windows\system32;C:\Windows;C:\Windows\System32\Wbem;C:\Windows\System32\WindowsPowerShell\v1.0\;C:\Windows\System32\OpenSSH\;C:\Program Files\Tailscale\;C:\ProgramData\GooGet;C:\Program Files\Google\Compute Engine\metadata_scripts;C:\Program Files\Google\Compute Engine\sysprep;C:\Program Files\Git\cmd;C:\Program Files (x86)\ZeroTier\One\;C:\Users\Parfait\AppData\Local\Microsoft\WindowsApps;C:\Users\Parfait\AppData\Local\Programs\Microsoft VS Code\bin
USERNAME=Parfait
LANG=en_US.UTF-8
OS=Windows_NT
PROCESSOR_IDENTIFIER=AMD64 Family 25 Model 1 Stepping 0, AuthenticAMD
TMP=C:\Users\Parfait\AppData\Local\Temp
TEMP=C:\Users\Parfait\AppData\Local\Temp




Periodic native trim disabled

---------------  S Y S T E M  ---------------

OS:
 Windows 10 , 64 bit Build 19041 (10.0.19041.5794)
OS uptime: 0 days 0:11 hours
KVM virtualization detected

CPU: total 2 (initial active 2) (2 cores per cpu, 2 threads per core) family 25 model 1 stepping 0 microcode 0x0, cx8, cmov, fxsr, ht, mmx, 3dnowpref, sse, sse2, sse3, ssse3, sse4a, sse4.1, sse4.2, popcnt, lzcnt, tsc, tscinvbit, avx, avx2, aes, erms, clmul, bmi1, bmi2, adx, sha, fma, vzeroupper, clflush, clflushopt, hv, rdtscp, rdpid, fsrm, f16c
Processor Information for all 2 processors :
  Max Mhz: 3050, Current Mhz: 3050, Mhz Limit: 3050

Memory: 4k page, system-wide physical 8191M (934M free)
TotalPageFile size 16309M (AvailPageFile size 7507M)
current process WorkingSet (physical memory assigned to process): 48M, peak: 49M
current process commit charge ("private bytes"): 203M, peak: 204M

vm_info: Java HotSpot(TM) 64-Bit Server VM (22.0.2+9-70) for windows-amd64 JRE (22.0.2+9-70), built on 2024-06-04T16:52:23Z by "mach5one" with MS VC++ 17.6 (VS2022)

END.
