#
# A fatal error has been detected by the Java Runtime Environment:
#
#  EXCEPTION_ACCESS_VIOLATION (0xc0000005) at pc=0x00007ffbf94cae69, pid=3024, tid=1224
#
# JRE version: Java(TM) SE Runtime Environment (22.0.2+9) (build 22.0.2+9-70)
# Java VM: Java HotSpot(TM) 64-Bit Server VM (22.0.2+9-70, mixed mode, sharing, tiered, compressed oops, compressed class ptrs, g1 gc, windows-amd64)
# Problematic frame:
# C  [awt.dll+0xdae69]
#
# No core dump will be written. Minidumps are not enabled by default on client versions of Windows
#
# If you would like to submit a bug report, please visit:
#   https://bugreport.java.com/bugreport/crash.jsp
# The crash happened outside the Java Virtual Machine in native code.
# See problematic frame for where to report the bug.
#

---------------  S U M M A R Y ------------

Command Line: -XX:+ShowCodeDetailsInExceptionMessages Connect -n 10 -i 380 -c benin -u https://facebook.com/

Host: AMD EPYC 7B13, 4 cores, 15G,  Windows 10 , 64 bit Build 19041 (10.0.19041.5915)
Time: Mon Jul  7 15:17:44 2025 Temps universel coordonné elapsed time: 14776.194547 seconds (0d 4h 6m 16s)

---------------  T H R E A D  ---------------

Current thread (0x0000028fb4679920):  JavaThread "AWT-EventQueue-0"        [_thread_in_native, id=1224, stack(0x000000a784800000,0x000000a784900000) (1024K)]

Stack: [0x000000a784800000,0x000000a784900000],  sp=0x000000a7848fe960,  free space=1018k
Native frames: (J=compiled Java code, j=interpreted, Vv=VM code, C=native code)
C  [awt.dll+0xdae69]  (no source info available)
C  [awt.dll+0xda228]  (no source info available)
C  0x0000028fa5a9460a  (no source info available)

The last pc belongs to native nmethod (printed below).
Java frames: (J=compiled Java code, j=interpreted, Vv=VM code)
J 717  sun.awt.Win32GraphicsConfig.getBounds(I)Ljava/awt/Rectangle; java.desktop@22.0.2 (0 bytes) @ 0x0000028fa5a94573 [0x0000028fa5a94520+0x0000000000000053]
J 716 c1 sun.awt.Win32GraphicsConfig.getBounds()Ljava/awt/Rectangle; java.desktop@22.0.2 (12 bytes) @ 0x0000028f9e0897e4 [0x0000028f9e0896c0+0x0000000000000124]
j  sun.awt.Win32GraphicsDevice.displayChanged()V+23 java.desktop@22.0.2
j  sun.awt.Win32GraphicsEnvironment.displayChanged()V+271 java.desktop@22.0.2
j  sun.awt.windows.WToolkit.lambda$displayChanged$4()V+15 java.desktop@22.0.2
j  sun.awt.windows.WToolkit$$Lambda+0x0000028fb602d980.run()V+0 java.desktop@22.0.2
j  java.awt.event.InvocationEvent.dispatch()V+47 java.desktop@22.0.2
j  java.awt.EventQueue.dispatchEventImpl(Ljava/awt/AWTEvent;Ljava/lang/Object;)V+21 java.desktop@22.0.2
j  java.awt.EventQueue$4.run()Ljava/lang/Void;+32 java.desktop@22.0.2
j  java.awt.EventQueue$4.run()Ljava/lang/Object;+1 java.desktop@22.0.2
J 720 c1 java.security.AccessController.executePrivileged(Ljava/security/PrivilegedAction;Ljava/security/AccessControlContext;Ljava/lang/Class;)Ljava/lang/Object; java.base@22.0.2 (69 bytes) @ 0x0000028f9e08a744 [0x0000028f9e08a5e0+0x0000000000000164]
j  java.security.AccessController.doPrivileged(Ljava/security/PrivilegedAction;Ljava/security/AccessControlContext;)Ljava/lang/Object;+13 java.base@22.0.2
j  java.security.ProtectionDomain$JavaSecurityAccessImpl.doIntersectionPrivilege(Ljava/security/PrivilegedAction;Ljava/security/AccessControlContext;Ljava/security/AccessControlContext;)Ljava/lang/Object;+18 java.base@22.0.2
j  java.awt.EventQueue.dispatchEvent(Ljava/awt/AWTEvent;)V+46 java.desktop@22.0.2
j  java.awt.EventDispatchThread.pumpOneEventForFilters(I)V+81 java.desktop@22.0.2
j  java.awt.EventDispatchThread.pumpEventsForFilter(ILjava/awt/Conditional;Ljava/awt/EventFilter;)V+35 java.desktop@22.0.2
j  java.awt.EventDispatchThread.pumpEventsForHierarchy(ILjava/awt/Conditional;Ljava/awt/Component;)V+11 java.desktop@22.0.2
j  java.awt.EventDispatchThread.pumpEvents(ILjava/awt/Conditional;)V+4 java.desktop@22.0.2
j  java.awt.EventDispatchThread.pumpEvents(Ljava/awt/Conditional;)V+3 java.desktop@22.0.2
j  java.awt.EventDispatchThread.run()V+9 java.desktop@22.0.2
v  ~StubRoutines::call_stub 0x0000028fa54c100d

siginfo: EXCEPTION_ACCESS_VIOLATION (0xc0000005), reading address 0x0000000000000028


Registers:
RAX=0x0000000000000000, RBX=0x0000028fb46dffd0, RCX=0x0000000000000000, RDX=0x0000000000000000
RSP=0x000000a7848fe960, RBP=0x0000000000000000, RSI=0x0000000000000000, RDI=0x0000000000000000
R8 =0x0000000000000001, R9 =0x0000000000000004, R10=0x0000028fb46e0390, R11=0x0000028ff628a100
R12=0x0000000000000000, R13=0x0000028ffa078cc8, R14=0x0000028fb4637180, R15=0x0000000000000000
RIP=0x00007ffbf94cae69, EFLAGS=0x0000000000010246


Register to memory mapping:

RAX=0x0 is null
RBX=0x0000028fb46dffd0 points into unknown readable memory: 0x0000028ffa098450 | 50 84 09 fa 8f 02 00 00
RCX=0x0 is null
RDX=0x0 is null
RSP=0x000000a7848fe960 is pointing into the stack for thread: 0x0000028fb4679920
RBP=0x0 is null
RSI=0x0 is null
RDI=0x0 is null
R8 =0x0000000000000001 is an unknown value
R9 =0x0000000000000004 is an unknown value
R10=0x0000028fb46e0390 points into unknown readable memory: 0x0000001e00000003 | 03 00 00 00 1e 00 00 00
R11={method} {0x0000028ff628a108} '<init>' '(IIII)V' in 'java/awt/Rectangle'
R12=0x0 is null
R13=0x0000028ffa078cc8 points into unknown readable memory: 0x0000028ff628a100 | 00 a1 28 f6 8f 02 00 00
R14=0x0000028fb4637180 points into unknown readable memory: 0x000000070f0bfc48 | 48 fc 0b 0f 07 00 00 00
R15=0x0 is null

Top of Stack: (sp=0x000000a7848fe960)
0x000000a7848fe960:   00007ffbf9529848 0000028fb46dffd0
0x000000a7848fe970:   0000028fb46dffd0 000000070ee8be88
0x000000a7848fe980:   0000028fb4679ce0 00007ffbf94ca228
0x000000a7848fe990:   0000028fb46dffd0 0000028fb46dffd0
0x000000a7848fe9a0:   000000070ee8be88 0000028fb4679ce0
0x000000a7848fe9b0:   0000000000000000 000000070ee8be88
0x000000a7848fe9c0:   0000000000000000 fffffffffffffff7
0x000000a7848fe9d0:   0000000000000000 0000000000000000
0x000000a7848fe9e0:   0000084bbc5b1e1e 0000028ff6326d08
0x000000a7848fe9f0:   0000028fb4679920 0000000000000000
0x000000a7848fea00:   000000a7848feae8 0000000000000000
0x000000a7848fea10:   0000028ff630cca0 000000070ee8be88
0x000000a7848fea20:   000000a7848fea90 0000028fa5a9460a
0x000000a7848fea30:   000000070000aec8 0000028ff6286280
0x000000a7848fea40:   0000028ff61bdde8 0000000000000000
0x000000a7848fea50:   000000070ee8be88 000000a7848fead8
0x000000a7848fea60:   0000028fa54c8964 0000000000000000
0x000000a7848fea70:   0000028fa54ca518 0000000000000000
0x000000a7848fea80:   0000000000000004 000000070000aec8
0x000000a7848fea90:   000000a7848feb38 0000028f9e0897e4
0x000000a7848feaa0:   000000a7848feb50 0000028fa54c8a08
0x000000a7848feab0:   000000a7848feb38 0000028fa54d9191
0x000000a7848feac0:   0000028ff61be2a8 00000000000000b6
0x000000a7848fead0:   000000a7848feb38 0000028fa54c8a5a
0x000000a7848feae0:   0000028fa54c8a5a 000000070ee8be88
0x000000a7848feaf0:   fffffffffffffff7 0000028ff61bfb27
0x000000a7848feb00:   0000000000000003 0000028ff61c12d0
0x000000a7848feb10:   0000000000000000 000000070f1b3838
0x000000a7848feb20:   0000028ff61bfb68 fffffffffffffff6
0x000000a7848feb30:   000000a7848feb50 000000a7848feba0
0x000000a7848feb40:   0000028fa54c88c0 0000000000000000
0x000000a7848feb50:   000000070000aec8 fffffffffffffff7 

Instructions: (pc=0x00007ffbf94cae69)
0x00007ffbf94cad69:   cc cc cc cc cc cc cc 48 89 5c 24 08 48 89 6c 24
0x00007ffbf94cad79:   10 48 89 74 24 18 57 48 83 ec 20 41 8b f8 0f b6
0x00007ffbf94cad89:   f2 48 8b e9 e8 0e cf f4 ff 48 8b d8 48 89 44 24
0x00007ffbf94cad99:   48 41 b8 01 00 00 00 8b d7 48 8b c8 e8 76 ce f4
0x00007ffbf94cada9:   ff 48 8b c8 44 0f b6 c6 48 8b d5 e8 97 fa ff ff
0x00007ffbf94cadb9:   48 8b f8 48 8b cb e8 9c d0 f4 ff 90 48 8b c7 48
0x00007ffbf94cadc9:   8b 5c 24 30 48 8b 6c 24 38 48 8b 74 24 40 48 83
0x00007ffbf94cadd9:   c4 20 5f c3 cc cc cc 48 8b 49 28 e9 07 07 00 00
0x00007ffbf94cade9:   cc cc cc cc cc cc cc 48 89 5c 24 08 57 48 83 ec
0x00007ffbf94cadf9:   20 8b f9 e8 9f ce f4 ff 48 8b d8 48 89 44 24 38
0x00007ffbf94cae09:   41 b8 01 00 00 00 8b d7 48 8b c8 e8 07 ce f4 ff
0x00007ffbf94cae19:   48 8b 08 8b 39 48 8b cb e8 3a d0 f4 ff 90 8b c7
0x00007ffbf94cae29:   48 8b 5c 24 30 48 83 c4 20 5f c3 cc cc cc cc cc
0x00007ffbf94cae39:   cc cc cc cc cc cc cc 48 89 5c 24 08 57 48 83 ec
0x00007ffbf94cae49:   20 8b f9 e8 4f ce f4 ff 48 8b d8 48 89 44 24 38
0x00007ffbf94cae59:   41 b8 01 00 00 00 8b d7 48 8b c8 e8 b7 cd f4 ff
0x00007ffbf94cae69:   48 8b 78 28 48 8b cb e8 eb cf f4 ff 90 48 8b c7
0x00007ffbf94cae79:   48 8b 5c 24 30 48 83 c4 20 5f c3 cc cc cc cc cc
0x00007ffbf94cae89:   cc cc cc cc cc cc cc 48 89 5c 24 08 57 48 83 ec
0x00007ffbf94cae99:   20 8b f9 e8 ff cd f4 ff 48 8b d8 48 89 44 24 38
0x00007ffbf94caea9:   41 b8 01 00 00 00 8b d7 48 8b c8 e8 67 cd f4 ff
0x00007ffbf94caeb9:   48 8b 78 30 48 8b cb e8 9b cf f4 ff 90 48 8b c7
0x00007ffbf94caec9:   48 8b 5c 24 30 48 83 c4 20 5f c3 cc cc cc cc cc
0x00007ffbf94caed9:   cc cc cc cc cc cc cc 48 89 5c 24 08 57 48 83 ec
0x00007ffbf94caee9:   20 8b f9 e8 af cd f4 ff 48 8b d8 48 89 44 24 38
0x00007ffbf94caef9:   41 b8 01 00 00 00 8b d7 48 8b c8 e8 17 cd f4 ff
0x00007ffbf94caf09:   48 8b 78 08 48 85 ff 74 07 48 8b bf 08 0c 00 00
0x00007ffbf94caf19:   48 8b cb e8 3f cf f4 ff 90 48 8b c7 48 8b 5c 24
0x00007ffbf94caf29:   30 48 83 c4 20 5f c3 f3 0f 10 41 48 c3 cc cc cc
0x00007ffbf94caf39:   cc cc cc cc cc cc cc f3 0f 10 41 4c c3 cc cc cc
0x00007ffbf94caf49:   cc cc cc cc cc cc cc 48 89 5c 24 10 48 89 74 24
0x00007ffbf94caf59:   18 55 57 41 56 48 8d 6c 24 e0 48 81 ec 20 01 00 


Stack slot to memory mapping:

stack at sp + 0 slots: 0x00007ffbf9529848 awt.dll
stack at sp + 1 slots: 0x0000028fb46dffd0 points into unknown readable memory: 0x0000028ffa098450 | 50 84 09 fa 8f 02 00 00
stack at sp + 2 slots: 0x0000028fb46dffd0 points into unknown readable memory: 0x0000028ffa098450 | 50 84 09 fa 8f 02 00 00
stack at sp + 3 slots: 0x000000070ee8be88 is an oop: sun.awt.Win32GraphicsConfig 
{0x000000070ee8be88} - klass: 'sun/awt/Win32GraphicsConfig'
 - ---- fields (total size 4 words):
 - protected 'visual' 'I' @12  0 (0x00000000)
 - private final 'device' 'Lsun/awt/Win32GraphicsDevice;' @16  a 'sun/awt/Win32GraphicsDevice'{0x000000070000aec8} (0xe00015d9)
 - protected 'solidloops' 'Lsun/java2d/loops/RenderLoops;' @20  null (0x00000000)
 - private 'sTypeOrig' 'Lsun/java2d/loops/SurfaceType;' @24  null (0x00000000)
stack at sp + 4 slots: 0x0000028fb4679ce0 points into unknown readable memory: 0x00007ffbfa23eac0 | c0 ea 23 fa fb 7f 00 00
stack at sp + 5 slots: 0x00007ffbf94ca228 awt.dll
stack at sp + 6 slots: 0x0000028fb46dffd0 points into unknown readable memory: 0x0000028ffa098450 | 50 84 09 fa 8f 02 00 00
stack at sp + 7 slots: 0x0000028fb46dffd0 points into unknown readable memory: 0x0000028ffa098450 | 50 84 09 fa 8f 02 00 00


Compiled method (n/a) 14776340  717     n 0       sun.awt.Win32GraphicsConfig::getBounds (native)
 total in heap  [0x0000028fa5a94390,0x0000028fa5a94950] = 1472
 relocation     [0x0000028fa5a944e8,0x0000028fa5a94520] = 56
 main code      [0x0000028fa5a94520,0x0000028fa5a9494d] = 1069
 stub code      [0x0000028fa5a9494d,0x0000028fa5a94950] = 3

[Constant Pool (empty)]

[MachCode]
[Entry Point]
  # {method} {0x0000028ff62861c8} 'getBounds' '(I)Ljava/awt/Rectangle;' in 'sun/awt/Win32GraphicsConfig'
  # this:     rdx:rdx   = 'sun/awt/Win32GraphicsConfig'
  # parm0:    r8        = int
  #           [sp+0x70]  (sp of caller)
  0x0000028fa5a94520: 448b 5208 | 49bb 0000 | 00b5 8f02 | 0000 4d03 | d349 3bc2 | 0f84 0600 

  0x0000028fa5a94538: ;   {runtime_call ic_miss_stub}
  0x0000028fa5a94538: 0000 e941 | a2a7 ff90 
[Verified Entry Point]
  0x0000028fa5a94540: 8984 2400 | 80ff ff55 | 488b ec48 | 83ec 6090 | 4181 7f20 | 0100 0000 

  0x0000028fa5a94558: ;   {runtime_call StubRoutines (final stubs)}
  0x0000028fa5a94558: 7405 e881 | 07a6 ff48 | 8954 2420 | 4883 fa00 | 488d 5424 | 2048 0f44 | 5424 20c5 

  0x0000028fa5a94574: ;   {internal_word}
  0x0000028fa5a94574: f877 49ba | 7345 a9a5 | 8f02 0000 | 4d89 97a8 | 0300 0049 | 89a7 a003 

  0x0000028fa5a9458c: ;   {external_word}
  0x0000028fa5a9458c: 0000 49ba | 6c40 2afa | fb7f 0000 | 4180 3a00 | 0f84 4a00 | 0000 5241 

  0x0000028fa5a945a4: ;   {metadata({method} {0x0000028ff62861c8} 'getBounds' '(I)Ljava/awt/Rectangle;' in 'sun/awt/Win32GraphicsConfig')}
  0x0000028fa5a945a4: 5048 bac0 | 6128 f68f | 0200 0049 | 8bcf 4883 | ec20 40f6 | c40f 0f84 | 1900 0000 | 4883 ec08 
  0x0000028fa5a945c4: ;   {runtime_call}
  0x0000028fa5a945c4: 48b8 80b9 | daf9 fb7f | 0000 ffd0 | 4883 c408 | e90c 0000 

  0x0000028fa5a945d8: ;   {runtime_call}
  0x0000028fa5a945d8: 0048 b880 | b9da f9fb | 7f00 00ff | d048 83c4 | 2041 585a | 498d 8fc0 | 0300 0041 | c787 5404 
  0x0000028fa5a945f8: 0000 0400 

  0x0000028fa5a945fc: ;   {runtime_call}
  0x0000028fa5a945fc: 0000 48b8 | 90a1 4cf9 | fb7f 0000 | ffd0 c5f8 | 7741 c787 | 5404 0000 | 0500 0000 | f083 4424 
  0x0000028fa5a9461c: c000 493b | af58 0400 | 000f 870e | 0000 0041 | 83bf 5004 | 0000 000f | 842b 0000 | 00c5 f877 
  0x0000028fa5a9463c: 4889 45f8 | 498b cf4c | 8be4 4883 | ec20 4883 

  0x0000028fa5a9464c: ;   {runtime_call}
  0x0000028fa5a9464c: e4f0 48b8 | 4023 a5f9 | fb7f 0000 | ffd0 498b | e44d 33e4 | 488b 45f8 | 41c7 8754 | 0400 0008 
  0x0000028fa5a9466c: 0000 0041 | 83bf d004 | 0000 020f | 84a3 0200 

  0x0000028fa5a9467c: ;   {external_word}
  0x0000028fa5a9467c: 0049 ba6c | 402a fafb | 7f00 0041 | 803a 000f | 844c 0000 | 0048 8945 

  0x0000028fa5a94694: ;   {metadata({method} {0x0000028ff62861c8} 'getBounds' '(I)Ljava/awt/Rectangle;' in 'sun/awt/Win32GraphicsConfig')}
  0x0000028fa5a94694: f848 bac0 | 6128 f68f | 0200 0049 | 8bcf 4883 | ec20 40f6 | c40f 0f84 | 1900 0000 | 4883 ec08 
  0x0000028fa5a946b4: ;   {runtime_call}
  0x0000028fa5a946b4: 48b8 80b9 | daf9 fb7f | 0000 ffd0 | 4883 c408 | e90c 0000 

  0x0000028fa5a946c8: ;   {runtime_call}
  0x0000028fa5a946c8: 0048 b880 | b9da f9fb | 7f00 00ff | d048 83c4 | 2048 8b45 | f849 c787 | a003 0000 | 0000 0000 
  0x0000028fa5a946e8: 49c7 87a8 | 0300 0000 | 0000 00c5 | f877 4885 | c00f 84fe | 0100 00a8 | 030f 8508 | 0000 0048 
  0x0000028fa5a94708: 8b00 e9ee | 0100 00a8 | 010f 8509 | 0000 0048 | 8b40 fee9 | dd01 0000 | 488b 40ff | 4180 7f38 
  0x0000028fa5a94728: 000f 84ce | 0100 0048 | 83f8 000f | 84c4 0100 | 0049 8b4f | 2848 83f9 | 000f 8414 | 0000 0048 
  0x0000028fa5a94748: 83e9 0849 | 894f 2849 | 034f 3048 | 8901 e9a2 | 0100 0048 | 81ec d000 | 0000 4889 | 0424 4889 
  0x0000028fa5a94768: 4c24 0848 | 8954 2410 | 4889 7424 | 1848 897c | 2420 4c89 | 4424 284c | 894c 2430 | 4c89 5424 
  0x0000028fa5a94788: 384c 895c | 2440 c5fb | 1144 2450 | c5fb 114c | 2458 c5fb | 1154 2460 | c5fb 115c | 2468 c5fb 
  0x0000028fa5a947a8: 1164 2470 | c5fb 116c | 2478 c5fb | 11b4 2480 | 0000 00c5 | fb11 bc24 | 8800 0000 | c57b 1184 
  0x0000028fa5a947c8: ;   {no_reloc}
  0x0000028fa5a947c8: 2490 0000 | 00c5 7b11 | 8c24 9800 | 0000 c57b | 1194 24a0 | 0000 00c5 | 7b11 9c24 | a800 0000 
  0x0000028fa5a947e8: c57b 11a4 | 24b0 0000 | 00c5 7b11 | ac24 b800 | 0000 c57b | 11b4 24c0 | 0000 00c5 | 7b11 bc24 
  0x0000028fa5a94808: c800 0000 | 498b d748 | 8bc8 4883 | ec20 40f6 | c40f 0f84 | 1900 0000 | 4883 ec08 

  0x0000028fa5a94824: ;   {runtime_call}
  0x0000028fa5a94824: 48b8 303f | 98f9 fb7f | 0000 ffd0 | 4883 c408 | e90c 0000 

  0x0000028fa5a94838: ;   {runtime_call}
  0x0000028fa5a94838: 0048 b830 | 3f98 f9fb | 7f00 00ff | d048 83c4 | 20c5 7b10 | bc24 c800 | 0000 c57b | 10b4 24c0 
  0x0000028fa5a94858: 0000 00c5 | 7b10 ac24 | b800 0000 | c57b 10a4 | 24b0 0000 | 00c5 7b10 | 9c24 a800 | 0000 c57b 
  0x0000028fa5a94878: 1094 24a0 | 0000 00c5 | 7b10 8c24 | 9800 0000 | c57b 1084 | 2490 0000 | 00c5 fb10 | bc24 8800 
  0x0000028fa5a94898: 0000 c5fb | 10b4 2480 | 0000 00c5 | fb10 6c24 | 78c5 fb10 | 6424 70c5 | fb10 5c24 | 68c5 fb10 
  0x0000028fa5a948b8: 5424 60c5 | fb10 4c24 | 58c5 fb10 | 4424 504c | 8b5c 2440 | 4c8b 5424 | 384c 8b4c | 2430 4c8b 
  0x0000028fa5a948d8: 4424 2848 | 8b7c 2420 | 488b 7424 | 1848 8b54 | 2410 488b | 4c24 0848 | 8b04 2448 | 81c4 d000 
  0x0000028fa5a948f8: 0000 c5f8 | 7749 8b8f | 3004 0000 | c781 0001 | 0000 0000 | 0000 c949 | 837f 0800 | 0f85 0100 
  0x0000028fa5a94918: ;   {runtime_call StubRoutines (initial stubs)}
  0x0000028fa5a94918: 0000 c3e9 | e0c5 a2ff | c5f8 7748 | 8945 f84c | 8be4 4883 | ec20 4883 

  0x0000028fa5a94930: ;   {runtime_call}
  0x0000028fa5a94930: e4f0 48b8 | d0f1 daf9 | fb7f 0000 | ffd0 498b | e44d 33e4 | 488b 45f8 | e930 fdff | fff4 f4f4 
[/MachCode]


Compiled method (c1) 14776352  716       3       sun.awt.Win32GraphicsConfig::getBounds (12 bytes)
 total in heap  [0x0000028f9e089510,0x0000028f9e089950] = 1088
 relocation     [0x0000028f9e089668,0x0000028f9e0896a8] = 64
 main code      [0x0000028f9e0896c0,0x0000028f9e089868] = 424
 stub code      [0x0000028f9e089868,0x0000028f9e0898a8] = 64
 metadata       [0x0000028f9e0898a8,0x0000028f9e0898c8] = 32
 scopes data    [0x0000028f9e0898c8,0x0000028f9e0898e8] = 32
 scopes pcs     [0x0000028f9e0898e8,0x0000028f9e089938] = 80
 dependencies   [0x0000028f9e089938,0x0000028f9e089940] = 8
 nul chk table  [0x0000028f9e089940,0x0000028f9e089950] = 16

[Constant Pool (empty)]

[MachCode]
[Entry Point]
  # {method} {0x0000028ff6286288} 'getBounds' '()Ljava/awt/Rectangle;' in 'sun/awt/Win32GraphicsConfig'
  #           [sp+0x40]  (sp of caller)
  0x0000028f9e0896c0: 448b 5208 | 49bb 0000 | 00b5 8f02 | 0000 4d03 | d34c 3bd0 

  0x0000028f9e0896d4: ;   {runtime_call ic_miss_stub}
  0x0000028f9e0896d4: 0f85 a650 | 4807 660f | 1f44 0000 
[Verified Entry Point]
  0x0000028f9e0896e0: 8984 2400 | 80ff ff55 | 4883 ec30 | 4181 7f20 | 0100 0000 

  0x0000028f9e0896f4: ;   {runtime_call StubRoutines (final stubs)}
  0x0000028f9e0896f4: 7405 e8e5 

  0x0000028f9e0896f8: ;   {metadata(method data for {method} {0x0000028ff6286288} 'getBounds' '()Ljava/awt/Rectangle;' in 'sun/awt/Win32GraphicsConfig')}
  0x0000028f9e0896f8: b546 0749 | b8a0 cc30 | f68f 0200 | 0041 8bb0 | cc00 0000 | 83c6 0241 | 89b0 cc00 | 0000 81e6 
  0x0000028f9e089718: fe07 0000 | 85f6 0f84 | db00 0000 | 448b 4210 | 49c1 e003 

  0x0000028f9e08972c: ; implicit exception: dispatches to 0x0000028f9e089820
  0x0000028f9e08972c: 493b 0049 

  0x0000028f9e089730: ;   {metadata(method data for {method} {0x0000028ff6286288} 'getBounds' '()Ljava/awt/Rectangle;' in 'sun/awt/Win32GraphicsConfig')}
  0x0000028f9e089730: 8bf0 48bf | a0cc 30f6 | 8f02 0000 | 8b76 0849 | ba00 0000 | b58f 0200 | 0049 03f2 | 483b b720 
  0x0000028f9e089750: 0100 0075 | 0d48 8387 | 2801 0000 | 01e9 6000 | 0000 483b | b730 0100 | 0075 0d48 | 8387 3801 
  0x0000028f9e089770: 0000 01e9 | 4a00 0000 | 4883 bf20 | 0100 0000 | 7517 4889 | b720 0100 | 0048 c787 | 2801 0000 
  0x0000028f9e089790: 0100 0000 | e929 0000 | 0048 83bf | 3001 0000 | 0075 1748 | 89b7 3001 | 0000 48c7 | 8738 0100 
  0x0000028f9e0897b0: 0001 0000 | 00e9 0800 | 0000 4883 | 8718 0100 | 0001 458b | 401c 488b 

  0x0000028f9e0897c8: ;   {metadata(method data for {method} {0x0000028ff6286288} 'getBounds' '()Ljava/awt/Rectangle;' in 'sun/awt/Win32GraphicsConfig')}
  0x0000028f9e0897c8: f248 bfa0 | cc30 f68f | 0200 0048 | 8387 4801 | 0000 010f 

  0x0000028f9e0897dc: ;   {optimized virtual_call}
  0x0000028f9e0897dc: 1f40 00e8 

  0x0000028f9e0897e0: ; ImmutableOopMap {}
                      ;*invokevirtual getBounds {reexecute=0 rethrow=0 return_oop=0}
                      ; - sun.awt.Win32GraphicsConfig::getBounds@8 (line 225)
  0x0000028f9e0897e0: 5cad a007 

  0x0000028f9e0897e4: ;   {other}
  0x0000028f9e0897e4: 0f1f 8400 | d402 0000 | 4883 c430 

  0x0000028f9e0897f0: ;   {poll_return}
  0x0000028f9e0897f0: 5d49 3ba7 | 5804 0000 | 0f87 2700 

  0x0000028f9e0897fc: ;   {metadata({method} {0x0000028ff6286288} 'getBounds' '()Ljava/awt/Rectangle;' in 'sun/awt/Win32GraphicsConfig')}
  0x0000028f9e0897fc: 0000 c349 | ba80 6228 | f68f 0200 | 004c 8954 | 2408 48c7 | 0424 ffff 

  0x0000028f9e089814: ;   {runtime_call counter_overflow Runtime1 stub}
  0x0000028f9e089814: ffff e8e5 

  0x0000028f9e089818: ; ImmutableOopMap {rdx=Oop }
                      ;*synchronization entry
                      ; - sun.awt.Win32GraphicsConfig::getBounds@-1 (line 225)
  0x0000028f9e089818: df54 07e9 | 04ff ffff 

  0x0000028f9e089820: ;   {runtime_call throw_null_pointer_exception Runtime1 stub}
  0x0000028f9e089820: e8db 8054 

  0x0000028f9e089824: ; ImmutableOopMap {rdx=Oop r8=Oop }
                      ;*invokevirtual getScreen {reexecute=0 rethrow=0 return_oop=0}
                      ; - sun.awt.Win32GraphicsConfig::getBounds@5 (line 225)
                      ;   {internal_word}
  0x0000028f9e089824: 0749 baf1 | 9708 9e8f | 0200 004d | 8997 7004 

  0x0000028f9e089834: ;   {runtime_call SafepointBlob}
  0x0000028f9e089834: 0000 e9c5 | be48 0749 | 8b87 0805 | 0000 49c7 | 8708 0500 | 0000 0000 | 0049 c787 | 1005 0000 
  0x0000028f9e089854: 0000 0000 | 4883 c430 

  0x0000028f9e08985c: ;   {runtime_call unwind_exception Runtime1 stub}
  0x0000028f9e08985c: 5de9 9e71 | 5407 f4f4 | f4f4 f4f4 
[Stub Code]
  0x0000028f9e089868: ;   {no_reloc}
  0x0000028f9e089868: 48bb 0000 | 0000 0000 

  0x0000028f9e089870: ;   {runtime_call}
  0x0000028f9e089870: 0000 e9fb 

  0x0000028f9e089874: ;   {runtime_call handle_exception_from_callee Runtime1 stub}
  0x0000028f9e089874: ffff ffe8 | 04a8 5407 

  0x0000028f9e08987c: ;   {external_word}
  0x0000028f9e08987c: 48b9 c028 | 02fa fb7f | 0000 4883 

  0x0000028f9e089888: ;   {runtime_call}
  0x0000028f9e089888: e4f0 48b8 | 3099 c9f9 | fb7f 0000 

  0x0000028f9e089894: ;   {section_word}
  0x0000028f9e089894: ffd0 f449 | ba97 9808 | 9e8f 0200 

  0x0000028f9e0898a0: ;   {runtime_call DeoptimizationBlob}
  0x0000028f9e0898a0: 0041 52e9 | f8b0 4807 
[/MachCode]


Compiled method (c1) 14776358  720       3       java.security.AccessController::executePrivileged (69 bytes)
 total in heap  [0x0000028f9e08a410,0x0000028f9e08aa48] = 1592
 relocation     [0x0000028f9e08a568,0x0000028f9e08a5d8] = 112
 main code      [0x0000028f9e08a5e0,0x0000028f9e08a8b0] = 720
 stub code      [0x0000028f9e08a8b0,0x0000028f9e08a908] = 88
 metadata       [0x0000028f9e08a908,0x0000028f9e08a918] = 16
 scopes data    [0x0000028f9e08a918,0x0000028f9e08a9a0] = 136
 scopes pcs     [0x0000028f9e08a9a0,0x0000028f9e08aa30] = 144
 dependencies   [0x0000028f9e08aa30,0x0000028f9e08aa38] = 8
 nul chk table  [0x0000028f9e08aa38,0x0000028f9e08aa48] = 16

[Constant Pool (empty)]

[MachCode]
[Verified Entry Point]
  # {method} {0x0000028fb5436088} 'executePrivileged' '(Ljava/security/PrivilegedAction;Ljava/security/AccessControlContext;Ljava/lang/Class;)Ljava/lang/Object;' in 'java/security/AccessController'
  # parm0:    rdx:rdx   = 'java/security/PrivilegedAction'
  # parm1:    r8:r8     = 'java/security/AccessControlContext'
  # parm2:    r9:r9     = 'java/lang/Class'
  #           [sp+0x60]  (sp of caller)
  0x0000028f9e08a5e0: 8984 2400 | 80ff ff55 | 4883 ec50 | 4181 7f20 | 0100 0000 

  0x0000028f9e08a5f4: ;   {runtime_call StubRoutines (final stubs)}
  0x0000028f9e08a5f4: 7405 e8e5 | a646 074c | 8944 2430 | 4c89 4c24 

  0x0000028f9e08a604: ;   {metadata(method data for {method} {0x0000028fb5436088} 'executePrivileged' '(Ljava/security/PrivilegedAction;Ljava/security/AccessControlContext;Ljava/lang/Class;)Ljava/lang/Object;' in 'java/security/AccessController')}
  0x0000028f9e08a604: 2848 be40 | 860a f68f | 0200 008b | becc 0000 | 0083 c702 | 89be cc00 | 0000 81e7 | fe07 0000 
  0x0000028f9e08a624: 85ff 0f84 | e201 0000 

  0x0000028f9e08a62c: ;   {metadata(method data for {method} {0x0000028fb5436088} 'executePrivileged' '(Ljava/security/PrivilegedAction;Ljava/security/AccessControlContext;Ljava/lang/Class;)Ljava/lang/Object;' in 'java/security/AccessController')}
  0x0000028f9e08a62c: 4d85 c048 | be40 860a | f68f 0200 | 0048 c7c7 | 1801 0000 | 7407 48c7 | c728 0100 | 0048 8b1c 
  0x0000028f9e08a64c: 3e48 8d5b | 0148 891c | 3e48 8954 | 2420 0f84 | 2400 0000 

  0x0000028f9e08a660: ;   {metadata(method data for {method} {0x0000028fb5436088} 'executePrivileged' '(Ljava/security/PrivilegedAction;Ljava/security/AccessControlContext;Ljava/lang/Class;)Ljava/lang/Object;' in 'java/security/AccessController')}
  0x0000028f9e08a660: 48be 4086 | 0af6 8f02 | 0000 4883 | 8638 0100 | 0001 498b 

  0x0000028f9e08a674: ;   {static_call}
  0x0000028f9e08a674: d066 90e8 

  0x0000028f9e08a678: ; ImmutableOopMap {[32]=Oop [40]=Oop [48]=Oop }
                      ;*invokestatic ensureMaterializedForStackWalk {reexecute=0 rethrow=0 return_oop=0}
                      ; - java.security.AccessController::executePrivileged@5 (line 774)
  0x0000028f9e08a678: 445d a007 

  0x0000028f9e08a67c: ;   {other}
  0x0000028f9e08a67c: 0f1f 8400 | 6c02 0000 

  0x0000028f9e08a684: ;   {metadata(method data for {method} {0x0000028fb5436088} 'executePrivileged' '(Ljava/security/PrivilegedAction;Ljava/security/AccessControlContext;Ljava/lang/Class;)Ljava/lang/Object;' in 'java/security/AccessController')}
  0x0000028f9e08a684: 48ba 4086 | 0af6 8f02 | 0000 ff82 | 4801 0000 | 488b 5424 | 2048 3b02 

  0x0000028f9e08a69c: ;   {metadata(method data for {method} {0x0000028fb5436088} 'executePrivileged' '(Ljava/security/PrivilegedAction;Ljava/security/AccessControlContext;Ljava/lang/Class;)Ljava/lang/Object;' in 'java/security/AccessController')}
  0x0000028f9e08a69c: 488b f248 | bf40 860a | f68f 0200 | 008b 7608 | 49ba 0000 | 00b5 8f02 | 0000 4903 | f248 3bb7 
  0x0000028f9e08a6bc: b001 0000 | 750d 4883 | 87b8 0100 | 0001 e960 | 0000 0048 | 3bb7 c001 | 0000 750d | 4883 87c8 
  0x0000028f9e08a6dc: 0100 0001 | e94a 0000 | 0048 83bf | b001 0000 | 0075 1748 | 89b7 b001 | 0000 48c7 | 87b8 0100 
  0x0000028f9e08a6fc: 0001 0000 | 00e9 2900 | 0000 4883 | bfc0 0100 | 0000 7517 | 4889 b7c0 | 0100 0048 | c787 c801 
  0x0000028f9e08a71c: 0000 0100 | 0000 e908 | 0000 0048 | 8387 a801 | 0000 0166 | 0f1f 4400 | 0048 b880 | ed0d fa8f 
  0x0000028f9e08a73c: ;   {virtual_call}
  0x0000028f9e08a73c: 0200 00e8 

  0x0000028f9e08a740: ; ImmutableOopMap {[40]=Oop [48]=Oop }
                      ;*invokeinterface run {reexecute=0 rethrow=0 return_oop=0}
                      ; - java.security.AccessController::executePrivileged@29 (line 778)
  0x0000028f9e08a740: 4c5e 5507 

  0x0000028f9e08a744: ;   {other}
  0x0000028f9e08a744: 0f1f 8400 | 3403 0001 

  0x0000028f9e08a74c: ;   {metadata(method data for {method} {0x0000028fb5436088} 'executePrivileged' '(Ljava/security/PrivilegedAction;Ljava/security/AccessControlContext;Ljava/lang/Class;)Ljava/lang/Object;' in 'java/security/AccessController')}
  0x0000028f9e08a74c: 48ba 4086 | 0af6 8f02 | 0000 ff82 | d801 0000 

  0x0000028f9e08a75c: ;   {metadata(method data for {method} {0x0000028fb5436088} 'executePrivileged' '(Ljava/security/PrivilegedAction;Ljava/security/AccessControlContext;Ljava/lang/Class;)Ljava/lang/Object;' in 'java/security/AccessController')}
  0x0000028f9e08a75c: 48ba 4086 | 0af6 8f02 | 0000 4883 | 8238 0200 | 0001 488b | d048 8944 

  0x0000028f9e08a774: ;   {static_call}
  0x0000028f9e08a774: 2438 90e8 

  0x0000028f9e08a778: ; ImmutableOopMap {[40]=Oop [48]=Oop [56]=Oop }
                      ;*invokestatic ensureMaterializedForStackWalk {reexecute=0 rethrow=0 return_oop=0}
                      ; - java.security.AccessController::executePrivileged@56 (line 786)
  0x0000028f9e08a778: 445c a007 

  0x0000028f9e08a77c: ;   {other}
  0x0000028f9e08a77c: 0f1f 8400 | 6c03 0002 

  0x0000028f9e08a784: ;   {metadata(method data for {method} {0x0000028fb5436088} 'executePrivileged' '(Ljava/security/PrivilegedAction;Ljava/security/AccessControlContext;Ljava/lang/Class;)Ljava/lang/Object;' in 'java/security/AccessController')}
  0x0000028f9e08a784: 48b8 4086 | 0af6 8f02 | 0000 4883 | 8048 0200 

  0x0000028f9e08a794: ;   {metadata(method data for {method} {0x0000028fb5037300} 'reachabilityFence' '(Ljava/lang/Object;)V' in 'java/lang/ref/Reference')}
  0x0000028f9e08a794: 0001 48b8 | 282e 03f6 | 8f02 0000 | 8bb0 cc00 | 0000 83c6 | 0289 b0cc | 0000 0081 | e6fe ff1f 
  0x0000028f9e08a7b4: 0085 f60f | 8477 0000 

  0x0000028f9e08a7bc: ;   {metadata(method data for {method} {0x0000028fb5436088} 'executePrivileged' '(Ljava/security/PrivilegedAction;Ljava/security/AccessControlContext;Ljava/lang/Class;)Ljava/lang/Object;' in 'java/security/AccessController')}
  0x0000028f9e08a7bc: 0048 b840 | 860a f68f | 0200 0048 | 8380 5802 

  0x0000028f9e08a7cc: ;   {metadata(method data for {method} {0x0000028fb5037300} 'reachabilityFence' '(Ljava/lang/Object;)V' in 'java/lang/ref/Reference')}
  0x0000028f9e08a7cc: 0000 0148 | b828 2e03 | f68f 0200 | 008b b0cc | 0000 0083 | c602 89b0 | cc00 0000 | 81e6 feff 
  0x0000028f9e08a7ec: 1f00 85f6 | 0f84 5f00 | 0000 488b | 4424 3848 | 83c4 505d 

  0x0000028f9e08a800: ;   {poll_return}
  0x0000028f9e08a800: 493b a758 | 0400 000f | 8766 0000 

  0x0000028f9e08a80c: ;   {metadata({method} {0x0000028fb5436088} 'executePrivileged' '(Ljava/security/PrivilegedAction;Ljava/security/AccessControlContext;Ljava/lang/Class;)Ljava/lang/Object;' in 'java/security/AccessController')}
  0x0000028f9e08a80c: 00c3 49ba | 8060 43b5 | 8f02 0000 | 4c89 5424 | 0848 c704 | 24ff ffff 

  0x0000028f9e08a824: ;   {runtime_call counter_overflow Runtime1 stub}
  0x0000028f9e08a824: ffe8 d6cf 

  0x0000028f9e08a828: ; ImmutableOopMap {rdx=Oop r8=Oop r9=Oop [40]=Oop [48]=Oop }
                      ;*synchronization entry
                      ; - java.security.AccessController::executePrivileged@-1 (line 773)
  0x0000028f9e08a828: 5407 e9fd 

  0x0000028f9e08a82c: ;   {runtime_call throw_null_pointer_exception Runtime1 stub}
  0x0000028f9e08a82c: fdff ffe8 

  0x0000028f9e08a830: ; ImmutableOopMap {rdx=Oop [40]=Oop [48]=Oop }
                      ;*invokeinterface run {reexecute=0 rethrow=0 return_oop=0}
                      ; - java.security.AccessController::executePrivileged@29 (line 778)
  0x0000028f9e08a830: cc70 5407 

  0x0000028f9e08a834: ;   {metadata({method} {0x0000028fb5037300} 'reachabilityFence' '(Ljava/lang/Object;)V' in 'java/lang/ref/Reference')}
  0x0000028f9e08a834: 49ba f872 | 03b5 8f02 | 0000 4c89 | 5424 0848 | c704 24ff 

  0x0000028f9e08a848: ;   {runtime_call counter_overflow Runtime1 stub}
  0x0000028f9e08a848: ffff ffe8 

  0x0000028f9e08a84c: ; ImmutableOopMap {[40]=Oop [56]=Oop }
                      ;*synchronization entry
                      ; - java.lang.ref.Reference::reachabilityFence@-1 (line 628)
                      ; - java.security.AccessController::executePrivileged@60 (line 790)
  0x0000028f9e08a84c: b0cf 5407 | e968 ffff 

  0x0000028f9e08a854: ;   {metadata({method} {0x0000028fb5037300} 'reachabilityFence' '(Ljava/lang/Object;)V' in 'java/lang/ref/Reference')}
  0x0000028f9e08a854: ff49 baf8 | 7203 b58f | 0200 004c | 8954 2408 | 48c7 0424 | ffff ffff 

  0x0000028f9e08a86c: ;   {runtime_call counter_overflow Runtime1 stub}
  0x0000028f9e08a86c: e88f cf54 

  0x0000028f9e08a870: ; ImmutableOopMap {[56]=Oop }
                      ;*synchronization entry
                      ; - java.lang.ref.Reference::reachabilityFence@-1 (line 628)
                      ; - java.security.AccessController::executePrivileged@64 (line 791)
                      ;   {internal_word}
  0x0000028f9e08a870: 07eb 8349 | ba00 a808 | 9e8f 0200 | 004d 8997 | 7004 0000 

  0x0000028f9e08a884: ;   {runtime_call SafepointBlob}
  0x0000028f9e08a884: e977 ae48 | 0749 8b87 | 0805 0000 | 49c7 8708 | 0500 0000 | 0000 0049 | c787 1005 | 0000 0000 
  0x0000028f9e08a8a4: 0000 4883 

  0x0000028f9e08a8a8: ;   {runtime_call unwind_exception Runtime1 stub}
  0x0000028f9e08a8a8: c450 5de9 | 5061 5407 
[Stub Code]
  0x0000028f9e08a8b0: ;   {no_reloc}
  0x0000028f9e08a8b0: 0f1f 4400 

  0x0000028f9e08a8b4: ;   {static_stub}
  0x0000028f9e08a8b4: 0048 bb00 | 0000 0000 

  0x0000028f9e08a8bc: ;   {runtime_call}
  0x0000028f9e08a8bc: 0000 00e9 | fbff ffff 

  0x0000028f9e08a8c4: ;   {static_stub}
  0x0000028f9e08a8c4: 48bb 0000 | 0000 0000 

  0x0000028f9e08a8cc: ;   {runtime_call}
  0x0000028f9e08a8cc: 0000 e9fb 

  0x0000028f9e08a8d0: ;   {runtime_call handle_exception_from_callee Runtime1 stub}
  0x0000028f9e08a8d0: ffff ffe8 | a897 5407 

  0x0000028f9e08a8d8: ;   {external_word}
  0x0000028f9e08a8d8: 48b9 c028 | 02fa fb7f | 0000 4883 

  0x0000028f9e08a8e4: ;   {runtime_call}
  0x0000028f9e08a8e4: e4f0 48b8 | 3099 c9f9 | fb7f 0000 

  0x0000028f9e08a8f0: ;   {section_word}
  0x0000028f9e08a8f0: ffd0 f449 | baf3 a808 | 9e8f 0200 

  0x0000028f9e08a8fc: ;   {runtime_call DeoptimizationBlob}
  0x0000028f9e08a8fc: 0041 52e9 | 9ca0 4807 | f4f4 f4f4 
[/MachCode]


---------------  P R O C E S S  ---------------

Threads class SMR info:
_java_thread_list=0x0000028ffa0dffe0, length=16, elements={
0x0000028f93a41500, 0x0000028fb44abe90, 0x0000028fb44acdb0, 0x0000028fb44b2170,
0x0000028fb44b53f0, 0x0000028fb44b65f0, 0x0000028fb44b7050, 0x0000028fb45f8090,
0x0000028fb44bad40, 0x0000028fb47379e0, 0x0000028fb475e090, 0x0000028ffa0829d0,
0x0000028ffa08c4a0, 0x0000028ffa0b2fb0, 0x0000028fb4630ef0, 0x0000028fb4679920
}

Java Threads: ( => current thread )
  0x0000028f93a41500 JavaThread "main"                              [_thread_blocked, id=11580, stack(0x000000a784a00000,0x000000a784b00000) (1024K)]
  0x0000028fb44abe90 JavaThread "Reference Handler"          daemon [_thread_blocked, id=11636, stack(0x000000a785200000,0x000000a785300000) (1024K)]
  0x0000028fb44acdb0 JavaThread "Finalizer"                  daemon [_thread_blocked, id=11332, stack(0x000000a785300000,0x000000a785400000) (1024K)]
  0x0000028fb44b2170 JavaThread "Signal Dispatcher"          daemon [_thread_blocked, id=11892, stack(0x000000a785400000,0x000000a785500000) (1024K)]
  0x0000028fb44b53f0 JavaThread "Attach Listener"            daemon [_thread_blocked, id=11976, stack(0x000000a785500000,0x000000a785600000) (1024K)]
  0x0000028fb44b65f0 JavaThread "Service Thread"             daemon [_thread_blocked, id=11888, stack(0x000000a785600000,0x000000a785700000) (1024K)]
  0x0000028fb44b7050 JavaThread "Monitor Deflation Thread"   daemon [_thread_blocked, id=2004, stack(0x000000a785700000,0x000000a785800000) (1024K)]
  0x0000028fb45f8090 JavaThread "C2 CompilerThread0"         daemon [_thread_blocked, id=12000, stack(0x000000a785800000,0x000000a785900000) (1024K)]
  0x0000028fb44bad40 JavaThread "C1 CompilerThread0"         daemon [_thread_blocked, id=11988, stack(0x000000a785900000,0x000000a785a00000) (1024K)]
  0x0000028fb47379e0 JavaThread "Notification Thread"        daemon [_thread_blocked, id=11968, stack(0x000000a785a00000,0x000000a785b00000) (1024K)]
  0x0000028fb475e090 JavaThread "Common-Cleaner"             daemon [_thread_blocked, id=11840, stack(0x000000a785b00000,0x000000a785c00000) (1024K)]
  0x0000028ffa0829d0 JavaThread "Java2D Disposer"            daemon [_thread_blocked, id=11972, stack(0x000000a785c00000,0x000000a785d00000) (1024K)]
  0x0000028ffa08c4a0 JavaThread "AWT-Windows"                daemon [_thread_in_native, id=11960, stack(0x000000a785e00000,0x000000a785f00000) (1024K)]
  0x0000028ffa0b2fb0 JavaThread "Thread-1"                          [_thread_in_native, id=11812, stack(0x000000a785f00000,0x000000a786000000) (1024K)]
  0x0000028fb4630ef0 JavaThread "AWT-Shutdown"                      [_thread_blocked, id=8796, stack(0x000000a784700000,0x000000a784800000) (1024K)]
=>0x0000028fb4679920 JavaThread "AWT-EventQueue-0"                  [_thread_in_native, id=1224, stack(0x000000a784800000,0x000000a784900000) (1024K)]
Total: 16

Other Threads:
  0x0000028fb448b5b0 VMThread "VM Thread"                           [id=11768, stack(0x000000a785100000,0x000000a785200000) (1024K)]
  0x0000028fb4473460 WatcherThread "VM Periodic Task Thread"        [id=11740, stack(0x000000a785000000,0x000000a785100000) (1024K)]
  0x0000028f95c9eec0 WorkerThread "GC Thread#0"                     [id=11756, stack(0x000000a784b00000,0x000000a784c00000) (1024K)]
  0x0000028fb448cbd0 WorkerThread "GC Thread#1"                     [id=9424, stack(0x000000a784900000,0x000000a784a00000) (1024K)]
  0x0000028fb448b960 WorkerThread "GC Thread#2"                     [id=6608, stack(0x000000a785d00000,0x000000a785e00000) (1024K)]
  0x0000028fb448b200 WorkerThread "GC Thread#3"                     [id=3772, stack(0x000000a786000000,0x000000a786100000) (1024K)]
  0x0000028f95cb0060 ConcurrentGCThread "G1 Main Marker"            [id=11720, stack(0x000000a784c00000,0x000000a784d00000) (1024K)]
  0x0000028f95cb1310 WorkerThread "G1 Conc#0"                       [id=11660, stack(0x000000a784d00000,0x000000a784e00000) (1024K)]
  0x0000028fb43316f0 ConcurrentGCThread "G1 Refine#0"               [id=11732, stack(0x000000a784e00000,0x000000a784f00000) (1024K)]
  0x0000028fb4335350 ConcurrentGCThread "G1 Service"                [id=11336, stack(0x000000a784f00000,0x000000a785000000) (1024K)]
Total: 10

Threads with active compile tasks:
Total: 0

VM state: not at safepoint (normal execution)

VM Mutex/Monitor currently owned by a thread: None

Heap address: 0x0000000700000000, size: 4096 MB, Compressed Oops mode: Zero based, Oop shift amount: 3

CDS archive(s) mapped at: [0x0000028fb5000000-0x0000028fb5c60000-0x0000028fb5c60000), size 12976128, SharedBaseAddress: 0x0000028fb5000000, ArchiveRelocationMode: 1.
Compressed class space mapped at: 0x0000028fb6000000-0x0000028ff6000000, reserved size: 1073741824
Narrow klass base: 0x0000028fb5000000, Narrow klass shift: 0, Narrow klass range: 0x41000000

GC Precious Log:
 CardTable entry size: 512
 Card Set container configuration: InlinePtr #cards 4 size 8 Array Of Cards #cards 16 size 48 Howl #buckets 8 coarsen threshold 3686 Howl Bitmap #cards 512 size 80 coarsen threshold 460 Card regions per heap region 1 cards per card region 4096
 CPUs: 4 total, 4 available
 Memory: 16383M
 Large Page Support: Disabled
 NUMA Support: Disabled
 Compressed Oops: Enabled (Zero based)
 Heap Region Size: 2M
 Heap Min Capacity: 8M
 Heap Initial Capacity: 256M
 Heap Max Capacity: 4G
 Pre-touch: Disabled
 Parallel Workers: 4
 Concurrent Workers: 1
 Concurrent Refinement Workers: 4
 Periodic GC: Disabled

Heap:
 garbage-first heap   total reserved 4194304K, committed 262144K, used 16688K [0x0000000700000000, 0x0000000800000000)
  region size 2048K, 9 young (18432K), 1 survivors (2048K)
 Metaspace       used 3857K, committed 4032K, reserved 1114112K
  class space    used 357K, committed 448K, reserved 1048576K

Heap Regions: E=young(eden), S=young(survivor), O=old, HS=humongous(starts), HC=humongous(continues), CS=collection set, F=free, TAMS=top-at-mark-start, PB=parsable bottom
|   0|0x0000000700000000, 0x000000070004c010, 0x0000000700200000| 14%| O|  |TAMS 0x0000000700000000| PB 0x0000000700000000| Untracked |  0
|   1|0x0000000700200000, 0x0000000700200000, 0x0000000700400000|  0%| F|  |TAMS 0x0000000700200000| PB 0x0000000700200000| Untracked |  0
|   2|0x0000000700400000, 0x0000000700400000, 0x0000000700600000|  0%| F|  |TAMS 0x0000000700400000| PB 0x0000000700400000| Untracked |  0
|   3|0x0000000700600000, 0x0000000700600000, 0x0000000700800000|  0%| F|  |TAMS 0x0000000700600000| PB 0x0000000700600000| Untracked |  0
|   4|0x0000000700800000, 0x0000000700800000, 0x0000000700a00000|  0%| F|  |TAMS 0x0000000700800000| PB 0x0000000700800000| Untracked |  0
|   5|0x0000000700a00000, 0x0000000700a00000, 0x0000000700c00000|  0%| F|  |TAMS 0x0000000700a00000| PB 0x0000000700a00000| Untracked |  0
|   6|0x0000000700c00000, 0x0000000700c00000, 0x0000000700e00000|  0%| F|  |TAMS 0x0000000700c00000| PB 0x0000000700c00000| Untracked |  0
|   7|0x0000000700e00000, 0x0000000700e00000, 0x0000000701000000|  0%| F|  |TAMS 0x0000000700e00000| PB 0x0000000700e00000| Untracked |  0
|   8|0x0000000701000000, 0x0000000701000000, 0x0000000701200000|  0%| F|  |TAMS 0x0000000701000000| PB 0x0000000701000000| Untracked |  0
|   9|0x0000000701200000, 0x0000000701200000, 0x0000000701400000|  0%| F|  |TAMS 0x0000000701200000| PB 0x0000000701200000| Untracked |  0
|  10|0x0000000701400000, 0x0000000701400000, 0x0000000701600000|  0%| F|  |TAMS 0x0000000701400000| PB 0x0000000701400000| Untracked |  0
|  11|0x0000000701600000, 0x0000000701600000, 0x0000000701800000|  0%| F|  |TAMS 0x0000000701600000| PB 0x0000000701600000| Untracked |  0
|  12|0x0000000701800000, 0x0000000701800000, 0x0000000701a00000|  0%| F|  |TAMS 0x0000000701800000| PB 0x0000000701800000| Untracked |  0
|  13|0x0000000701a00000, 0x0000000701a00000, 0x0000000701c00000|  0%| F|  |TAMS 0x0000000701a00000| PB 0x0000000701a00000| Untracked |  0
|  14|0x0000000701c00000, 0x0000000701c00000, 0x0000000701e00000|  0%| F|  |TAMS 0x0000000701c00000| PB 0x0000000701c00000| Untracked |  0
|  15|0x0000000701e00000, 0x0000000701e00000, 0x0000000702000000|  0%| F|  |TAMS 0x0000000701e00000| PB 0x0000000701e00000| Untracked |  0
|  16|0x0000000702000000, 0x0000000702000000, 0x0000000702200000|  0%| F|  |TAMS 0x0000000702000000| PB 0x0000000702000000| Untracked |  0
|  17|0x0000000702200000, 0x0000000702200000, 0x0000000702400000|  0%| F|  |TAMS 0x0000000702200000| PB 0x0000000702200000| Untracked |  0
|  18|0x0000000702400000, 0x0000000702400000, 0x0000000702600000|  0%| F|  |TAMS 0x0000000702400000| PB 0x0000000702400000| Untracked |  0
|  19|0x0000000702600000, 0x0000000702600000, 0x0000000702800000|  0%| F|  |TAMS 0x0000000702600000| PB 0x0000000702600000| Untracked |  0
|  20|0x0000000702800000, 0x0000000702800000, 0x0000000702a00000|  0%| F|  |TAMS 0x0000000702800000| PB 0x0000000702800000| Untracked |  0
|  21|0x0000000702a00000, 0x0000000702a00000, 0x0000000702c00000|  0%| F|  |TAMS 0x0000000702a00000| PB 0x0000000702a00000| Untracked |  0
|  22|0x0000000702c00000, 0x0000000702c00000, 0x0000000702e00000|  0%| F|  |TAMS 0x0000000702c00000| PB 0x0000000702c00000| Untracked |  0
|  23|0x0000000702e00000, 0x0000000702e00000, 0x0000000703000000|  0%| F|  |TAMS 0x0000000702e00000| PB 0x0000000702e00000| Untracked |  0
|  24|0x0000000703000000, 0x0000000703000000, 0x0000000703200000|  0%| F|  |TAMS 0x0000000703000000| PB 0x0000000703000000| Untracked |  0
|  25|0x0000000703200000, 0x0000000703200000, 0x0000000703400000|  0%| F|  |TAMS 0x0000000703200000| PB 0x0000000703200000| Untracked |  0
|  26|0x0000000703400000, 0x0000000703400000, 0x0000000703600000|  0%| F|  |TAMS 0x0000000703400000| PB 0x0000000703400000| Untracked |  0
|  27|0x0000000703600000, 0x0000000703600000, 0x0000000703800000|  0%| F|  |TAMS 0x0000000703600000| PB 0x0000000703600000| Untracked |  0
|  28|0x0000000703800000, 0x0000000703800000, 0x0000000703a00000|  0%| F|  |TAMS 0x0000000703800000| PB 0x0000000703800000| Untracked |  0
|  29|0x0000000703a00000, 0x0000000703a00000, 0x0000000703c00000|  0%| F|  |TAMS 0x0000000703a00000| PB 0x0000000703a00000| Untracked |  0
|  30|0x0000000703c00000, 0x0000000703c00000, 0x0000000703e00000|  0%| F|  |TAMS 0x0000000703c00000| PB 0x0000000703c00000| Untracked |  0
|  31|0x0000000703e00000, 0x0000000703e00000, 0x0000000704000000|  0%| F|  |TAMS 0x0000000703e00000| PB 0x0000000703e00000| Untracked |  0
|  32|0x0000000704000000, 0x0000000704000000, 0x0000000704200000|  0%| F|  |TAMS 0x0000000704000000| PB 0x0000000704000000| Untracked |  0
|  33|0x0000000704200000, 0x0000000704200000, 0x0000000704400000|  0%| F|  |TAMS 0x0000000704200000| PB 0x0000000704200000| Untracked |  0
|  34|0x0000000704400000, 0x0000000704400000, 0x0000000704600000|  0%| F|  |TAMS 0x0000000704400000| PB 0x0000000704400000| Untracked |  0
|  35|0x0000000704600000, 0x0000000704600000, 0x0000000704800000|  0%| F|  |TAMS 0x0000000704600000| PB 0x0000000704600000| Untracked |  0
|  36|0x0000000704800000, 0x0000000704800000, 0x0000000704a00000|  0%| F|  |TAMS 0x0000000704800000| PB 0x0000000704800000| Untracked |  0
|  37|0x0000000704a00000, 0x0000000704a00000, 0x0000000704c00000|  0%| F|  |TAMS 0x0000000704a00000| PB 0x0000000704a00000| Untracked |  0
|  38|0x0000000704c00000, 0x0000000704c00000, 0x0000000704e00000|  0%| F|  |TAMS 0x0000000704c00000| PB 0x0000000704c00000| Untracked |  0
|  39|0x0000000704e00000, 0x0000000704e00000, 0x0000000705000000|  0%| F|  |TAMS 0x0000000704e00000| PB 0x0000000704e00000| Untracked |  0
|  40|0x0000000705000000, 0x0000000705000000, 0x0000000705200000|  0%| F|  |TAMS 0x0000000705000000| PB 0x0000000705000000| Untracked |  0
|  41|0x0000000705200000, 0x0000000705200000, 0x0000000705400000|  0%| F|  |TAMS 0x0000000705200000| PB 0x0000000705200000| Untracked |  0
|  42|0x0000000705400000, 0x0000000705400000, 0x0000000705600000|  0%| F|  |TAMS 0x0000000705400000| PB 0x0000000705400000| Untracked |  0
|  43|0x0000000705600000, 0x0000000705600000, 0x0000000705800000|  0%| F|  |TAMS 0x0000000705600000| PB 0x0000000705600000| Untracked |  0
|  44|0x0000000705800000, 0x0000000705800000, 0x0000000705a00000|  0%| F|  |TAMS 0x0000000705800000| PB 0x0000000705800000| Untracked |  0
|  45|0x0000000705a00000, 0x0000000705a00000, 0x0000000705c00000|  0%| F|  |TAMS 0x0000000705a00000| PB 0x0000000705a00000| Untracked |  0
|  46|0x0000000705c00000, 0x0000000705c00000, 0x0000000705e00000|  0%| F|  |TAMS 0x0000000705c00000| PB 0x0000000705c00000| Untracked |  0
|  47|0x0000000705e00000, 0x0000000705e00000, 0x0000000706000000|  0%| F|  |TAMS 0x0000000705e00000| PB 0x0000000705e00000| Untracked |  0
|  48|0x0000000706000000, 0x0000000706000000, 0x0000000706200000|  0%| F|  |TAMS 0x0000000706000000| PB 0x0000000706000000| Untracked |  0
|  49|0x0000000706200000, 0x0000000706200000, 0x0000000706400000|  0%| F|  |TAMS 0x0000000706200000| PB 0x0000000706200000| Untracked |  0
|  50|0x0000000706400000, 0x0000000706400000, 0x0000000706600000|  0%| F|  |TAMS 0x0000000706400000| PB 0x0000000706400000| Untracked |  0
|  51|0x0000000706600000, 0x0000000706600000, 0x0000000706800000|  0%| F|  |TAMS 0x0000000706600000| PB 0x0000000706600000| Untracked |  0
|  52|0x0000000706800000, 0x0000000706800000, 0x0000000706a00000|  0%| F|  |TAMS 0x0000000706800000| PB 0x0000000706800000| Untracked |  0
|  53|0x0000000706a00000, 0x0000000706a00000, 0x0000000706c00000|  0%| F|  |TAMS 0x0000000706a00000| PB 0x0000000706a00000| Untracked |  0
|  54|0x0000000706c00000, 0x0000000706c00000, 0x0000000706e00000|  0%| F|  |TAMS 0x0000000706c00000| PB 0x0000000706c00000| Untracked |  0
|  55|0x0000000706e00000, 0x0000000706e00000, 0x0000000707000000|  0%| F|  |TAMS 0x0000000706e00000| PB 0x0000000706e00000| Untracked |  0
|  56|0x0000000707000000, 0x0000000707000000, 0x0000000707200000|  0%| F|  |TAMS 0x0000000707000000| PB 0x0000000707000000| Untracked |  0
|  57|0x0000000707200000, 0x0000000707200000, 0x0000000707400000|  0%| F|  |TAMS 0x0000000707200000| PB 0x0000000707200000| Untracked |  0
|  58|0x0000000707400000, 0x0000000707400000, 0x0000000707600000|  0%| F|  |TAMS 0x0000000707400000| PB 0x0000000707400000| Untracked |  0
|  59|0x0000000707600000, 0x0000000707600000, 0x0000000707800000|  0%| F|  |TAMS 0x0000000707600000| PB 0x0000000707600000| Untracked |  0
|  60|0x0000000707800000, 0x0000000707800000, 0x0000000707a00000|  0%| F|  |TAMS 0x0000000707800000| PB 0x0000000707800000| Untracked |  0
|  61|0x0000000707a00000, 0x0000000707a00000, 0x0000000707c00000|  0%| F|  |TAMS 0x0000000707a00000| PB 0x0000000707a00000| Untracked |  0
|  62|0x0000000707c00000, 0x0000000707c00000, 0x0000000707e00000|  0%| F|  |TAMS 0x0000000707c00000| PB 0x0000000707c00000| Untracked |  0
|  63|0x0000000707e00000, 0x0000000707e00000, 0x0000000708000000|  0%| F|  |TAMS 0x0000000707e00000| PB 0x0000000707e00000| Untracked |  0
|  64|0x0000000708000000, 0x0000000708000000, 0x0000000708200000|  0%| F|  |TAMS 0x0000000708000000| PB 0x0000000708000000| Untracked |  0
|  65|0x0000000708200000, 0x0000000708200000, 0x0000000708400000|  0%| F|  |TAMS 0x0000000708200000| PB 0x0000000708200000| Untracked |  0
|  66|0x0000000708400000, 0x0000000708400000, 0x0000000708600000|  0%| F|  |TAMS 0x0000000708400000| PB 0x0000000708400000| Untracked |  0
|  67|0x0000000708600000, 0x0000000708600000, 0x0000000708800000|  0%| F|  |TAMS 0x0000000708600000| PB 0x0000000708600000| Untracked |  0
|  68|0x0000000708800000, 0x0000000708800000, 0x0000000708a00000|  0%| F|  |TAMS 0x0000000708800000| PB 0x0000000708800000| Untracked |  0
|  69|0x0000000708a00000, 0x0000000708a00000, 0x0000000708c00000|  0%| F|  |TAMS 0x0000000708a00000| PB 0x0000000708a00000| Untracked |  0
|  70|0x0000000708c00000, 0x0000000708c00000, 0x0000000708e00000|  0%| F|  |TAMS 0x0000000708c00000| PB 0x0000000708c00000| Untracked |  0
|  71|0x0000000708e00000, 0x0000000708e00000, 0x0000000709000000|  0%| F|  |TAMS 0x0000000708e00000| PB 0x0000000708e00000| Untracked |  0
|  72|0x0000000709000000, 0x0000000709000000, 0x0000000709200000|  0%| F|  |TAMS 0x0000000709000000| PB 0x0000000709000000| Untracked |  0
|  73|0x0000000709200000, 0x0000000709200000, 0x0000000709400000|  0%| F|  |TAMS 0x0000000709200000| PB 0x0000000709200000| Untracked |  0
|  74|0x0000000709400000, 0x0000000709400000, 0x0000000709600000|  0%| F|  |TAMS 0x0000000709400000| PB 0x0000000709400000| Untracked |  0
|  75|0x0000000709600000, 0x0000000709600000, 0x0000000709800000|  0%| F|  |TAMS 0x0000000709600000| PB 0x0000000709600000| Untracked |  0
|  76|0x0000000709800000, 0x0000000709800000, 0x0000000709a00000|  0%| F|  |TAMS 0x0000000709800000| PB 0x0000000709800000| Untracked |  0
|  77|0x0000000709a00000, 0x0000000709a00000, 0x0000000709c00000|  0%| F|  |TAMS 0x0000000709a00000| PB 0x0000000709a00000| Untracked |  0
|  78|0x0000000709c00000, 0x0000000709c00000, 0x0000000709e00000|  0%| F|  |TAMS 0x0000000709c00000| PB 0x0000000709c00000| Untracked |  0
|  79|0x0000000709e00000, 0x0000000709e00000, 0x000000070a000000|  0%| F|  |TAMS 0x0000000709e00000| PB 0x0000000709e00000| Untracked |  0
|  80|0x000000070a000000, 0x000000070a000000, 0x000000070a200000|  0%| F|  |TAMS 0x000000070a000000| PB 0x000000070a000000| Untracked |  0
|  81|0x000000070a200000, 0x000000070a200000, 0x000000070a400000|  0%| F|  |TAMS 0x000000070a200000| PB 0x000000070a200000| Untracked |  0
|  82|0x000000070a400000, 0x000000070a400000, 0x000000070a600000|  0%| F|  |TAMS 0x000000070a400000| PB 0x000000070a400000| Untracked |  0
|  83|0x000000070a600000, 0x000000070a600000, 0x000000070a800000|  0%| F|  |TAMS 0x000000070a600000| PB 0x000000070a600000| Untracked |  0
|  84|0x000000070a800000, 0x000000070a800000, 0x000000070aa00000|  0%| F|  |TAMS 0x000000070a800000| PB 0x000000070a800000| Untracked |  0
|  85|0x000000070aa00000, 0x000000070aa00000, 0x000000070ac00000|  0%| F|  |TAMS 0x000000070aa00000| PB 0x000000070aa00000| Untracked |  0
|  86|0x000000070ac00000, 0x000000070ac00000, 0x000000070ae00000|  0%| F|  |TAMS 0x000000070ac00000| PB 0x000000070ac00000| Untracked |  0
|  87|0x000000070ae00000, 0x000000070ae00000, 0x000000070b000000|  0%| F|  |TAMS 0x000000070ae00000| PB 0x000000070ae00000| Untracked |  0
|  88|0x000000070b000000, 0x000000070b000000, 0x000000070b200000|  0%| F|  |TAMS 0x000000070b000000| PB 0x000000070b000000| Untracked |  0
|  89|0x000000070b200000, 0x000000070b200000, 0x000000070b400000|  0%| F|  |TAMS 0x000000070b200000| PB 0x000000070b200000| Untracked |  0
|  90|0x000000070b400000, 0x000000070b400000, 0x000000070b600000|  0%| F|  |TAMS 0x000000070b400000| PB 0x000000070b400000| Untracked |  0
|  91|0x000000070b600000, 0x000000070b600000, 0x000000070b800000|  0%| F|  |TAMS 0x000000070b600000| PB 0x000000070b600000| Untracked |  0
|  92|0x000000070b800000, 0x000000070b800000, 0x000000070ba00000|  0%| F|  |TAMS 0x000000070b800000| PB 0x000000070b800000| Untracked |  0
|  93|0x000000070ba00000, 0x000000070ba00000, 0x000000070bc00000|  0%| F|  |TAMS 0x000000070ba00000| PB 0x000000070ba00000| Untracked |  0
|  94|0x000000070bc00000, 0x000000070bc00000, 0x000000070be00000|  0%| F|  |TAMS 0x000000070bc00000| PB 0x000000070bc00000| Untracked |  0
|  95|0x000000070be00000, 0x000000070be00000, 0x000000070c000000|  0%| F|  |TAMS 0x000000070be00000| PB 0x000000070be00000| Untracked |  0
|  96|0x000000070c000000, 0x000000070c000000, 0x000000070c200000|  0%| F|  |TAMS 0x000000070c000000| PB 0x000000070c000000| Untracked |  0
|  97|0x000000070c200000, 0x000000070c200000, 0x000000070c400000|  0%| F|  |TAMS 0x000000070c200000| PB 0x000000070c200000| Untracked |  0
|  98|0x000000070c400000, 0x000000070c400000, 0x000000070c600000|  0%| F|  |TAMS 0x000000070c400000| PB 0x000000070c400000| Untracked |  0
|  99|0x000000070c600000, 0x000000070c600000, 0x000000070c800000|  0%| F|  |TAMS 0x000000070c600000| PB 0x000000070c600000| Untracked |  0
| 100|0x000000070c800000, 0x000000070c800000, 0x000000070ca00000|  0%| F|  |TAMS 0x000000070c800000| PB 0x000000070c800000| Untracked |  0
| 101|0x000000070ca00000, 0x000000070ca00000, 0x000000070cc00000|  0%| F|  |TAMS 0x000000070ca00000| PB 0x000000070ca00000| Untracked |  0
| 102|0x000000070cc00000, 0x000000070cc00000, 0x000000070ce00000|  0%| F|  |TAMS 0x000000070cc00000| PB 0x000000070cc00000| Untracked |  0
| 103|0x000000070ce00000, 0x000000070ce00000, 0x000000070d000000|  0%| F|  |TAMS 0x000000070ce00000| PB 0x000000070ce00000| Untracked |  0
| 104|0x000000070d000000, 0x000000070d000000, 0x000000070d200000|  0%| F|  |TAMS 0x000000070d000000| PB 0x000000070d000000| Untracked |  0
| 105|0x000000070d200000, 0x000000070d200000, 0x000000070d400000|  0%| F|  |TAMS 0x000000070d200000| PB 0x000000070d200000| Untracked |  0
| 106|0x000000070d400000, 0x000000070d400000, 0x000000070d600000|  0%| F|  |TAMS 0x000000070d400000| PB 0x000000070d400000| Untracked |  0
| 107|0x000000070d600000, 0x000000070d600000, 0x000000070d800000|  0%| F|  |TAMS 0x000000070d600000| PB 0x000000070d600000| Untracked |  0
| 108|0x000000070d800000, 0x000000070d800000, 0x000000070da00000|  0%| F|  |TAMS 0x000000070d800000| PB 0x000000070d800000| Untracked |  0
| 109|0x000000070da00000, 0x000000070da00000, 0x000000070dc00000|  0%| F|  |TAMS 0x000000070da00000| PB 0x000000070da00000| Untracked |  0
| 110|0x000000070dc00000, 0x000000070dc00000, 0x000000070de00000|  0%| F|  |TAMS 0x000000070dc00000| PB 0x000000070dc00000| Untracked |  0
| 111|0x000000070de00000, 0x000000070de00000, 0x000000070e000000|  0%| F|  |TAMS 0x000000070de00000| PB 0x000000070de00000| Untracked |  0
| 112|0x000000070e000000, 0x000000070e000000, 0x000000070e200000|  0%| F|  |TAMS 0x000000070e000000| PB 0x000000070e000000| Untracked |  0
| 113|0x000000070e200000, 0x000000070e200000, 0x000000070e400000|  0%| F|  |TAMS 0x000000070e200000| PB 0x000000070e200000| Untracked |  0
| 114|0x000000070e400000, 0x000000070e400000, 0x000000070e600000|  0%| F|  |TAMS 0x000000070e400000| PB 0x000000070e400000| Untracked |  0
| 115|0x000000070e600000, 0x000000070e600000, 0x000000070e800000|  0%| F|  |TAMS 0x000000070e600000| PB 0x000000070e600000| Untracked |  0
| 116|0x000000070e800000, 0x000000070e800000, 0x000000070ea00000|  0%| F|  |TAMS 0x000000070e800000| PB 0x000000070e800000| Untracked |  0
| 117|0x000000070ea00000, 0x000000070ea00000, 0x000000070ec00000|  0%| F|  |TAMS 0x000000070ea00000| PB 0x000000070ea00000| Untracked |  0
| 118|0x000000070ec00000, 0x000000070ec00000, 0x000000070ee00000|  0%| F|  |TAMS 0x000000070ec00000| PB 0x000000070ec00000| Untracked |  0
| 119|0x000000070ee00000, 0x000000070ee9c1d8, 0x000000070f000000| 30%| E|  |TAMS 0x000000070ee00000| PB 0x000000070ee00000| Complete |  0
| 120|0x000000070f000000, 0x000000070f200000, 0x000000070f200000|100%| S|CS|TAMS 0x000000070f000000| PB 0x000000070f000000| Complete |  0
| 121|0x000000070f200000, 0x000000070f400000, 0x000000070f400000|100%| E|CS|TAMS 0x000000070f200000| PB 0x000000070f200000| Complete |  0
| 122|0x000000070f400000, 0x000000070f600000, 0x000000070f600000|100%| E|CS|TAMS 0x000000070f400000| PB 0x000000070f400000| Complete |  0
| 123|0x000000070f600000, 0x000000070f800000, 0x000000070f800000|100%| E|CS|TAMS 0x000000070f600000| PB 0x000000070f600000| Complete |  0
| 124|0x000000070f800000, 0x000000070fa00000, 0x000000070fa00000|100%| E|CS|TAMS 0x000000070f800000| PB 0x000000070f800000| Complete |  0
| 125|0x000000070fa00000, 0x000000070fc00000, 0x000000070fc00000|100%| E|CS|TAMS 0x000000070fa00000| PB 0x000000070fa00000| Complete |  0
| 126|0x000000070fc00000, 0x000000070fe00000, 0x000000070fe00000|100%| E|CS|TAMS 0x000000070fc00000| PB 0x000000070fc00000| Complete |  0
| 127|0x000000070fe00000, 0x0000000710000000, 0x0000000710000000|100%| E|CS|TAMS 0x000000070fe00000| PB 0x000000070fe00000| Complete |  0

Card table byte_map: [0x0000028fad790000,0x0000028fadf90000] _byte_map_base: 0x0000028fa9f90000

Marking Bits: (CMBitMap*) 0x0000028f95c9f5d0
 Bits: [0x0000028fadf90000, 0x0000028fb1f90000)

Polling page: 0x0000028f93c30000

Metaspace:

Usage:
  Non-class:      3.42 MB used.
      Class:    357.41 KB used.
       Both:      3.77 MB used.

Virtual space:
  Non-class space:       64.00 MB reserved,       3.50 MB (  5%) committed,  1 nodes.
      Class space:        1.00 GB reserved,     448.00 KB ( <1%) committed,  1 nodes.
             Both:        1.06 GB reserved,       3.94 MB ( <1%) committed. 

Chunk freelists:
   Non-Class:  11.77 MB
       Class:  15.55 MB
        Both:  27.32 MB

MaxMetaspaceSize: unlimited
CompressedClassSpaceSize: 1.00 GB
Initial GC threshold: 21.00 MB
Current GC threshold: 21.00 MB
CDS: on
 - commit_granule_bytes: 65536.
 - commit_granule_words: 8192.
 - virtual_space_node_default_size: 8388608.
 - enlarge_chunks_in_place: 1.
 - use_allocation_guard: 0.


Internal statistics:

num_allocs_failed_limit: 0.
num_arena_births: 122.
num_arena_deaths: 0.
num_vsnodes_births: 2.
num_vsnodes_deaths: 0.
num_space_committed: 63.
num_space_uncommitted: 0.
num_chunks_returned_to_freelist: 0.
num_chunks_taken_from_freelist: 147.
num_chunk_merges: 0.
num_chunk_splits: 95.
num_chunks_enlarged: 49.
num_inconsistent_stats: 0.

CodeHeap 'non-profiled nmethods': size=120000Kb used=261Kb max_used=261Kb free=119739Kb
 bounds [0x0000028fa5a60000, 0x0000028fa5cd0000, 0x0000028facf90000]
CodeHeap 'profiled nmethods': size=120000Kb used=1398Kb max_used=1398Kb free=118601Kb
 bounds [0x0000028f9df90000, 0x0000028f9e200000, 0x0000028fa54c0000]
CodeHeap 'non-nmethods': size=5760Kb used=1426Kb max_used=1441Kb free=4333Kb
 bounds [0x0000028fa54c0000, 0x0000028fa5730000, 0x0000028fa5a60000]
 total_blobs=1424 nmethods=907 adapters=422
 compilation: enabled
              stopped_count=0, restarted_count=0
 full_count=0

Compilation events (20 events):
Event: 14004.367 Thread 0x0000028fb44bad40  898   !   3       sun.awt.AWTAutoShutdown::setToolkitBusy (124 bytes)
Event: 14004.367 Thread 0x0000028fb44bad40 nmethod 898 0x0000028f9e0e9210 code [0x0000028f9e0e9420, 0x0000028f9e0e9a00]
Event: 14004.367 Thread 0x0000028fb44bad40  899       3       sun.awt.EventQueueItem::<init> (10 bytes)
Event: 14004.367 Thread 0x0000028fb44bad40 nmethod 899 0x0000028f9e0e9d10 code [0x0000028f9e0e9ea0, 0x0000028f9e0ea060]
Event: 14004.367 Thread 0x0000028fb44bad40  900       3       java.util.HashMap::remove (26 bytes)
Event: 14004.368 Thread 0x0000028fb44bad40 nmethod 900 0x0000028f9e0ea110 code [0x0000028f9e0ea2e0, 0x0000028f9e0ea650]
Event: 14119.960 Thread 0x0000028fb44bad40  901       3       java.nio.CharBuffer::<init> (24 bytes)
Event: 14119.960 Thread 0x0000028fb44bad40 nmethod 901 0x0000028f9e0ea790 code [0x0000028f9e0ea940, 0x0000028f9e0eaaf8]
Event: 14119.960 Thread 0x0000028fb44bad40  902       3       java.nio.CharBuffer::limit (6 bytes)
Event: 14119.960 Thread 0x0000028fb44bad40 nmethod 902 0x0000028f9e0eab90 code [0x0000028f9e0ead40, 0x0000028f9e0eaef0]
Event: 14607.900 Thread 0x0000028fb44bad40  903       3       java.lang.StringCoding::hasNegatives (16 bytes)
Event: 14607.900 Thread 0x0000028fb44bad40 nmethod 903 0x0000028f9e0eb010 code [0x0000028f9e0eb1c0, 0x0000028f9e0eb330]
Event: 14635.348 Thread 0x0000028fb44bad40  904       3       java.lang.Object::wait (6 bytes)
Event: 14635.348 Thread 0x0000028fb44bad40 nmethod 904 0x0000028f9e0eb410 code [0x0000028f9e0eb5c0, 0x0000028f9e0eb708]
Event: 14774.973 Thread 0x0000028fb44bad40  905       3       java.lang.invoke.MethodType::basicType (8 bytes)
Event: 14774.973 Thread 0x0000028fb44bad40 nmethod 905 0x0000028f9e0eb790 code [0x0000028f9e0eb920, 0x0000028f9e0eba58]
Event: 14774.980 Thread 0x0000028fb44bad40  906       3       java.lang.invoke.MethodHandles$Lookup::isClassAccessible (53 bytes)
Event: 14774.980 Thread 0x0000028fb44bad40 nmethod 906 0x0000028f9e0ebb10 code [0x0000028f9e0ebd20, 0x0000028f9e0ec2d0]
Event: 14774.982 Thread 0x0000028fb44bad40  907       3       java.lang.invoke.MethodType::genericMethodType (95 bytes)
Event: 14774.982 Thread 0x0000028fb44bad40 nmethod 907 0x0000028f9e0ec510 code [0x0000028f9e0ec7a0, 0x0000028f9e0ed4b8]

GC Heap History (2 events):
Event: 1410.808 GC heap before
{Heap before GC invocations=0 (full 0):
 garbage-first heap   total reserved 4194304K, committed 262144K, used 14336K [0x0000000700000000, 0x0000000800000000)
  region size 2048K, 7 young (14336K), 0 survivors (0K)
 Metaspace       used 3632K, committed 3840K, reserved 1114112K
  class space    used 349K, committed 448K, reserved 1048576K
}
Event: 1410.818 GC heap after
{Heap after GC invocations=1 (full 0):
 garbage-first heap   total reserved 4194304K, committed 262144K, used 2352K [0x0000000700000000, 0x0000000800000000)
  region size 2048K, 1 young (2048K), 1 survivors (2048K)
 Metaspace       used 3632K, committed 3840K, reserved 1114112K
  class space    used 349K, committed 448K, reserved 1048576K
}

Dll operation events (8 events):
Event: 0.013 Loaded shared library C:\Program Files\Java\jdk-22\bin\java.dll
Event: 0.038 Loaded shared library C:\Program Files\Java\jdk-22\bin\jsvml.dll
Event: 0.073 Loaded shared library C:\Program Files\Java\jdk-22\bin\net.dll
Event: 0.074 Loaded shared library C:\Program Files\Java\jdk-22\bin\nio.dll
Event: 0.077 Loaded shared library C:\Program Files\Java\jdk-22\bin\zip.dll
Event: 0.101 Loaded shared library C:\Program Files\Java\jdk-22\bin\verify.dll
Event: 0.119 Loaded shared library C:\Program Files\Java\jdk-22\bin\awt.dll
Event: 0.130 Loaded shared library C:\Program Files\Java\jdk-22\bin\jimage.dll

Deoptimization events (14 events):
Event: 0.085 Thread 0x0000028f93a41500 DEOPT PACKING pc=0x0000028f9dfaa6c9 sp=0x000000a784afa010
Event: 0.085 Thread 0x0000028f93a41500 DEOPT UNPACKING pc=0x0000028fa5514e42 sp=0x000000a784af9480 mode 0
Event: 0.155 Thread 0x0000028f93a41500 DEOPT PACKING pc=0x0000028f9dfa977c sp=0x000000a784afb1a0
Event: 0.155 Thread 0x0000028f93a41500 DEOPT UNPACKING pc=0x0000028fa5514e42 sp=0x000000a784afa5c0 mode 0
Event: 0.221 Thread 0x0000028f93a41500 DEOPT PACKING pc=0x0000028f9df99acc sp=0x000000a784afdf40
Event: 0.221 Thread 0x0000028f93a41500 DEOPT UNPACKING pc=0x0000028fa5514e42 sp=0x000000a784afd3a8 mode 0
Event: 0.223 Thread 0x0000028f93a41500 Uncommon trap: trap_request=0xffffff45 fr.pc=0x0000028fa5a659cc relative=0x000000000000012c
Event: 0.223 Thread 0x0000028f93a41500 Uncommon trap: reason=unstable_if action=reinterpret pc=0x0000028fa5a659cc method=java.lang.StringCoding.countPositives([BII)I @ 17 c2
Event: 0.223 Thread 0x0000028f93a41500 DEOPT PACKING pc=0x0000028fa5a659cc sp=0x000000a784afe620
Event: 0.223 Thread 0x0000028f93a41500 DEOPT UNPACKING pc=0x0000028fa55146a2 sp=0x000000a784afe5c0 mode 2
Event: 0.234 Thread 0x0000028ffa0b2fb0 Uncommon trap: trap_request=0xffffff45 fr.pc=0x0000028fa5a6d36c relative=0x000000000000006c
Event: 0.234 Thread 0x0000028ffa0b2fb0 Uncommon trap: reason=unstable_if action=reinterpret pc=0x0000028fa5a6d36c method=java.lang.AbstractStringBuilder.isLatin1()Z @ 10 c2
Event: 0.234 Thread 0x0000028ffa0b2fb0 DEOPT PACKING pc=0x0000028fa5a6d36c sp=0x000000a785fff040
Event: 0.234 Thread 0x0000028ffa0b2fb0 DEOPT UNPACKING pc=0x0000028fa55146a2 sp=0x000000a785ffefd0 mode 2

Classes loaded (20 events):
Event: 393.030 Loading class java/awt/SequencedEvent$1
Event: 393.030 Loading class sun/awt/AWTAccessor$SequencedEventAccessor
Event: 393.030 Loading class sun/awt/AWTAccessor$SequencedEventAccessor done
Event: 393.030 Loading class java/awt/SequencedEvent$1 done
Event: 393.030 Loading class java/awt/SequencedEvent$2
Event: 393.030 Loading class java/awt/SequencedEvent$2 done
Event: 393.030 Loading class sun/awt/WeakIdentityHashMap$WeakKey
Event: 393.030 Loading class sun/awt/WeakIdentityHashMap$WeakKey done
Event: 2706.339 Loading class java/util/regex/Matcher$ImmutableMatchResult
Event: 2706.340 Loading class java/util/regex/Matcher$ImmutableMatchResult done
Event: 14774.977 Loading class java/awt/SystemColor
Event: 14774.978 Loading class java/awt/Color
Event: 14774.978 Loading class java/awt/Paint
Event: 14774.979 Loading class java/awt/Paint done
Event: 14774.979 Loading class java/awt/Color done
Event: 14774.979 Loading class java/awt/SystemColor done
Event: 14774.980 Loading class sun/awt/AWTAccessor$SystemColorAccessor
Event: 14774.980 Loading class sun/awt/AWTAccessor$SystemColorAccessor done
Event: 14775.116 Loading class java/util/ArrayList$ListItr
Event: 14775.117 Loading class java/util/ArrayList$ListItr done

Classes unloaded (0 events):
No events

Classes redefined (0 events):
No events

Internal exceptions (10 events):
Event: 0.123 Thread 0x0000028f93a41500 Exception <a 'java/lang/ClassNotFoundException'{0x000000070fced928}: sun/awt/resources/spi/awtProvider> (0x000000070fced928) 
thrown [s\open\src\hotspot\share\classfile\systemDictionary.cpp, line 313]
Event: 0.140 Thread 0x0000028f93a41500 Exception <a 'java/io/FileNotFoundException'{0x000000070fd43db0}> (0x000000070fd43db0) 
thrown [s\open\src\hotspot\share\prims\jni.cpp, line 520]
Event: 0.149 Thread 0x0000028f93a41500 Exception <a 'java/io/FileNotFoundException'{0x000000070fd72248}> (0x000000070fd72248) 
thrown [s\open\src\hotspot\share\prims\jni.cpp, line 520]
Event: 0.218 Thread 0x0000028f93a41500 Exception <a 'java/lang/NoSuchMethodError'{0x000000070fa91978}: 'void java.lang.invoke.DirectMethodHandle$Holder.invokeStatic(java.lang.Object, java.lang.Object)'> (0x000000070fa91978) 
thrown [s\open\src\hotspot\share\interpreter\linkResolver.cpp, line 774]
Event: 0.235 Thread 0x0000028f93a41500 Exception <a 'java/lang/NoSuchMethodError'{0x000000070facbc78}: 'void java.lang.invoke.DirectMethodHandle$Holder.invokeStatic(java.lang.Object, long)'> (0x000000070facbc78) 
thrown [s\open\src\hotspot\share\interpreter\linkResolver.cpp, line 774]
Event: 0.235 Thread 0x0000028f93a41500 Exception <a 'java/lang/NoSuchMethodError'{0x000000070fad0948}: 'java.lang.Object java.lang.invoke.DirectMethodHandle$Holder.newInvokeSpecial(java.lang.Object, long)'> (0x000000070fad0948) 
thrown [s\open\src\hotspot\share\interpreter\linkResolver.cpp, line 774]
Event: 0.237 Thread 0x0000028f93a41500 Exception <a 'java/lang/NoSuchMethodError'{0x000000070fad6d40}: 'java.lang.Object java.lang.invoke.DirectMethodHandle$Holder.invokeStatic(java.lang.Object, long, java.lang.Object)'> (0x000000070fad6d40) 
thrown [s\open\src\hotspot\share\interpreter\linkResolver.cpp, line 774]
Event: 0.237 Thread 0x0000028f93a41500 Exception <a 'java/lang/NoSuchMethodError'{0x000000070fb22a28}: 'java.lang.Object java.lang.invoke.DirectMethodHandle$Holder.invokeStaticInit(java.lang.Object, long, java.lang.Object)'> (0x000000070fb22a28) 
thrown [s\open\src\hotspot\share\interpreter\linkResolver.cpp, line 774]
Event: 393.029 Thread 0x0000028ffa08c4a0 Exception <a 'java/lang/NoSuchMethodError'{0x000000070fa07248}: 'void java.lang.invoke.DirectMethodHandle$Holder.invokeSpecial(java.lang.Object, java.lang.Object, java.lang.Object)'> (0x000000070fa07248) 
thrown [s\open\src\hotspot\share\interpreter\linkResolver.cpp, line 774]
Event: 14774.981 Thread 0x0000028ffa08c4a0 Exception <a 'java/lang/NoSuchMethodError'{0x000000070feda770}: 'void java.lang.invoke.DirectMethodHandle$Holder.invokeStaticInit(java.lang.Object)'> (0x000000070feda770) 
thrown [s\open\src\hotspot\share\interpreter\linkResolver.cpp, line 774]

ZGC Phase Switch (0 events):
No events

VM Operations (20 events):
Event: 14060.062 Executing VM operation: HandshakeAllThreads (HandshakeForDeflation)
Event: 14060.062 Executing VM operation: HandshakeAllThreads (HandshakeForDeflation) done
Event: 14060.062 Executing VM operation: RendezvousGCThreads
Event: 14060.062 Executing VM operation: RendezvousGCThreads done
Event: 14431.927 Executing VM operation: Cleanup
Event: 14431.927 Executing VM operation: Cleanup done
Event: 14481.379 Executing VM operation: HandshakeAllThreads (HandshakeForDeflation)
Event: 14481.379 Executing VM operation: HandshakeAllThreads (HandshakeForDeflation) done
Event: 14481.379 Executing VM operation: RendezvousGCThreads
Event: 14481.379 Executing VM operation: RendezvousGCThreads done
Event: 14661.651 Executing VM operation: HandshakeAllThreads (HandshakeForDeflation)
Event: 14661.651 Executing VM operation: HandshakeAllThreads (HandshakeForDeflation) done
Event: 14661.651 Executing VM operation: RendezvousGCThreads
Event: 14661.651 Executing VM operation: RendezvousGCThreads done
Event: 14721.874 Executing VM operation: HandshakeAllThreads (HandshakeForDeflation)
Event: 14721.874 Executing VM operation: HandshakeAllThreads (HandshakeForDeflation) done
Event: 14721.874 Executing VM operation: RendezvousGCThreads
Event: 14721.874 Executing VM operation: RendezvousGCThreads done
Event: 14775.117 Executing VM operation: HandshakeAllThreads (Deoptimize)
Event: 14775.117 Executing VM operation: HandshakeAllThreads (Deoptimize) done

Memory protections (0 events):
No events

Nmethod flushes (0 events):
No events

Events (20 events):
Event: 14431.364 Thread 0x0000028ffa08c4a0 Thread added: 0x0000028fb4630ef0
Event: 14431.365 Thread 0x0000028ffa08c4a0 Thread added: 0x0000028fb47d9610
Event: 14432.377 Thread 0x0000028fb4630ef0 Thread exited: 0x0000028fb4630ef0
Event: 14432.377 Thread 0x0000028fb47d9610 Thread exited: 0x0000028fb47d9610
Event: 14635.348 Thread 0x0000028ffa08c4a0 Thread added: 0x0000028fb4630ef0
Event: 14635.348 Thread 0x0000028ffa08c4a0 Thread added: 0x0000028fb47d9610
Event: 14636.356 Thread 0x0000028fb4630ef0 Thread exited: 0x0000028fb4630ef0
Event: 14636.356 Thread 0x0000028fb47d9610 Thread exited: 0x0000028fb47d9610
Event: 14675.868 Thread 0x0000028ffa08c4a0 Thread added: 0x0000028fb4630ef0
Event: 14675.872 Thread 0x0000028ffa08c4a0 Thread added: 0x0000028fb47d9610
Event: 14676.880 Thread 0x0000028fb47d9610 Thread exited: 0x0000028fb47d9610
Event: 14676.881 Thread 0x0000028fb4630ef0 Thread exited: 0x0000028fb4630ef0
Event: 14765.142 Thread 0x0000028ffa08c4a0 Thread added: 0x0000028fb4630ef0
Event: 14766.908 Thread 0x0000028fb4630ef0 Thread exited: 0x0000028fb4630ef0
Event: 14767.631 Thread 0x0000028ffa08c4a0 Thread added: 0x0000028fb4630ef0
Event: 14768.663 Thread 0x0000028fb4630ef0 Thread exited: 0x0000028fb4630ef0
Event: 14770.502 Thread 0x0000028ffa08c4a0 Thread added: 0x0000028fb4630ef0
Event: 14771.603 Thread 0x0000028fb4630ef0 Thread exited: 0x0000028fb4630ef0
Event: 14773.907 Thread 0x0000028ffa08c4a0 Thread added: 0x0000028fb4630ef0
Event: 14774.975 Thread 0x0000028ffa08c4a0 Thread added: 0x0000028fb4679920


Dynamic libraries:
0x00007ff670600000 - 0x00007ff670610000 	C:\Program Files\Java\jdk-22\bin\java.exe
0x00007ffc38fd0000 - 0x00007ffc391c8000 	C:\Windows\SYSTEM32\ntdll.dll
0x00007ffc375b0000 - 0x00007ffc37672000 	C:\Windows\System32\KERNEL32.DLL
0x00007ffc36ab0000 - 0x00007ffc36da6000 	C:\Windows\System32\KERNELBASE.dll
0x00007ffc36700000 - 0x00007ffc36800000 	C:\Windows\System32\ucrtbase.dll
0x00007ffc24310000 - 0x00007ffc24327000 	C:\Program Files\Java\jdk-22\bin\jli.dll
0x00007ffc242f0000 - 0x00007ffc2430b000 	C:\Program Files\Java\jdk-22\bin\VCRUNTIME140.dll
0x00007ffc37390000 - 0x00007ffc3752d000 	C:\Windows\System32\USER32.dll
0x00007ffc36930000 - 0x00007ffc36952000 	C:\Windows\System32\win32u.dll
0x00007ffc20140000 - 0x00007ffc203da000 	C:\Windows\WinSxS\amd64_microsoft.windows.common-controls_6595b64144ccf1df_6.0.19041.5915_none_60b4b9d171f9c7c7\COMCTL32.dll
0x00007ffc37360000 - 0x00007ffc3738b000 	C:\Windows\System32\GDI32.dll
0x00007ffc36990000 - 0x00007ffc36aa9000 	C:\Windows\System32\gdi32full.dll
0x00007ffc38c30000 - 0x00007ffc38cce000 	C:\Windows\System32\msvcrt.dll
0x00007ffc36660000 - 0x00007ffc366fd000 	C:\Windows\System32\msvcp_win.dll
0x00007ffc36ff0000 - 0x00007ffc3701f000 	C:\Windows\System32\IMM32.DLL
0x00007ffc31d10000 - 0x00007ffc31d1c000 	C:\Program Files\Java\jdk-22\bin\vcruntime140_1.dll
0x00007ffbffce0000 - 0x00007ffbffd6e000 	C:\Program Files\Java\jdk-22\bin\msvcp140.dll
0x00007ffbf9660000 - 0x00007ffbfa3a9000 	C:\Program Files\Java\jdk-22\bin\server\jvm.dll
0x00007ffc37680000 - 0x00007ffc37731000 	C:\Windows\System32\ADVAPI32.dll
0x00007ffc384d0000 - 0x00007ffc3856f000 	C:\Windows\System32\sechost.dll
0x00007ffc371b0000 - 0x00007ffc372d3000 	C:\Windows\System32\RPCRT4.dll
0x00007ffc36960000 - 0x00007ffc36987000 	C:\Windows\System32\bcrypt.dll
0x00007ffc37540000 - 0x00007ffc375ab000 	C:\Windows\System32\WS2_32.dll
0x00007ffc36540000 - 0x00007ffc3658b000 	C:\Windows\SYSTEM32\POWRPROF.dll
0x00007ffc24ef0000 - 0x00007ffc24f17000 	C:\Windows\SYSTEM32\WINMM.dll
0x00007ffc2c660000 - 0x00007ffc2c66a000 	C:\Windows\SYSTEM32\VERSION.dll
0x00007ffc364d0000 - 0x00007ffc364e2000 	C:\Windows\SYSTEM32\UMPDC.dll
0x00007ffc34500000 - 0x00007ffc34512000 	C:\Windows\SYSTEM32\kernel.appcore.dll
0x00007ffc24360000 - 0x00007ffc2436a000 	C:\Program Files\Java\jdk-22\bin\jimage.dll
0x00007ffc2a010000 - 0x00007ffc2a211000 	C:\Windows\SYSTEM32\DBGHELP.DLL
0x00007ffc203e0000 - 0x00007ffc20414000 	C:\Windows\SYSTEM32\dbgcore.DLL
0x00007ffc36f60000 - 0x00007ffc36fe2000 	C:\Windows\System32\bcryptPrimitives.dll
0x00007ffc241d0000 - 0x00007ffc241ee000 	C:\Program Files\Java\jdk-22\bin\java.dll
0x00007ffc37c30000 - 0x00007ffc3839e000 	C:\Windows\System32\SHELL32.dll
0x00007ffc383a0000 - 0x00007ffc384cb000 	C:\Windows\System32\ole32.dll
0x00007ffc37740000 - 0x00007ffc37a93000 	C:\Windows\System32\combase.dll
0x00007ffc34700000 - 0x00007ffc34ea4000 	C:\Windows\SYSTEM32\windows.storage.dll
0x00007ffc35fc0000 - 0x00007ffc35feb000 	C:\Windows\SYSTEM32\Wldp.dll
0x00007ffc37b60000 - 0x00007ffc37c2d000 	C:\Windows\System32\OLEAUT32.dll
0x00007ffc37ab0000 - 0x00007ffc37b5d000 	C:\Windows\System32\SHCORE.dll
0x00007ffc38cd0000 - 0x00007ffc38d2b000 	C:\Windows\System32\shlwapi.dll
0x00007ffc36590000 - 0x00007ffc365b5000 	C:\Windows\SYSTEM32\profapi.dll
0x00007ffbf9580000 - 0x00007ffbf9657000 	C:\Program Files\Java\jdk-22\bin\jsvml.dll
0x00007ffc242e0000 - 0x00007ffc242f0000 	C:\Program Files\Java\jdk-22\bin\net.dll
0x00007ffc35d20000 - 0x00007ffc35d8a000 	C:\Windows\system32\mswsock.dll
0x00007ffc241b0000 - 0x00007ffc241c6000 	C:\Program Files\Java\jdk-22\bin\nio.dll
0x00007ffc24190000 - 0x00007ffc241a7000 	C:\Program Files\Java\jdk-22\bin\zip.dll
0x00007ffc24180000 - 0x00007ffc24190000 	C:\Program Files\Java\jdk-22\bin\verify.dll
0x00007ffbf93f0000 - 0x00007ffbf957e000 	C:\Program Files\Java\jdk-22\bin\awt.dll
0x00007ffc32380000 - 0x00007ffc32414000 	C:\Windows\SYSTEM32\apphelp.dll
0x00007ffc34320000 - 0x00007ffc3434f000 	C:\Windows\system32\DWMAPI.DLL
0x00007ffc34010000 - 0x00007ffc340ae000 	C:\Windows\system32\uxtheme.dll
0x00007ffbf92c0000 - 0x00007ffbf93e8000 	C:\Windows\system32\opengl32.dll
0x00007ffc239a0000 - 0x00007ffc239cc000 	C:\Windows\SYSTEM32\GLU32.dll
0x00007ffc38d30000 - 0x00007ffc38e45000 	C:\Windows\System32\MSCTF.dll
0x00007ffc31620000 - 0x00007ffc3165b000 	C:\Windows\SYSTEM32\dxcore.dll
0x00007ffc36f10000 - 0x00007ffc36f5e000 	C:\Windows\System32\cfgmgr32.dll

dbghelp: loaded successfully - version: 4.0.5 - missing functions: none
symbol engine: initialized successfully - sym options: 0x614 - pdb path: .;C:\Program Files\Java\jdk-22\bin;C:\Windows\SYSTEM32;C:\Windows\WinSxS\amd64_microsoft.windows.common-controls_6595b64144ccf1df_6.0.19041.5915_none_60b4b9d171f9c7c7;C:\Program Files\Java\jdk-22\bin\server

VM Arguments:
jvm_args: -XX:+ShowCodeDetailsInExceptionMessages 
java_command: Connect -n 10 -i 380 -c benin -u https://facebook.com/
java_class_path (initial): C:\Users\Parfait\AppData\Roaming\Code\User\workspaceStorage\618fe75f5cd33d5a849945ffcda487fc\redhat.java\jdt_ws\AccountMail_238e4a47\bin;c:\Users\Parfait\Programming\AccountMail\jgenderize\jaxrs-ri\ext\jakarta.servlet-api-5.0.0.jar;c:\Users\Parfait\Programming\AccountMail\jgenderize\jaxrs-ri\ext\jakarta.json.bind-api-2.0.0.jar;c:\Users\Parfait\Programming\AccountMail\jgenderize\jaxrs-ri\ext\jakarta.activation-2.0.0.jar;c:\Users\Parfait\Programming\AccountMail\jgenderize\jaxrs-ri\lib\jersey-server.jar;c:\Users\Parfait\Programming\AccountMail\jgenderize\jaxrs-ri\ext\yasson-2.0.1.jar;c:\Users\Parfait\Programming\AccountMail\jgenderize\jaxrs-ri\ext\jakarta.persistence-api-3.0.0.jar;c:\Users\Parfait\Programming\AccountMail\jgenderize\jaxrs-ri\ext\org.osgi.core-6.0.0.jar;c:\Users\Parfait\Programming\AccountMail\jgenderize\jaxrs-ri\api\jakarta.ws.rs-api-3.0.0.jar;c:\Users\Parfait\Programming\AccountMail\jgenderize\jaxrs-ri\ext\hk2-locator-3.0.1.jar;c:\Users\Parfait\Programming\AccountMail\jgenderize\jaxrs-ri\lib\jersey-common.jar;c:\Users\Parfait\Programming\AccountMail\jgenderize\jaxrs-ri\ext\jakarta.inject-api-2.0.0.jar;c:\Users\Parfait\Programming\AccountMail\jgenderize\jaxrs-ri\ext\jakarta.json-2.0.0-module.jar;c:\Users\Parfait\Programming\AccountMail\jgenderize\jaxrs-ri\ext\jakarta.json-api-2.0.0.jar;c:\Users\Parfait\Programming\AccountMail\jgenderize\jaxrs-ri\lib\jersey-client.jar;c:\Users\Parfait\Programming\AccountMail\jgenderize\jaxrs-ri\lib\jersey-media-jaxb.jar;c:\Users\Parfait\Programming\AccountMail\jgenderize\jaxrs-ri\ext\javassist-3.25.0-GA.jar;c:\Users\Parfait\Programming\AccountMail\jgenderize\junit-jupiter-api-5.10.2.jar;c:\Users\Parfait\Programming\AccountMail\jgenderize\jaxrs-ri\lib\jersey-hk2.jar;c:\Users\Parfait\Programming\AccountMail\jgenderize\jaxrs-ri\ext\aopalliance-repackaged-3.0.1.jar;c:\Users\Parfait\Programming\AccountMail\jgenderize\jaxrs-ri\ext\hk2-utils-3.0.1.jar;c:\Users\Parfait\Programming\AccountMail\jgenderize\jaxrs-ri\ext\jakarta.annotation-api-2.0.0.jar;c:\Users\Parfait\Programming\AccountMail\jgenderize\jaxrs-ri\lib\jersey-container-servlet.jar;c:\Users\Parfait\Programming\AccountMail\jgenderize\jaxrs-ri\ext\hk2-api-3.0.1.jar;c:\Users\Parfait\Programming\AccountMail\jgenderize\jaxrs-ri\ext\jakarta.xml.bind-api-3.0.0.jar;c:\Users\Parfait\Programming\AccountMail\commons-cli-1.4-bin\commons-cli-1.4\commons-cli-1.4.jar;c:\Users\Parfait\Programming\AccountMail\jgenderize\jaxrs-ri\lib\jersey-media-json-binding.jar;c:\Users\Parfait\Programming\AccountMail\jgenderize\jaxrs-ri\ext\jakarta.validation-api-3.0.0.jar;c:\Users\Parfait\Programming\AccountMail\jgenderize\jaxrs-ri\lib\jersey-container-servlet-core.jar;c:\Users\Parfait\Programming\AccountMail\jgenderize\jaxrs-ri\lib\jersey-media-sse.jar;c:\Users\Parfait\Programming\AccountMail\jgenderize\jaxrs-ri\ext\osgi-resource-locator-1.0.3.jar
Launcher Type: SUN_STANDARD

[Global flags]
     intx CICompilerCount                          = 3                                         {product} {ergonomic}
     uint ConcGCThreads                            = 1                                         {product} {ergonomic}
     uint G1ConcRefinementThreads                  = 4                                         {product} {ergonomic}
   size_t G1HeapRegionSize                         = 2097152                                   {product} {ergonomic}
   size_t InitialHeapSize                          = 268435456                                 {product} {ergonomic}
   size_t MarkStackSize                            = 4194304                                   {product} {ergonomic}
   size_t MaxHeapSize                              = 4294967296                                {product} {ergonomic}
   size_t MaxNewSize                               = 2575302656                                {product} {ergonomic}
   size_t MinHeapDeltaBytes                        = 2097152                                   {product} {ergonomic}
   size_t MinHeapSize                              = 8388608                                   {product} {ergonomic}
    uintx NonNMethodCodeHeapSize                   = 5832780                                {pd product} {ergonomic}
    uintx NonProfiledCodeHeapSize                  = 122912730                              {pd product} {ergonomic}
    uintx ProfiledCodeHeapSize                     = 122912730                              {pd product} {ergonomic}
    uintx ReservedCodeCacheSize                    = 251658240                              {pd product} {ergonomic}
     bool SegmentedCodeCache                       = true                                      {product} {ergonomic}
     bool ShowCodeDetailsInExceptionMessages       = true                                   {manageable} {command line}
   size_t SoftMaxHeapSize                          = 4294967296                             {manageable} {ergonomic}
     bool UseCompressedOops                        = true                           {product lp64_product} {ergonomic}
     bool UseG1GC                                  = true                                      {product} {ergonomic}
     bool UseLargePagesIndividualAllocation        = false                                  {pd product} {ergonomic}

Logging:
Log output configuration:
 #0: stdout all=warning uptime,level,tags foldmultilines=false
 #1: stderr all=off uptime,level,tags foldmultilines=false

Environment Variables:
PATH=C:\Program Files\Common Files\Oracle\Java\javapath;C:\Windows\system32;C:\Windows;C:\Windows\System32\Wbem;C:\Windows\System32\WindowsPowerShell\v1.0\;C:\Windows\System32\OpenSSH\;C:\Program Files\Tailscale\;C:\ProgramData\GooGet;C:\Program Files\Google\Compute Engine\metadata_scripts;C:\Program Files\Google\Compute Engine\sysprep;C:\Program Files\Git\cmd;C:\Program Files (x86)\ZeroTier\One\;C:\Users\Parfait\AppData\Local\Microsoft\WindowsApps;C:\Users\Parfait\AppData\Local\Programs\Microsoft VS Code\bin
USERNAME=Parfait
LANG=en_US.UTF-8
OS=Windows_NT
PROCESSOR_IDENTIFIER=AMD64 Family 25 Model 1 Stepping 0, AuthenticAMD
TMP=C:\Users\Parfait\AppData\Local\Temp
TEMP=C:\Users\Parfait\AppData\Local\Temp




Periodic native trim disabled

---------------  S Y S T E M  ---------------

OS:
 Windows 10 , 64 bit Build 19041 (10.0.19041.5915)
OS uptime: 0 days 4:19 hours
KVM virtualization detected

CPU: total 4 (initial active 4) (4 cores per cpu, 2 threads per core) family 25 model 1 stepping 0 microcode 0x0, cx8, cmov, fxsr, ht, mmx, 3dnowpref, sse, sse2, sse3, ssse3, sse4a, sse4.1, sse4.2, popcnt, lzcnt, tsc, tscinvbit, avx, avx2, aes, erms, clmul, bmi1, bmi2, adx, sha, fma, vzeroupper, clflush, clflushopt, hv, rdtscp, rdpid, fsrm, f16c
Processor Information for all 4 processors :
  Max Mhz: 3050, Current Mhz: 3050, Mhz Limit: 3050

Memory: 4k page, system-wide physical 16383M (8643M free)
TotalPageFile size 24501M (AvailPageFile size 14424M)
current process WorkingSet (physical memory assigned to process): 32M, peak: 52M
current process commit charge ("private bytes"): 339M, peak: 340M

vm_info: Java HotSpot(TM) 64-Bit Server VM (22.0.2+9-70) for windows-amd64 JRE (22.0.2+9-70), built on 2024-06-04T16:52:23Z by "mach5one" with MS VC++ 17.6 (VS2022)

END.
