#
# A fatal error has been detected by the Java Runtime Environment:
#
#  EXCEPTION_ACCESS_VIOLATION (0xc0000005) at pc=0x00007ffd2586ae69, pid=2664, tid=10788
#
# JRE version: Java(TM) SE Runtime Environment (22.0.2+9) (build 22.0.2+9-70)
# Java VM: Java HotSpot(TM) 64-Bit Server VM (22.0.2+9-70, mixed mode, sharing, tiered, compressed oops, compressed class ptrs, g1 gc, windows-amd64)
# Problematic frame:
# C  [awt.dll+0xdae69]
#
# No core dump will be written. Minidumps are not enabled by default on client versions of Windows
#
# If you would like to submit a bug report, please visit:
#   https://bugreport.java.com/bugreport/crash.jsp
# The crash happened outside the Java Virtual Machine in native code.
# See problematic frame for where to report the bug.
#

---------------  S U M M A R Y ------------

Command Line: -XX:+ShowCodeDetailsInExceptionMessages Connect -n 10 -i 0 -c benin -u https://facebook.com/

Host: AMD EPYC 7B13, 4 cores, 15G,  Windows 10 , 64 bit Build 19041 (10.0.19041.5915)
Time: Mon Jun 23 13:48:19 2025 Temps universel coordonné elapsed time: 11997.667131 seconds (0d 3h 19m 57s)

---------------  T H R E A D  ---------------

Current thread (0x000002ac54253e60):  JavaThread "AWT-EventQueue-0"        [_thread_in_native, id=10788, stack(0x000000fbc5000000,0x000000fbc5100000) (1024K)]

Stack: [0x000000fbc5000000,0x000000fbc5100000],  sp=0x000000fbc50fec10,  free space=1019k
Native frames: (J=compiled Java code, j=interpreted, Vv=VM code, C=native code)
C  [awt.dll+0xdae69]  (no source info available)
C  [awt.dll+0xda228]  (no source info available)
C  0x000002ac07b0538a  (no source info available)

The last pc belongs to native nmethod (printed below).
Java frames: (J=compiled Java code, j=interpreted, Vv=VM code)
J 723  sun.awt.Win32GraphicsConfig.getBounds(I)Ljava/awt/Rectangle; java.desktop@22.0.2 (0 bytes) @ 0x000002ac07b052f3 [0x000002ac07b052a0+0x0000000000000053]
J 722 c1 sun.awt.Win32GraphicsConfig.getBounds()Ljava/awt/Rectangle; java.desktop@22.0.2 (12 bytes) @ 0x000002ac000fec64 [0x000002ac000feb40+0x0000000000000124]
j  sun.awt.Win32GraphicsDevice.displayChanged()V+23 java.desktop@22.0.2
j  sun.awt.Win32GraphicsEnvironment.displayChanged()V+271 java.desktop@22.0.2
j  sun.awt.windows.WToolkit.lambda$displayChanged$4()V+15 java.desktop@22.0.2
j  sun.awt.windows.WToolkit$$Lambda+0x000002ac1002d6a8.run()V+0 java.desktop@22.0.2
j  java.awt.event.InvocationEvent.dispatch()V+47 java.desktop@22.0.2
j  java.awt.EventQueue.dispatchEventImpl(Ljava/awt/AWTEvent;Ljava/lang/Object;)V+21 java.desktop@22.0.2
j  java.awt.EventQueue$4.run()Ljava/lang/Void;+32 java.desktop@22.0.2
j  java.awt.EventQueue$4.run()Ljava/lang/Object;+1 java.desktop@22.0.2
J 741 c1 java.security.AccessController.executePrivileged(Ljava/security/PrivilegedAction;Ljava/security/AccessControlContext;Ljava/lang/Class;)Ljava/lang/Object; java.base@22.0.2 (69 bytes) @ 0x000002ac00107cc4 [0x000002ac00107b60+0x0000000000000164]
j  java.security.AccessController.doPrivileged(Ljava/security/PrivilegedAction;Ljava/security/AccessControlContext;)Ljava/lang/Object;+13 java.base@22.0.2
j  java.security.ProtectionDomain$JavaSecurityAccessImpl.doIntersectionPrivilege(Ljava/security/PrivilegedAction;Ljava/security/AccessControlContext;Ljava/security/AccessControlContext;)Ljava/lang/Object;+18 java.base@22.0.2
j  java.awt.EventQueue.dispatchEvent(Ljava/awt/AWTEvent;)V+46 java.desktop@22.0.2
j  java.awt.EventDispatchThread.pumpOneEventForFilters(I)V+81 java.desktop@22.0.2
j  java.awt.EventDispatchThread.pumpEventsForFilter(ILjava/awt/Conditional;Ljava/awt/EventFilter;)V+35 java.desktop@22.0.2
j  java.awt.EventDispatchThread.pumpEventsForHierarchy(ILjava/awt/Conditional;Ljava/awt/Component;)V+11 java.desktop@22.0.2
j  java.awt.EventDispatchThread.pumpEvents(ILjava/awt/Conditional;)V+4 java.desktop@22.0.2
j  java.awt.EventDispatchThread.pumpEvents(Ljava/awt/Conditional;)V+3 java.desktop@22.0.2
j  java.awt.EventDispatchThread.run()V+9 java.desktop@22.0.2
v  ~StubRoutines::call_stub 0x000002ac0753100d

siginfo: EXCEPTION_ACCESS_VIOLATION (0xc0000005), reading address 0x0000000000000028


Registers:
RAX=0x0000000000000000, RBX=0x000002ac5444c150, RCX=0x0000000000000000, RDX=0x0000000000000000
RSP=0x000000fbc50fec10, RBP=0x0000000000000000, RSI=0x0000000000000000, RDI=0x0000000000000000
R8 =0x0000000000000001, R9 =0x0000000000000004, R10=0x000002ac5444c010, R11=0x000002ac50286f50
R12=0x0000000000000000, R13=0x000002ac54447d88, R14=0x000002ac54518f40, R15=0x0000000000000000
RIP=0x00007ffd2586ae69, EFLAGS=0x0000000000010246


Register to memory mapping:

RAX=0x0 is null
RBX=0x000002ac5444c150 points into unknown readable memory: 0x000002ac5447d9e0 | e0 d9 47 54 ac 02 00 00
RCX=0x0 is null
RDX=0x0 is null
RSP=0x000000fbc50fec10 is pointing into the stack for thread: 0x000002ac54253e60
RBP=0x0 is null
RSI=0x0 is null
RDI=0x0 is null
R8 =0x0000000000000001 is an unknown value
R9 =0x0000000000000004 is an unknown value
R10=0x000002ac5444c010 points into unknown readable memory: 0x0000001e00000003 | 03 00 00 00 1e 00 00 00
R11={method} {0x000002ac50286f58} '<init>' '(IIII)V' in 'java/awt/Rectangle'
R12=0x0 is null
R13=0x000002ac54447d88 points into unknown readable memory: 0x000002ac50286f50 | 50 6f 28 50 ac 02 00 00
R14=0x000002ac54518f40 points into unknown readable memory: 0x000000070f179988 | 88 99 17 0f 07 00 00 00
R15=0x0 is null

Top of Stack: (sp=0x000000fbc50fec10)
0x000000fbc50fec10:   00007ffd258c9848 000002ac5444c150
0x000000fbc50fec20:   000002ac5444c150 000000070f200218
0x000000fbc50fec30:   000002ac54254220 00007ffd2586a228
0x000000fbc50fec40:   000002ac5444c150 000002ac5444c150
0x000000fbc50fec50:   000000070f200218 000002ac54254220
0x000000fbc50fec60:   0000000000000000 000000070f200218
0x000000fbc50fec70:   0000000000000000 fffffffffffffff7
0x000000fbc50fec80:   0000000000000000 0000000000000000
0x000000fbc50fec90:   0000437d608bca73 000002ac50329cd0
0x000000fbc50feca0:   000002ac54253e60 0000000000000000
0x000000fbc50fecb0:   000000fbc50fed98 0000000000000000
0x000000fbc50fecc0:   000002ac5030a088 000000070f200218
0x000000fbc50fecd0:   000000fbc50fed40 000002ac07b0538a
0x000000fbc50fece0:   000000070f1ed8f0 000002ac502830d0
0x000000fbc50fecf0:   000002ac501bb9e8 0000000000000000
0x000000fbc50fed00:   000000070f200218 000000fbc50fed88
0x000000fbc50fed10:   000002ac07538964 0000000000000000
0x000000fbc50fed20:   000002ac0753a518 0000000000000000
0x000000fbc50fed30:   0000000000000003 000000070f1ed8f0
0x000000fbc50fed40:   000000fbc50fede8 000002ac000fec64
0x000000fbc50fed50:   000000fbc50fee00 000002ac07538a08
0x000000fbc50fed60:   000000fbc50fede8 000002ac07549191
0x000000fbc50fed70:   000002ac501bbea8 00000000000000b6
0x000000fbc50fed80:   000000fbc50fede8 000002ac07538a5a
0x000000fbc50fed90:   000002ac07538a5a 000000070f200218
0x000000fbc50feda0:   fffffffffffffff7 000002ac501bd727
0x000000fbc50fedb0:   0000000000000003 000002ac501beed0
0x000000fbc50fedc0:   0000000000000000 000000070f1d4790
0x000000fbc50fedd0:   000002ac501bd768 fffffffffffffff6
0x000000fbc50fede0:   000000fbc50fee00 000000fbc50fee50
0x000000fbc50fedf0:   000002ac075388c0 0000000000000000
0x000000fbc50fee00:   000000070f1ed8f0 fffffffffffffff7 

Instructions: (pc=0x00007ffd2586ae69)
0x00007ffd2586ad69:   cc cc cc cc cc cc cc 48 89 5c 24 08 48 89 6c 24
0x00007ffd2586ad79:   10 48 89 74 24 18 57 48 83 ec 20 41 8b f8 0f b6
0x00007ffd2586ad89:   f2 48 8b e9 e8 0e cf f4 ff 48 8b d8 48 89 44 24
0x00007ffd2586ad99:   48 41 b8 01 00 00 00 8b d7 48 8b c8 e8 76 ce f4
0x00007ffd2586ada9:   ff 48 8b c8 44 0f b6 c6 48 8b d5 e8 97 fa ff ff
0x00007ffd2586adb9:   48 8b f8 48 8b cb e8 9c d0 f4 ff 90 48 8b c7 48
0x00007ffd2586adc9:   8b 5c 24 30 48 8b 6c 24 38 48 8b 74 24 40 48 83
0x00007ffd2586add9:   c4 20 5f c3 cc cc cc 48 8b 49 28 e9 07 07 00 00
0x00007ffd2586ade9:   cc cc cc cc cc cc cc 48 89 5c 24 08 57 48 83 ec
0x00007ffd2586adf9:   20 8b f9 e8 9f ce f4 ff 48 8b d8 48 89 44 24 38
0x00007ffd2586ae09:   41 b8 01 00 00 00 8b d7 48 8b c8 e8 07 ce f4 ff
0x00007ffd2586ae19:   48 8b 08 8b 39 48 8b cb e8 3a d0 f4 ff 90 8b c7
0x00007ffd2586ae29:   48 8b 5c 24 30 48 83 c4 20 5f c3 cc cc cc cc cc
0x00007ffd2586ae39:   cc cc cc cc cc cc cc 48 89 5c 24 08 57 48 83 ec
0x00007ffd2586ae49:   20 8b f9 e8 4f ce f4 ff 48 8b d8 48 89 44 24 38
0x00007ffd2586ae59:   41 b8 01 00 00 00 8b d7 48 8b c8 e8 b7 cd f4 ff
0x00007ffd2586ae69:   48 8b 78 28 48 8b cb e8 eb cf f4 ff 90 48 8b c7
0x00007ffd2586ae79:   48 8b 5c 24 30 48 83 c4 20 5f c3 cc cc cc cc cc
0x00007ffd2586ae89:   cc cc cc cc cc cc cc 48 89 5c 24 08 57 48 83 ec
0x00007ffd2586ae99:   20 8b f9 e8 ff cd f4 ff 48 8b d8 48 89 44 24 38
0x00007ffd2586aea9:   41 b8 01 00 00 00 8b d7 48 8b c8 e8 67 cd f4 ff
0x00007ffd2586aeb9:   48 8b 78 30 48 8b cb e8 9b cf f4 ff 90 48 8b c7
0x00007ffd2586aec9:   48 8b 5c 24 30 48 83 c4 20 5f c3 cc cc cc cc cc
0x00007ffd2586aed9:   cc cc cc cc cc cc cc 48 89 5c 24 08 57 48 83 ec
0x00007ffd2586aee9:   20 8b f9 e8 af cd f4 ff 48 8b d8 48 89 44 24 38
0x00007ffd2586aef9:   41 b8 01 00 00 00 8b d7 48 8b c8 e8 17 cd f4 ff
0x00007ffd2586af09:   48 8b 78 08 48 85 ff 74 07 48 8b bf 08 0c 00 00
0x00007ffd2586af19:   48 8b cb e8 3f cf f4 ff 90 48 8b c7 48 8b 5c 24
0x00007ffd2586af29:   30 48 83 c4 20 5f c3 f3 0f 10 41 48 c3 cc cc cc
0x00007ffd2586af39:   cc cc cc cc cc cc cc f3 0f 10 41 4c c3 cc cc cc
0x00007ffd2586af49:   cc cc cc cc cc cc cc 48 89 5c 24 10 48 89 74 24
0x00007ffd2586af59:   18 55 57 41 56 48 8d 6c 24 e0 48 81 ec 20 01 00 


Stack slot to memory mapping:

stack at sp + 0 slots: 0x00007ffd258c9848 awt.dll
stack at sp + 1 slots: 0x000002ac5444c150 points into unknown readable memory: 0x000002ac5447d9e0 | e0 d9 47 54 ac 02 00 00
stack at sp + 2 slots: 0x000002ac5444c150 points into unknown readable memory: 0x000002ac5447d9e0 | e0 d9 47 54 ac 02 00 00
stack at sp + 3 slots: 0x000000070f200218 is an oop: sun.awt.Win32GraphicsConfig 
{0x000000070f200218} - klass: 'sun/awt/Win32GraphicsConfig'
 - ---- fields (total size 4 words):
 - protected 'visual' 'I' @12  0 (0x00000000)
 - private final 'device' 'Lsun/awt/Win32GraphicsDevice;' @16  a 'sun/awt/Win32GraphicsDevice'{0x000000070f1ed8f0} (0xe1e3db1e)
 - protected 'solidloops' 'Lsun/java2d/loops/RenderLoops;' @20  null (0x00000000)
 - private 'sTypeOrig' 'Lsun/java2d/loops/SurfaceType;' @24  null (0x00000000)
stack at sp + 4 slots: 0x000002ac54254220 points into unknown readable memory: 0x00007ffd194ceac0 | c0 ea 4c 19 fd 7f 00 00
stack at sp + 5 slots: 0x00007ffd2586a228 awt.dll
stack at sp + 6 slots: 0x000002ac5444c150 points into unknown readable memory: 0x000002ac5447d9e0 | e0 d9 47 54 ac 02 00 00
stack at sp + 7 slots: 0x000002ac5444c150 points into unknown readable memory: 0x000002ac5447d9e0 | e0 d9 47 54 ac 02 00 00


Compiled method (n/a) 11997830  723     n 0       sun.awt.Win32GraphicsConfig::getBounds (native)
 total in heap  [0x000002ac07b05110,0x000002ac07b056d0] = 1472
 relocation     [0x000002ac07b05268,0x000002ac07b052a0] = 56
 main code      [0x000002ac07b052a0,0x000002ac07b056cd] = 1069
 stub code      [0x000002ac07b056cd,0x000002ac07b056d0] = 3

[Constant Pool (empty)]

[MachCode]
[Entry Point]
  # {method} {0x000002ac50283018} 'getBounds' '(I)Ljava/awt/Rectangle;' in 'sun/awt/Win32GraphicsConfig'
  # this:     rdx:rdx   = 'sun/awt/Win32GraphicsConfig'
  # parm0:    r8        = int
  #           [sp+0x70]  (sp of caller)
  0x000002ac07b052a0: 448b 5208 | 49bb 0000 | 000f ac02 | 0000 4d03 | d349 3bc2 | 0f84 0600 

  0x000002ac07b052b8: ;   {runtime_call ic_miss_stub}
  0x000002ac07b052b8: 0000 e9c1 | 94a7 ff90 
[Verified Entry Point]
  0x000002ac07b052c0: 8984 2400 | 80ff ff55 | 488b ec48 | 83ec 6090 | 4181 7f20 | 0100 0000 

  0x000002ac07b052d8: ;   {runtime_call StubRoutines (final stubs)}
  0x000002ac07b052d8: 7405 e801 | faa5 ff48 | 8954 2420 | 4883 fa00 | 488d 5424 | 2048 0f44 | 5424 20c5 

  0x000002ac07b052f4: ;   {internal_word}
  0x000002ac07b052f4: f877 49ba | f352 b007 | ac02 0000 | 4d89 97a8 | 0300 0049 | 89a7 a003 

  0x000002ac07b0530c: ;   {external_word}
  0x000002ac07b0530c: 0000 49ba | 6c40 5319 | fd7f 0000 | 4180 3a00 | 0f84 4a00 | 0000 5241 

  0x000002ac07b05324: ;   {metadata({method} {0x000002ac50283018} 'getBounds' '(I)Ljava/awt/Rectangle;' in 'sun/awt/Win32GraphicsConfig')}
  0x000002ac07b05324: 5048 ba10 | 3028 50ac | 0200 0049 | 8bcf 4883 | ec20 40f6 | c40f 0f84 | 1900 0000 | 4883 ec08 
  0x000002ac07b05344: ;   {runtime_call}
  0x000002ac07b05344: 48b8 80b9 | 0319 fd7f | 0000 ffd0 | 4883 c408 | e90c 0000 

  0x000002ac07b05358: ;   {runtime_call}
  0x000002ac07b05358: 0048 b880 | b903 19fd | 7f00 00ff | d048 83c4 | 2041 585a | 498d 8fc0 | 0300 0041 | c787 5404 
  0x000002ac07b05378: 0000 0400 

  0x000002ac07b0537c: ;   {runtime_call}
  0x000002ac07b0537c: 0000 48b8 | 90a1 8625 | fd7f 0000 | ffd0 c5f8 | 7741 c787 | 5404 0000 | 0500 0000 | f083 4424 
  0x000002ac07b0539c: c000 493b | af58 0400 | 000f 870e | 0000 0041 | 83bf 5004 | 0000 000f | 842b 0000 | 00c5 f877 
  0x000002ac07b053bc: 4889 45f8 | 498b cf4c | 8be4 4883 | ec20 4883 

  0x000002ac07b053cc: ;   {runtime_call}
  0x000002ac07b053cc: e4f0 48b8 | 4023 ce18 | fd7f 0000 | ffd0 498b | e44d 33e4 | 488b 45f8 | 41c7 8754 | 0400 0008 
  0x000002ac07b053ec: 0000 0041 | 83bf d004 | 0000 020f | 84a3 0200 

  0x000002ac07b053fc: ;   {external_word}
  0x000002ac07b053fc: 0049 ba6c | 4053 19fd | 7f00 0041 | 803a 000f | 844c 0000 | 0048 8945 

  0x000002ac07b05414: ;   {metadata({method} {0x000002ac50283018} 'getBounds' '(I)Ljava/awt/Rectangle;' in 'sun/awt/Win32GraphicsConfig')}
  0x000002ac07b05414: f848 ba10 | 3028 50ac | 0200 0049 | 8bcf 4883 | ec20 40f6 | c40f 0f84 | 1900 0000 | 4883 ec08 
  0x000002ac07b05434: ;   {runtime_call}
  0x000002ac07b05434: 48b8 80b9 | 0319 fd7f | 0000 ffd0 | 4883 c408 | e90c 0000 

  0x000002ac07b05448: ;   {runtime_call}
  0x000002ac07b05448: 0048 b880 | b903 19fd | 7f00 00ff | d048 83c4 | 2048 8b45 | f849 c787 | a003 0000 | 0000 0000 
  0x000002ac07b05468: 49c7 87a8 | 0300 0000 | 0000 00c5 | f877 4885 | c00f 84fe | 0100 00a8 | 030f 8508 | 0000 0048 
  0x000002ac07b05488: 8b00 e9ee | 0100 00a8 | 010f 8509 | 0000 0048 | 8b40 fee9 | dd01 0000 | 488b 40ff | 4180 7f38 
  0x000002ac07b054a8: 000f 84ce | 0100 0048 | 83f8 000f | 84c4 0100 | 0049 8b4f | 2848 83f9 | 000f 8414 | 0000 0048 
  0x000002ac07b054c8: 83e9 0849 | 894f 2849 | 034f 3048 | 8901 e9a2 | 0100 0048 | 81ec d000 | 0000 4889 | 0424 4889 
  0x000002ac07b054e8: 4c24 0848 | 8954 2410 | 4889 7424 | 1848 897c | 2420 4c89 | 4424 284c | 894c 2430 | 4c89 5424 
  0x000002ac07b05508: 384c 895c | 2440 c5fb | 1144 2450 | c5fb 114c | 2458 c5fb | 1154 2460 | c5fb 115c | 2468 c5fb 
  0x000002ac07b05528: 1164 2470 | c5fb 116c | 2478 c5fb | 11b4 2480 | 0000 00c5 | fb11 bc24 | 8800 0000 | c57b 1184 
  0x000002ac07b05548: ;   {no_reloc}
  0x000002ac07b05548: 2490 0000 | 00c5 7b11 | 8c24 9800 | 0000 c57b | 1194 24a0 | 0000 00c5 | 7b11 9c24 | a800 0000 
  0x000002ac07b05568: c57b 11a4 | 24b0 0000 | 00c5 7b11 | ac24 b800 | 0000 c57b | 11b4 24c0 | 0000 00c5 | 7b11 bc24 
  0x000002ac07b05588: c800 0000 | 498b d748 | 8bc8 4883 | ec20 40f6 | c40f 0f84 | 1900 0000 | 4883 ec08 

  0x000002ac07b055a4: ;   {runtime_call}
  0x000002ac07b055a4: 48b8 303f | c118 fd7f | 0000 ffd0 | 4883 c408 | e90c 0000 

  0x000002ac07b055b8: ;   {runtime_call}
  0x000002ac07b055b8: 0048 b830 | 3fc1 18fd | 7f00 00ff | d048 83c4 | 20c5 7b10 | bc24 c800 | 0000 c57b | 10b4 24c0 
  0x000002ac07b055d8: 0000 00c5 | 7b10 ac24 | b800 0000 | c57b 10a4 | 24b0 0000 | 00c5 7b10 | 9c24 a800 | 0000 c57b 
  0x000002ac07b055f8: 1094 24a0 | 0000 00c5 | 7b10 8c24 | 9800 0000 | c57b 1084 | 2490 0000 | 00c5 fb10 | bc24 8800 
  0x000002ac07b05618: 0000 c5fb | 10b4 2480 | 0000 00c5 | fb10 6c24 | 78c5 fb10 | 6424 70c5 | fb10 5c24 | 68c5 fb10 
  0x000002ac07b05638: 5424 60c5 | fb10 4c24 | 58c5 fb10 | 4424 504c | 8b5c 2440 | 4c8b 5424 | 384c 8b4c | 2430 4c8b 
  0x000002ac07b05658: 4424 2848 | 8b7c 2420 | 488b 7424 | 1848 8b54 | 2410 488b | 4c24 0848 | 8b04 2448 | 81c4 d000 
  0x000002ac07b05678: 0000 c5f8 | 7749 8b8f | 3004 0000 | c781 0001 | 0000 0000 | 0000 c949 | 837f 0800 | 0f85 0100 
  0x000002ac07b05698: ;   {runtime_call StubRoutines (initial stubs)}
  0x000002ac07b05698: 0000 c3e9 | 60b8 a2ff | c5f8 7748 | 8945 f84c | 8be4 4883 | ec20 4883 

  0x000002ac07b056b0: ;   {runtime_call}
  0x000002ac07b056b0: e4f0 48b8 | d0f1 0319 | fd7f 0000 | ffd0 498b | e44d 33e4 | 488b 45f8 | e930 fdff | fff4 f4f4 
[/MachCode]


Compiled method (c1) 11997843  722       3       sun.awt.Win32GraphicsConfig::getBounds (12 bytes)
 total in heap  [0x000002ac000fe990,0x000002ac000fedd0] = 1088
 relocation     [0x000002ac000feae8,0x000002ac000feb28] = 64
 main code      [0x000002ac000feb40,0x000002ac000fece8] = 424
 stub code      [0x000002ac000fece8,0x000002ac000fed28] = 64
 metadata       [0x000002ac000fed28,0x000002ac000fed48] = 32
 scopes data    [0x000002ac000fed48,0x000002ac000fed68] = 32
 scopes pcs     [0x000002ac000fed68,0x000002ac000fedb8] = 80
 dependencies   [0x000002ac000fedb8,0x000002ac000fedc0] = 8
 nul chk table  [0x000002ac000fedc0,0x000002ac000fedd0] = 16

[Constant Pool (empty)]

[MachCode]
[Entry Point]
  # {method} {0x000002ac502830d8} 'getBounds' '()Ljava/awt/Rectangle;' in 'sun/awt/Win32GraphicsConfig'
  #           [sp+0x40]  (sp of caller)
  0x000002ac000feb40: 448b 5208 | 49bb 0000 | 000f ac02 | 0000 4d03 | d34c 3bd0 

  0x000002ac000feb54: ;   {runtime_call ic_miss_stub}
  0x000002ac000feb54: 0f85 26fc | 4707 660f | 1f44 0000 
[Verified Entry Point]
  0x000002ac000feb60: 8984 2400 | 80ff ff55 | 4883 ec30 | 4181 7f20 | 0100 0000 

  0x000002ac000feb74: ;   {runtime_call StubRoutines (final stubs)}
  0x000002ac000feb74: 7405 e865 

  0x000002ac000feb78: ;   {metadata(method data for {method} {0x000002ac502830d8} 'getBounds' '()Ljava/awt/Rectangle;' in 'sun/awt/Win32GraphicsConfig')}
  0x000002ac000feb78: 6146 0749 | b888 a030 | 50ac 0200 | 0041 8bb0 | cc00 0000 | 83c6 0241 | 89b0 cc00 | 0000 81e6 
  0x000002ac000feb98: fe07 0000 | 85f6 0f84 | db00 0000 | 448b 4210 | 49c1 e003 

  0x000002ac000febac: ; implicit exception: dispatches to 0x000002ac000feca0
  0x000002ac000febac: 493b 0049 

  0x000002ac000febb0: ;   {metadata(method data for {method} {0x000002ac502830d8} 'getBounds' '()Ljava/awt/Rectangle;' in 'sun/awt/Win32GraphicsConfig')}
  0x000002ac000febb0: 8bf0 48bf | 88a0 3050 | ac02 0000 | 8b76 0849 | ba00 0000 | 0fac 0200 | 0049 03f2 | 483b b720 
  0x000002ac000febd0: 0100 0075 | 0d48 8387 | 2801 0000 | 01e9 6000 | 0000 483b | b730 0100 | 0075 0d48 | 8387 3801 
  0x000002ac000febf0: 0000 01e9 | 4a00 0000 | 4883 bf20 | 0100 0000 | 7517 4889 | b720 0100 | 0048 c787 | 2801 0000 
  0x000002ac000fec10: 0100 0000 | e929 0000 | 0048 83bf | 3001 0000 | 0075 1748 | 89b7 3001 | 0000 48c7 | 8738 0100 
  0x000002ac000fec30: 0001 0000 | 00e9 0800 | 0000 4883 | 8718 0100 | 0001 458b | 401c 488b 

  0x000002ac000fec48: ;   {metadata(method data for {method} {0x000002ac502830d8} 'getBounds' '()Ljava/awt/Rectangle;' in 'sun/awt/Win32GraphicsConfig')}
  0x000002ac000fec48: f248 bf88 | a030 50ac | 0200 0048 | 8387 4801 | 0000 010f 

  0x000002ac000fec5c: ;   {optimized virtual_call}
  0x000002ac000fec5c: 1f40 00e8 

  0x000002ac000fec60: ; ImmutableOopMap {}
                      ;*invokevirtual getBounds {reexecute=0 rethrow=0 return_oop=0}
                      ; - sun.awt.Win32GraphicsConfig::getBounds@8 (line 225)
  0x000002ac000fec60: 5c66 a007 

  0x000002ac000fec64: ;   {other}
  0x000002ac000fec64: 0f1f 8400 | d402 0000 | 4883 c430 

  0x000002ac000fec70: ;   {poll_return}
  0x000002ac000fec70: 5d49 3ba7 | 5804 0000 | 0f87 2700 

  0x000002ac000fec7c: ;   {metadata({method} {0x000002ac502830d8} 'getBounds' '()Ljava/awt/Rectangle;' in 'sun/awt/Win32GraphicsConfig')}
  0x000002ac000fec7c: 0000 c349 | bad0 3028 | 50ac 0200 | 004c 8954 | 2408 48c7 | 0424 ffff 

  0x000002ac000fec94: ;   {runtime_call counter_overflow Runtime1 stub}
  0x000002ac000fec94: ffff e865 

  0x000002ac000fec98: ; ImmutableOopMap {rdx=Oop }
                      ;*synchronization entry
                      ; - sun.awt.Win32GraphicsConfig::getBounds@-1 (line 225)
  0x000002ac000fec98: 9454 07e9 | 04ff ffff 

  0x000002ac000feca0: ;   {runtime_call throw_null_pointer_exception Runtime1 stub}
  0x000002ac000feca0: e85b 2c54 

  0x000002ac000feca4: ; ImmutableOopMap {rdx=Oop r8=Oop }
                      ;*invokevirtual getScreen {reexecute=0 rethrow=0 return_oop=0}
                      ; - sun.awt.Win32GraphicsConfig::getBounds@5 (line 225)
                      ;   {internal_word}
  0x000002ac000feca4: 0749 ba71 | ec0f 00ac | 0200 004d | 8997 7004 

  0x000002ac000fecb4: ;   {runtime_call SafepointBlob}
  0x000002ac000fecb4: 0000 e945 | 6a48 0749 | 8b87 0805 | 0000 49c7 | 8708 0500 | 0000 0000 | 0049 c787 | 1005 0000 
  0x000002ac000fecd4: 0000 0000 | 4883 c430 

  0x000002ac000fecdc: ;   {runtime_call unwind_exception Runtime1 stub}
  0x000002ac000fecdc: 5de9 1e1d | 5407 f4f4 | f4f4 f4f4 
[Stub Code]
  0x000002ac000fece8: ;   {no_reloc}
  0x000002ac000fece8: 48bb 0000 | 0000 0000 

  0x000002ac000fecf0: ;   {runtime_call}
  0x000002ac000fecf0: 0000 e9fb 

  0x000002ac000fecf4: ;   {runtime_call handle_exception_from_callee Runtime1 stub}
  0x000002ac000fecf4: ffff ffe8 | 8453 5407 

  0x000002ac000fecfc: ;   {external_word}
  0x000002ac000fecfc: 48b9 c028 | 2b19 fd7f | 0000 4883 

  0x000002ac000fed08: ;   {runtime_call}
  0x000002ac000fed08: e4f0 48b8 | 3099 f218 | fd7f 0000 

  0x000002ac000fed14: ;   {section_word}
  0x000002ac000fed14: ffd0 f449 | ba17 ed0f | 00ac 0200 

  0x000002ac000fed20: ;   {runtime_call DeoptimizationBlob}
  0x000002ac000fed20: 0041 52e9 | 785c 4807 
[/MachCode]


Compiled method (c1) 11997848  741       3       java.security.AccessController::executePrivileged (69 bytes)
 total in heap  [0x000002ac00107990,0x000002ac00107fc8] = 1592
 relocation     [0x000002ac00107ae8,0x000002ac00107b58] = 112
 main code      [0x000002ac00107b60,0x000002ac00107e30] = 720
 stub code      [0x000002ac00107e30,0x000002ac00107e88] = 88
 metadata       [0x000002ac00107e88,0x000002ac00107e98] = 16
 scopes data    [0x000002ac00107e98,0x000002ac00107f20] = 136
 scopes pcs     [0x000002ac00107f20,0x000002ac00107fb0] = 144
 dependencies   [0x000002ac00107fb0,0x000002ac00107fb8] = 8
 nul chk table  [0x000002ac00107fb8,0x000002ac00107fc8] = 16

[Constant Pool (empty)]

[MachCode]
[Verified Entry Point]
  # {method} {0x000002ac0f436088} 'executePrivileged' '(Ljava/security/PrivilegedAction;Ljava/security/AccessControlContext;Ljava/lang/Class;)Ljava/lang/Object;' in 'java/security/AccessController'
  # parm0:    rdx:rdx   = 'java/security/PrivilegedAction'
  # parm1:    r8:r8     = 'java/security/AccessControlContext'
  # parm2:    r9:r9     = 'java/lang/Class'
  #           [sp+0x60]  (sp of caller)
  0x000002ac00107b60: 8984 2400 | 80ff ff55 | 4883 ec50 | 4181 7f20 | 0100 0000 

  0x000002ac00107b74: ;   {runtime_call StubRoutines (final stubs)}
  0x000002ac00107b74: 7405 e865 | d145 074c | 8944 2430 | 4c89 4c24 

  0x000002ac00107b84: ;   {metadata(method data for {method} {0x000002ac0f436088} 'executePrivileged' '(Ljava/security/PrivilegedAction;Ljava/security/AccessControlContext;Ljava/lang/Class;)Ljava/lang/Object;' in 'java/security/AccessController')}
  0x000002ac00107b84: 2848 be88 | 600a 50ac | 0200 008b | becc 0000 | 0083 c702 | 89be cc00 | 0000 81e7 | fe07 0000 
  0x000002ac00107ba4: 85ff 0f84 | e201 0000 

  0x000002ac00107bac: ;   {metadata(method data for {method} {0x000002ac0f436088} 'executePrivileged' '(Ljava/security/PrivilegedAction;Ljava/security/AccessControlContext;Ljava/lang/Class;)Ljava/lang/Object;' in 'java/security/AccessController')}
  0x000002ac00107bac: 4d85 c048 | be88 600a | 50ac 0200 | 0048 c7c7 | 1801 0000 | 7407 48c7 | c728 0100 | 0048 8b1c 
  0x000002ac00107bcc: 3e48 8d5b | 0148 891c | 3e48 8954 | 2420 0f84 | 2400 0000 

  0x000002ac00107be0: ;   {metadata(method data for {method} {0x000002ac0f436088} 'executePrivileged' '(Ljava/security/PrivilegedAction;Ljava/security/AccessControlContext;Ljava/lang/Class;)Ljava/lang/Object;' in 'java/security/AccessController')}
  0x000002ac00107be0: 48be 8860 | 0a50 ac02 | 0000 4883 | 8638 0100 | 0001 498b 

  0x000002ac00107bf4: ;   {static_call}
  0x000002ac00107bf4: d066 90e8 

  0x000002ac00107bf8: ; ImmutableOopMap {[32]=Oop [40]=Oop [48]=Oop }
                      ;*invokestatic ensureMaterializedForStackWalk {reexecute=0 rethrow=0 return_oop=0}
                      ; - java.security.AccessController::executePrivileged@5 (line 774)
  0x000002ac00107bf8: 449c 9f07 

  0x000002ac00107bfc: ;   {other}
  0x000002ac00107bfc: 0f1f 8400 | 6c02 0000 

  0x000002ac00107c04: ;   {metadata(method data for {method} {0x000002ac0f436088} 'executePrivileged' '(Ljava/security/PrivilegedAction;Ljava/security/AccessControlContext;Ljava/lang/Class;)Ljava/lang/Object;' in 'java/security/AccessController')}
  0x000002ac00107c04: 48ba 8860 | 0a50 ac02 | 0000 ff82 | 4801 0000 | 488b 5424 | 2048 3b02 

  0x000002ac00107c1c: ;   {metadata(method data for {method} {0x000002ac0f436088} 'executePrivileged' '(Ljava/security/PrivilegedAction;Ljava/security/AccessControlContext;Ljava/lang/Class;)Ljava/lang/Object;' in 'java/security/AccessController')}
  0x000002ac00107c1c: 488b f248 | bf88 600a | 50ac 0200 | 008b 7608 | 49ba 0000 | 000f ac02 | 0000 4903 | f248 3bb7 
  0x000002ac00107c3c: b001 0000 | 750d 4883 | 87b8 0100 | 0001 e960 | 0000 0048 | 3bb7 c001 | 0000 750d | 4883 87c8 
  0x000002ac00107c5c: 0100 0001 | e94a 0000 | 0048 83bf | b001 0000 | 0075 1748 | 89b7 b001 | 0000 48c7 | 87b8 0100 
  0x000002ac00107c7c: 0001 0000 | 00e9 2900 | 0000 4883 | bfc0 0100 | 0000 7517 | 4889 b7c0 | 0100 0048 | c787 c801 
  0x000002ac00107c9c: 0000 0100 | 0000 e908 | 0000 0048 | 8387 a801 | 0000 0166 | 0f1f 4400 | 0048 b8e0 | 227a 54ac 
  0x000002ac00107cbc: ;   {virtual_call}
  0x000002ac00107cbc: 0200 00e8 

  0x000002ac00107cc0: ; ImmutableOopMap {[40]=Oop [48]=Oop }
                      ;*invokeinterface run {reexecute=0 rethrow=0 return_oop=0}
                      ; - java.security.AccessController::executePrivileged@29 (line 778)
  0x000002ac00107cc0: cc5b 5407 

  0x000002ac00107cc4: ;   {other}
  0x000002ac00107cc4: 0f1f 8400 | 3403 0001 

  0x000002ac00107ccc: ;   {metadata(method data for {method} {0x000002ac0f436088} 'executePrivileged' '(Ljava/security/PrivilegedAction;Ljava/security/AccessControlContext;Ljava/lang/Class;)Ljava/lang/Object;' in 'java/security/AccessController')}
  0x000002ac00107ccc: 48ba 8860 | 0a50 ac02 | 0000 ff82 | d801 0000 

  0x000002ac00107cdc: ;   {metadata(method data for {method} {0x000002ac0f436088} 'executePrivileged' '(Ljava/security/PrivilegedAction;Ljava/security/AccessControlContext;Ljava/lang/Class;)Ljava/lang/Object;' in 'java/security/AccessController')}
  0x000002ac00107cdc: 48ba 8860 | 0a50 ac02 | 0000 4883 | 8238 0200 | 0001 488b | d048 8944 

  0x000002ac00107cf4: ;   {static_call}
  0x000002ac00107cf4: 2438 90e8 

  0x000002ac00107cf8: ; ImmutableOopMap {[40]=Oop [48]=Oop [56]=Oop }
                      ;*invokestatic ensureMaterializedForStackWalk {reexecute=0 rethrow=0 return_oop=0}
                      ; - java.security.AccessController::executePrivileged@56 (line 786)
  0x000002ac00107cf8: 449b 9f07 

  0x000002ac00107cfc: ;   {other}
  0x000002ac00107cfc: 0f1f 8400 | 6c03 0002 

  0x000002ac00107d04: ;   {metadata(method data for {method} {0x000002ac0f436088} 'executePrivileged' '(Ljava/security/PrivilegedAction;Ljava/security/AccessControlContext;Ljava/lang/Class;)Ljava/lang/Object;' in 'java/security/AccessController')}
  0x000002ac00107d04: 48b8 8860 | 0a50 ac02 | 0000 4883 | 8048 0200 

  0x000002ac00107d14: ;   {metadata(method data for {method} {0x000002ac0f037300} 'reachabilityFence' '(Ljava/lang/Object;)V' in 'java/lang/ref/Reference')}
  0x000002ac00107d14: 0001 48b8 | 68fa 0250 | ac02 0000 | 8bb0 cc00 | 0000 83c6 | 0289 b0cc | 0000 0081 | e6fe ff1f 
  0x000002ac00107d34: 0085 f60f | 8477 0000 

  0x000002ac00107d3c: ;   {metadata(method data for {method} {0x000002ac0f436088} 'executePrivileged' '(Ljava/security/PrivilegedAction;Ljava/security/AccessControlContext;Ljava/lang/Class;)Ljava/lang/Object;' in 'java/security/AccessController')}
  0x000002ac00107d3c: 0048 b888 | 600a 50ac | 0200 0048 | 8380 5802 

  0x000002ac00107d4c: ;   {metadata(method data for {method} {0x000002ac0f037300} 'reachabilityFence' '(Ljava/lang/Object;)V' in 'java/lang/ref/Reference')}
  0x000002ac00107d4c: 0000 0148 | b868 fa02 | 50ac 0200 | 008b b0cc | 0000 0083 | c602 89b0 | cc00 0000 | 81e6 feff 
  0x000002ac00107d6c: 1f00 85f6 | 0f84 5f00 | 0000 488b | 4424 3848 | 83c4 505d 

  0x000002ac00107d80: ;   {poll_return}
  0x000002ac00107d80: 493b a758 | 0400 000f | 8766 0000 

  0x000002ac00107d8c: ;   {metadata({method} {0x000002ac0f436088} 'executePrivileged' '(Ljava/security/PrivilegedAction;Ljava/security/AccessControlContext;Ljava/lang/Class;)Ljava/lang/Object;' in 'java/security/AccessController')}
  0x000002ac00107d8c: 00c3 49ba | 8060 430f | ac02 0000 | 4c89 5424 | 0848 c704 | 24ff ffff 

  0x000002ac00107da4: ;   {runtime_call counter_overflow Runtime1 stub}
  0x000002ac00107da4: ffe8 5603 

  0x000002ac00107da8: ; ImmutableOopMap {rdx=Oop r8=Oop r9=Oop [40]=Oop [48]=Oop }
                      ;*synchronization entry
                      ; - java.security.AccessController::executePrivileged@-1 (line 773)
  0x000002ac00107da8: 5407 e9fd 

  0x000002ac00107dac: ;   {runtime_call throw_null_pointer_exception Runtime1 stub}
  0x000002ac00107dac: fdff ffe8 

  0x000002ac00107db0: ; ImmutableOopMap {rdx=Oop [40]=Oop [48]=Oop }
                      ;*invokeinterface run {reexecute=0 rethrow=0 return_oop=0}
                      ; - java.security.AccessController::executePrivileged@29 (line 778)
  0x000002ac00107db0: 4c9b 5307 

  0x000002ac00107db4: ;   {metadata({method} {0x000002ac0f037300} 'reachabilityFence' '(Ljava/lang/Object;)V' in 'java/lang/ref/Reference')}
  0x000002ac00107db4: 49ba f872 | 030f ac02 | 0000 4c89 | 5424 0848 | c704 24ff 

  0x000002ac00107dc8: ;   {runtime_call counter_overflow Runtime1 stub}
  0x000002ac00107dc8: ffff ffe8 

  0x000002ac00107dcc: ; ImmutableOopMap {[40]=Oop [56]=Oop }
                      ;*synchronization entry
                      ; - java.lang.ref.Reference::reachabilityFence@-1 (line 628)
                      ; - java.security.AccessController::executePrivileged@60 (line 790)
  0x000002ac00107dcc: 3003 5407 | e968 ffff 

  0x000002ac00107dd4: ;   {metadata({method} {0x000002ac0f037300} 'reachabilityFence' '(Ljava/lang/Object;)V' in 'java/lang/ref/Reference')}
  0x000002ac00107dd4: ff49 baf8 | 7203 0fac | 0200 004c | 8954 2408 | 48c7 0424 | ffff ffff 

  0x000002ac00107dec: ;   {runtime_call counter_overflow Runtime1 stub}
  0x000002ac00107dec: e80f 0354 

  0x000002ac00107df0: ; ImmutableOopMap {[56]=Oop }
                      ;*synchronization entry
                      ; - java.lang.ref.Reference::reachabilityFence@-1 (line 628)
                      ; - java.security.AccessController::executePrivileged@64 (line 791)
                      ;   {internal_word}
  0x000002ac00107df0: 07eb 8349 | ba80 7d10 | 00ac 0200 | 004d 8997 | 7004 0000 

  0x000002ac00107e04: ;   {runtime_call SafepointBlob}
  0x000002ac00107e04: e9f7 d847 | 0749 8b87 | 0805 0000 | 49c7 8708 | 0500 0000 | 0000 0049 | c787 1005 | 0000 0000 
  0x000002ac00107e24: 0000 4883 

  0x000002ac00107e28: ;   {runtime_call unwind_exception Runtime1 stub}
  0x000002ac00107e28: c450 5de9 | d08b 5307 
[Stub Code]
  0x000002ac00107e30: ;   {no_reloc}
  0x000002ac00107e30: 0f1f 4400 

  0x000002ac00107e34: ;   {static_stub}
  0x000002ac00107e34: 0048 bb00 | 0000 0000 

  0x000002ac00107e3c: ;   {runtime_call}
  0x000002ac00107e3c: 0000 00e9 | fbff ffff 

  0x000002ac00107e44: ;   {static_stub}
  0x000002ac00107e44: 48bb 0000 | 0000 0000 

  0x000002ac00107e4c: ;   {runtime_call}
  0x000002ac00107e4c: 0000 e9fb 

  0x000002ac00107e50: ;   {runtime_call handle_exception_from_callee Runtime1 stub}
  0x000002ac00107e50: ffff ffe8 | 28c2 5307 

  0x000002ac00107e58: ;   {external_word}
  0x000002ac00107e58: 48b9 c028 | 2b19 fd7f | 0000 4883 

  0x000002ac00107e64: ;   {runtime_call}
  0x000002ac00107e64: e4f0 48b8 | 3099 f218 | fd7f 0000 

  0x000002ac00107e70: ;   {section_word}
  0x000002ac00107e70: ffd0 f449 | ba73 7e10 | 00ac 0200 

  0x000002ac00107e7c: ;   {runtime_call DeoptimizationBlob}
  0x000002ac00107e7c: 0041 52e9 | 1ccb 4707 | f4f4 f4f4 
[/MachCode]


---------------  P R O C E S S  ---------------

Threads class SMR info:
_java_thread_list=0x000002ac5470c7e0, length=16, elements={
0x000002ac6c550c30, 0x000002ac7dde1f70, 0x000002ac7dde2e90, 0x000002ac7ddeb580,
0x000002ac7ddedff0, 0x000002ac7ddf1610, 0x000002ac7ddf4690, 0x000002ac7de02930,
0x000002ac7de057a0, 0x000002ac542544f0, 0x000002ac542572e0, 0x000002ac54254b80,
0x000002ac54255210, 0x000002ac54255f30, 0x000002ac542565c0, 0x000002ac54253e60
}

Java Threads: ( => current thread )
  0x000002ac6c550c30 JavaThread "main"                              [_thread_blocked, id=11956, stack(0x000000fbc5200000,0x000000fbc5300000) (1024K)]
  0x000002ac7dde1f70 JavaThread "Reference Handler"          daemon [_thread_blocked, id=12272, stack(0x000000fbc5a00000,0x000000fbc5b00000) (1024K)]
  0x000002ac7dde2e90 JavaThread "Finalizer"                  daemon [_thread_blocked, id=11580, stack(0x000000fbc5b00000,0x000000fbc5c00000) (1024K)]
  0x000002ac7ddeb580 JavaThread "Signal Dispatcher"          daemon [_thread_blocked, id=6904, stack(0x000000fbc5c00000,0x000000fbc5d00000) (1024K)]
  0x000002ac7ddedff0 JavaThread "Attach Listener"            daemon [_thread_blocked, id=12144, stack(0x000000fbc5d00000,0x000000fbc5e00000) (1024K)]
  0x000002ac7ddf1610 JavaThread "Service Thread"             daemon [_thread_blocked, id=10608, stack(0x000000fbc5e00000,0x000000fbc5f00000) (1024K)]
  0x000002ac7ddf4690 JavaThread "Monitor Deflation Thread"   daemon [_thread_blocked, id=5132, stack(0x000000fbc5f00000,0x000000fbc6000000) (1024K)]
  0x000002ac7de02930 JavaThread "C2 CompilerThread0"         daemon [_thread_blocked, id=6372, stack(0x000000fbc6000000,0x000000fbc6100000) (1024K)]
  0x000002ac7de057a0 JavaThread "C1 CompilerThread0"         daemon [_thread_blocked, id=11696, stack(0x000000fbc6100000,0x000000fbc6200000) (1024K)]
  0x000002ac542544f0 JavaThread "Notification Thread"        daemon [_thread_blocked, id=7156, stack(0x000000fbc6200000,0x000000fbc6300000) (1024K)]
  0x000002ac542572e0 JavaThread "Common-Cleaner"             daemon [_thread_blocked, id=9228, stack(0x000000fbc6300000,0x000000fbc6400000) (1024K)]
  0x000002ac54254b80 JavaThread "Java2D Disposer"            daemon [_thread_blocked, id=7152, stack(0x000000fbc6400000,0x000000fbc6500000) (1024K)]
  0x000002ac54255210 JavaThread "AWT-Windows"                daemon [_thread_in_native, id=11576, stack(0x000000fbc6600000,0x000000fbc6700000) (1024K)]
  0x000002ac54255f30 JavaThread "Thread-1"                          [_thread_in_native, id=11540, stack(0x000000fbc6700000,0x000000fbc6800000) (1024K)]
  0x000002ac542565c0 JavaThread "AWT-Shutdown"                      [_thread_blocked, id=6876, stack(0x000000fbc4f00000,0x000000fbc5000000) (1024K)]
=>0x000002ac54253e60 JavaThread "AWT-EventQueue-0"                  [_thread_in_native, id=10788, stack(0x000000fbc5000000,0x000000fbc5100000) (1024K)]
Total: 16

Other Threads:
  0x000002ac7ddc4170 VMThread "VM Thread"                           [id=12124, stack(0x000000fbc5900000,0x000000fbc5a00000) (1024K)]
  0x000002ac7ddab5c0 WatcherThread "VM Periodic Task Thread"        [id=11860, stack(0x000000fbc5800000,0x000000fbc5900000) (1024K)]
  0x000002ac6c6be130 WorkerThread "GC Thread#0"                     [id=8428, stack(0x000000fbc5300000,0x000000fbc5400000) (1024K)]
  0x000002ac54727c80 WorkerThread "GC Thread#1"                     [id=11224, stack(0x000000fbc5100000,0x000000fbc5200000) (1024K)]
  0x000002ac549e4550 WorkerThread "GC Thread#2"                     [id=1000, stack(0x000000fbc6500000,0x000000fbc6600000) (1024K)]
  0x000002ac549e4900 WorkerThread "GC Thread#3"                     [id=1332, stack(0x000000fbc6800000,0x000000fbc6900000) (1024K)]
  0x000002ac6c6cf120 ConcurrentGCThread "G1 Main Marker"            [id=9132, stack(0x000000fbc5400000,0x000000fbc5500000) (1024K)]
  0x000002ac6c6cfde0 WorkerThread "G1 Conc#0"                       [id=10724, stack(0x000000fbc5500000,0x000000fbc5600000) (1024K)]
  0x000002ac7dc6bcc0 ConcurrentGCThread "G1 Refine#0"               [id=11988, stack(0x000000fbc5600000,0x000000fbc5700000) (1024K)]
  0x000002ac7dc6e2e0 ConcurrentGCThread "G1 Service"                [id=11188, stack(0x000000fbc5700000,0x000000fbc5800000) (1024K)]
Total: 10

Threads with active compile tasks:
Total: 0

VM state: not at safepoint (normal execution)

VM Mutex/Monitor currently owned by a thread: None

Heap address: 0x0000000700000000, size: 4096 MB, Compressed Oops mode: Zero based, Oop shift amount: 3

CDS archive(s) mapped at: [0x000002ac0f000000-0x000002ac0fc60000-0x000002ac0fc60000), size 12976128, SharedBaseAddress: 0x000002ac0f000000, ArchiveRelocationMode: 1.
Compressed class space mapped at: 0x000002ac10000000-0x000002ac50000000, reserved size: 1073741824
Narrow klass base: 0x000002ac0f000000, Narrow klass shift: 0, Narrow klass range: 0x41000000

GC Precious Log:
 CardTable entry size: 512
 Card Set container configuration: InlinePtr #cards 4 size 8 Array Of Cards #cards 16 size 48 Howl #buckets 8 coarsen threshold 3686 Howl Bitmap #cards 512 size 80 coarsen threshold 460 Card regions per heap region 1 cards per card region 4096
 CPUs: 4 total, 4 available
 Memory: 16383M
 Large Page Support: Disabled
 NUMA Support: Disabled
 Compressed Oops: Enabled (Zero based)
 Heap Region Size: 2M
 Heap Min Capacity: 8M
 Heap Initial Capacity: 256M
 Heap Max Capacity: 4G
 Pre-touch: Disabled
 Parallel Workers: 4
 Concurrent Workers: 1
 Concurrent Refinement Workers: 4
 Periodic GC: Disabled

Heap:
 garbage-first heap   total reserved 4194304K, committed 262144K, used 14664K [0x0000000700000000, 0x0000000800000000)
  region size 2048K, 8 young (16384K), 1 survivors (2048K)
 Metaspace       used 3846K, committed 4032K, reserved 1114112K
  class space    used 356K, committed 448K, reserved 1048576K

Heap Regions: E=young(eden), S=young(survivor), O=old, HS=humongous(starts), HC=humongous(continues), CS=collection set, F=free, TAMS=top-at-mark-start, PB=parsable bottom
|   0|0x0000000700000000, 0x0000000700052010, 0x0000000700200000| 16%| O|  |TAMS 0x0000000700000000| PB 0x0000000700000000| Untracked |  0
|   1|0x0000000700200000, 0x0000000700200000, 0x0000000700400000|  0%| F|  |TAMS 0x0000000700200000| PB 0x0000000700200000| Untracked |  0
|   2|0x0000000700400000, 0x0000000700400000, 0x0000000700600000|  0%| F|  |TAMS 0x0000000700400000| PB 0x0000000700400000| Untracked |  0
|   3|0x0000000700600000, 0x0000000700600000, 0x0000000700800000|  0%| F|  |TAMS 0x0000000700600000| PB 0x0000000700600000| Untracked |  0
|   4|0x0000000700800000, 0x0000000700800000, 0x0000000700a00000|  0%| F|  |TAMS 0x0000000700800000| PB 0x0000000700800000| Untracked |  0
|   5|0x0000000700a00000, 0x0000000700a00000, 0x0000000700c00000|  0%| F|  |TAMS 0x0000000700a00000| PB 0x0000000700a00000| Untracked |  0
|   6|0x0000000700c00000, 0x0000000700c00000, 0x0000000700e00000|  0%| F|  |TAMS 0x0000000700c00000| PB 0x0000000700c00000| Untracked |  0
|   7|0x0000000700e00000, 0x0000000700e00000, 0x0000000701000000|  0%| F|  |TAMS 0x0000000700e00000| PB 0x0000000700e00000| Untracked |  0
|   8|0x0000000701000000, 0x0000000701000000, 0x0000000701200000|  0%| F|  |TAMS 0x0000000701000000| PB 0x0000000701000000| Untracked |  0
|   9|0x0000000701200000, 0x0000000701200000, 0x0000000701400000|  0%| F|  |TAMS 0x0000000701200000| PB 0x0000000701200000| Untracked |  0
|  10|0x0000000701400000, 0x0000000701400000, 0x0000000701600000|  0%| F|  |TAMS 0x0000000701400000| PB 0x0000000701400000| Untracked |  0
|  11|0x0000000701600000, 0x0000000701600000, 0x0000000701800000|  0%| F|  |TAMS 0x0000000701600000| PB 0x0000000701600000| Untracked |  0
|  12|0x0000000701800000, 0x0000000701800000, 0x0000000701a00000|  0%| F|  |TAMS 0x0000000701800000| PB 0x0000000701800000| Untracked |  0
|  13|0x0000000701a00000, 0x0000000701a00000, 0x0000000701c00000|  0%| F|  |TAMS 0x0000000701a00000| PB 0x0000000701a00000| Untracked |  0
|  14|0x0000000701c00000, 0x0000000701c00000, 0x0000000701e00000|  0%| F|  |TAMS 0x0000000701c00000| PB 0x0000000701c00000| Untracked |  0
|  15|0x0000000701e00000, 0x0000000701e00000, 0x0000000702000000|  0%| F|  |TAMS 0x0000000701e00000| PB 0x0000000701e00000| Untracked |  0
|  16|0x0000000702000000, 0x0000000702000000, 0x0000000702200000|  0%| F|  |TAMS 0x0000000702000000| PB 0x0000000702000000| Untracked |  0
|  17|0x0000000702200000, 0x0000000702200000, 0x0000000702400000|  0%| F|  |TAMS 0x0000000702200000| PB 0x0000000702200000| Untracked |  0
|  18|0x0000000702400000, 0x0000000702400000, 0x0000000702600000|  0%| F|  |TAMS 0x0000000702400000| PB 0x0000000702400000| Untracked |  0
|  19|0x0000000702600000, 0x0000000702600000, 0x0000000702800000|  0%| F|  |TAMS 0x0000000702600000| PB 0x0000000702600000| Untracked |  0
|  20|0x0000000702800000, 0x0000000702800000, 0x0000000702a00000|  0%| F|  |TAMS 0x0000000702800000| PB 0x0000000702800000| Untracked |  0
|  21|0x0000000702a00000, 0x0000000702a00000, 0x0000000702c00000|  0%| F|  |TAMS 0x0000000702a00000| PB 0x0000000702a00000| Untracked |  0
|  22|0x0000000702c00000, 0x0000000702c00000, 0x0000000702e00000|  0%| F|  |TAMS 0x0000000702c00000| PB 0x0000000702c00000| Untracked |  0
|  23|0x0000000702e00000, 0x0000000702e00000, 0x0000000703000000|  0%| F|  |TAMS 0x0000000702e00000| PB 0x0000000702e00000| Untracked |  0
|  24|0x0000000703000000, 0x0000000703000000, 0x0000000703200000|  0%| F|  |TAMS 0x0000000703000000| PB 0x0000000703000000| Untracked |  0
|  25|0x0000000703200000, 0x0000000703200000, 0x0000000703400000|  0%| F|  |TAMS 0x0000000703200000| PB 0x0000000703200000| Untracked |  0
|  26|0x0000000703400000, 0x0000000703400000, 0x0000000703600000|  0%| F|  |TAMS 0x0000000703400000| PB 0x0000000703400000| Untracked |  0
|  27|0x0000000703600000, 0x0000000703600000, 0x0000000703800000|  0%| F|  |TAMS 0x0000000703600000| PB 0x0000000703600000| Untracked |  0
|  28|0x0000000703800000, 0x0000000703800000, 0x0000000703a00000|  0%| F|  |TAMS 0x0000000703800000| PB 0x0000000703800000| Untracked |  0
|  29|0x0000000703a00000, 0x0000000703a00000, 0x0000000703c00000|  0%| F|  |TAMS 0x0000000703a00000| PB 0x0000000703a00000| Untracked |  0
|  30|0x0000000703c00000, 0x0000000703c00000, 0x0000000703e00000|  0%| F|  |TAMS 0x0000000703c00000| PB 0x0000000703c00000| Untracked |  0
|  31|0x0000000703e00000, 0x0000000703e00000, 0x0000000704000000|  0%| F|  |TAMS 0x0000000703e00000| PB 0x0000000703e00000| Untracked |  0
|  32|0x0000000704000000, 0x0000000704000000, 0x0000000704200000|  0%| F|  |TAMS 0x0000000704000000| PB 0x0000000704000000| Untracked |  0
|  33|0x0000000704200000, 0x0000000704200000, 0x0000000704400000|  0%| F|  |TAMS 0x0000000704200000| PB 0x0000000704200000| Untracked |  0
|  34|0x0000000704400000, 0x0000000704400000, 0x0000000704600000|  0%| F|  |TAMS 0x0000000704400000| PB 0x0000000704400000| Untracked |  0
|  35|0x0000000704600000, 0x0000000704600000, 0x0000000704800000|  0%| F|  |TAMS 0x0000000704600000| PB 0x0000000704600000| Untracked |  0
|  36|0x0000000704800000, 0x0000000704800000, 0x0000000704a00000|  0%| F|  |TAMS 0x0000000704800000| PB 0x0000000704800000| Untracked |  0
|  37|0x0000000704a00000, 0x0000000704a00000, 0x0000000704c00000|  0%| F|  |TAMS 0x0000000704a00000| PB 0x0000000704a00000| Untracked |  0
|  38|0x0000000704c00000, 0x0000000704c00000, 0x0000000704e00000|  0%| F|  |TAMS 0x0000000704c00000| PB 0x0000000704c00000| Untracked |  0
|  39|0x0000000704e00000, 0x0000000704e00000, 0x0000000705000000|  0%| F|  |TAMS 0x0000000704e00000| PB 0x0000000704e00000| Untracked |  0
|  40|0x0000000705000000, 0x0000000705000000, 0x0000000705200000|  0%| F|  |TAMS 0x0000000705000000| PB 0x0000000705000000| Untracked |  0
|  41|0x0000000705200000, 0x0000000705200000, 0x0000000705400000|  0%| F|  |TAMS 0x0000000705200000| PB 0x0000000705200000| Untracked |  0
|  42|0x0000000705400000, 0x0000000705400000, 0x0000000705600000|  0%| F|  |TAMS 0x0000000705400000| PB 0x0000000705400000| Untracked |  0
|  43|0x0000000705600000, 0x0000000705600000, 0x0000000705800000|  0%| F|  |TAMS 0x0000000705600000| PB 0x0000000705600000| Untracked |  0
|  44|0x0000000705800000, 0x0000000705800000, 0x0000000705a00000|  0%| F|  |TAMS 0x0000000705800000| PB 0x0000000705800000| Untracked |  0
|  45|0x0000000705a00000, 0x0000000705a00000, 0x0000000705c00000|  0%| F|  |TAMS 0x0000000705a00000| PB 0x0000000705a00000| Untracked |  0
|  46|0x0000000705c00000, 0x0000000705c00000, 0x0000000705e00000|  0%| F|  |TAMS 0x0000000705c00000| PB 0x0000000705c00000| Untracked |  0
|  47|0x0000000705e00000, 0x0000000705e00000, 0x0000000706000000|  0%| F|  |TAMS 0x0000000705e00000| PB 0x0000000705e00000| Untracked |  0
|  48|0x0000000706000000, 0x0000000706000000, 0x0000000706200000|  0%| F|  |TAMS 0x0000000706000000| PB 0x0000000706000000| Untracked |  0
|  49|0x0000000706200000, 0x0000000706200000, 0x0000000706400000|  0%| F|  |TAMS 0x0000000706200000| PB 0x0000000706200000| Untracked |  0
|  50|0x0000000706400000, 0x0000000706400000, 0x0000000706600000|  0%| F|  |TAMS 0x0000000706400000| PB 0x0000000706400000| Untracked |  0
|  51|0x0000000706600000, 0x0000000706600000, 0x0000000706800000|  0%| F|  |TAMS 0x0000000706600000| PB 0x0000000706600000| Untracked |  0
|  52|0x0000000706800000, 0x0000000706800000, 0x0000000706a00000|  0%| F|  |TAMS 0x0000000706800000| PB 0x0000000706800000| Untracked |  0
|  53|0x0000000706a00000, 0x0000000706a00000, 0x0000000706c00000|  0%| F|  |TAMS 0x0000000706a00000| PB 0x0000000706a00000| Untracked |  0
|  54|0x0000000706c00000, 0x0000000706c00000, 0x0000000706e00000|  0%| F|  |TAMS 0x0000000706c00000| PB 0x0000000706c00000| Untracked |  0
|  55|0x0000000706e00000, 0x0000000706e00000, 0x0000000707000000|  0%| F|  |TAMS 0x0000000706e00000| PB 0x0000000706e00000| Untracked |  0
|  56|0x0000000707000000, 0x0000000707000000, 0x0000000707200000|  0%| F|  |TAMS 0x0000000707000000| PB 0x0000000707000000| Untracked |  0
|  57|0x0000000707200000, 0x0000000707200000, 0x0000000707400000|  0%| F|  |TAMS 0x0000000707200000| PB 0x0000000707200000| Untracked |  0
|  58|0x0000000707400000, 0x0000000707400000, 0x0000000707600000|  0%| F|  |TAMS 0x0000000707400000| PB 0x0000000707400000| Untracked |  0
|  59|0x0000000707600000, 0x0000000707600000, 0x0000000707800000|  0%| F|  |TAMS 0x0000000707600000| PB 0x0000000707600000| Untracked |  0
|  60|0x0000000707800000, 0x0000000707800000, 0x0000000707a00000|  0%| F|  |TAMS 0x0000000707800000| PB 0x0000000707800000| Untracked |  0
|  61|0x0000000707a00000, 0x0000000707a00000, 0x0000000707c00000|  0%| F|  |TAMS 0x0000000707a00000| PB 0x0000000707a00000| Untracked |  0
|  62|0x0000000707c00000, 0x0000000707c00000, 0x0000000707e00000|  0%| F|  |TAMS 0x0000000707c00000| PB 0x0000000707c00000| Untracked |  0
|  63|0x0000000707e00000, 0x0000000707e00000, 0x0000000708000000|  0%| F|  |TAMS 0x0000000707e00000| PB 0x0000000707e00000| Untracked |  0
|  64|0x0000000708000000, 0x0000000708000000, 0x0000000708200000|  0%| F|  |TAMS 0x0000000708000000| PB 0x0000000708000000| Untracked |  0
|  65|0x0000000708200000, 0x0000000708200000, 0x0000000708400000|  0%| F|  |TAMS 0x0000000708200000| PB 0x0000000708200000| Untracked |  0
|  66|0x0000000708400000, 0x0000000708400000, 0x0000000708600000|  0%| F|  |TAMS 0x0000000708400000| PB 0x0000000708400000| Untracked |  0
|  67|0x0000000708600000, 0x0000000708600000, 0x0000000708800000|  0%| F|  |TAMS 0x0000000708600000| PB 0x0000000708600000| Untracked |  0
|  68|0x0000000708800000, 0x0000000708800000, 0x0000000708a00000|  0%| F|  |TAMS 0x0000000708800000| PB 0x0000000708800000| Untracked |  0
|  69|0x0000000708a00000, 0x0000000708a00000, 0x0000000708c00000|  0%| F|  |TAMS 0x0000000708a00000| PB 0x0000000708a00000| Untracked |  0
|  70|0x0000000708c00000, 0x0000000708c00000, 0x0000000708e00000|  0%| F|  |TAMS 0x0000000708c00000| PB 0x0000000708c00000| Untracked |  0
|  71|0x0000000708e00000, 0x0000000708e00000, 0x0000000709000000|  0%| F|  |TAMS 0x0000000708e00000| PB 0x0000000708e00000| Untracked |  0
|  72|0x0000000709000000, 0x0000000709000000, 0x0000000709200000|  0%| F|  |TAMS 0x0000000709000000| PB 0x0000000709000000| Untracked |  0
|  73|0x0000000709200000, 0x0000000709200000, 0x0000000709400000|  0%| F|  |TAMS 0x0000000709200000| PB 0x0000000709200000| Untracked |  0
|  74|0x0000000709400000, 0x0000000709400000, 0x0000000709600000|  0%| F|  |TAMS 0x0000000709400000| PB 0x0000000709400000| Untracked |  0
|  75|0x0000000709600000, 0x0000000709600000, 0x0000000709800000|  0%| F|  |TAMS 0x0000000709600000| PB 0x0000000709600000| Untracked |  0
|  76|0x0000000709800000, 0x0000000709800000, 0x0000000709a00000|  0%| F|  |TAMS 0x0000000709800000| PB 0x0000000709800000| Untracked |  0
|  77|0x0000000709a00000, 0x0000000709a00000, 0x0000000709c00000|  0%| F|  |TAMS 0x0000000709a00000| PB 0x0000000709a00000| Untracked |  0
|  78|0x0000000709c00000, 0x0000000709c00000, 0x0000000709e00000|  0%| F|  |TAMS 0x0000000709c00000| PB 0x0000000709c00000| Untracked |  0
|  79|0x0000000709e00000, 0x0000000709e00000, 0x000000070a000000|  0%| F|  |TAMS 0x0000000709e00000| PB 0x0000000709e00000| Untracked |  0
|  80|0x000000070a000000, 0x000000070a000000, 0x000000070a200000|  0%| F|  |TAMS 0x000000070a000000| PB 0x000000070a000000| Untracked |  0
|  81|0x000000070a200000, 0x000000070a200000, 0x000000070a400000|  0%| F|  |TAMS 0x000000070a200000| PB 0x000000070a200000| Untracked |  0
|  82|0x000000070a400000, 0x000000070a400000, 0x000000070a600000|  0%| F|  |TAMS 0x000000070a400000| PB 0x000000070a400000| Untracked |  0
|  83|0x000000070a600000, 0x000000070a600000, 0x000000070a800000|  0%| F|  |TAMS 0x000000070a600000| PB 0x000000070a600000| Untracked |  0
|  84|0x000000070a800000, 0x000000070a800000, 0x000000070aa00000|  0%| F|  |TAMS 0x000000070a800000| PB 0x000000070a800000| Untracked |  0
|  85|0x000000070aa00000, 0x000000070aa00000, 0x000000070ac00000|  0%| F|  |TAMS 0x000000070aa00000| PB 0x000000070aa00000| Untracked |  0
|  86|0x000000070ac00000, 0x000000070ac00000, 0x000000070ae00000|  0%| F|  |TAMS 0x000000070ac00000| PB 0x000000070ac00000| Untracked |  0
|  87|0x000000070ae00000, 0x000000070ae00000, 0x000000070b000000|  0%| F|  |TAMS 0x000000070ae00000| PB 0x000000070ae00000| Untracked |  0
|  88|0x000000070b000000, 0x000000070b000000, 0x000000070b200000|  0%| F|  |TAMS 0x000000070b000000| PB 0x000000070b000000| Untracked |  0
|  89|0x000000070b200000, 0x000000070b200000, 0x000000070b400000|  0%| F|  |TAMS 0x000000070b200000| PB 0x000000070b200000| Untracked |  0
|  90|0x000000070b400000, 0x000000070b400000, 0x000000070b600000|  0%| F|  |TAMS 0x000000070b400000| PB 0x000000070b400000| Untracked |  0
|  91|0x000000070b600000, 0x000000070b600000, 0x000000070b800000|  0%| F|  |TAMS 0x000000070b600000| PB 0x000000070b600000| Untracked |  0
|  92|0x000000070b800000, 0x000000070b800000, 0x000000070ba00000|  0%| F|  |TAMS 0x000000070b800000| PB 0x000000070b800000| Untracked |  0
|  93|0x000000070ba00000, 0x000000070ba00000, 0x000000070bc00000|  0%| F|  |TAMS 0x000000070ba00000| PB 0x000000070ba00000| Untracked |  0
|  94|0x000000070bc00000, 0x000000070bc00000, 0x000000070be00000|  0%| F|  |TAMS 0x000000070bc00000| PB 0x000000070bc00000| Untracked |  0
|  95|0x000000070be00000, 0x000000070be00000, 0x000000070c000000|  0%| F|  |TAMS 0x000000070be00000| PB 0x000000070be00000| Untracked |  0
|  96|0x000000070c000000, 0x000000070c000000, 0x000000070c200000|  0%| F|  |TAMS 0x000000070c000000| PB 0x000000070c000000| Untracked |  0
|  97|0x000000070c200000, 0x000000070c200000, 0x000000070c400000|  0%| F|  |TAMS 0x000000070c200000| PB 0x000000070c200000| Untracked |  0
|  98|0x000000070c400000, 0x000000070c400000, 0x000000070c600000|  0%| F|  |TAMS 0x000000070c400000| PB 0x000000070c400000| Untracked |  0
|  99|0x000000070c600000, 0x000000070c600000, 0x000000070c800000|  0%| F|  |TAMS 0x000000070c600000| PB 0x000000070c600000| Untracked |  0
| 100|0x000000070c800000, 0x000000070c800000, 0x000000070ca00000|  0%| F|  |TAMS 0x000000070c800000| PB 0x000000070c800000| Untracked |  0
| 101|0x000000070ca00000, 0x000000070ca00000, 0x000000070cc00000|  0%| F|  |TAMS 0x000000070ca00000| PB 0x000000070ca00000| Untracked |  0
| 102|0x000000070cc00000, 0x000000070cc00000, 0x000000070ce00000|  0%| F|  |TAMS 0x000000070cc00000| PB 0x000000070cc00000| Untracked |  0
| 103|0x000000070ce00000, 0x000000070ce00000, 0x000000070d000000|  0%| F|  |TAMS 0x000000070ce00000| PB 0x000000070ce00000| Untracked |  0
| 104|0x000000070d000000, 0x000000070d000000, 0x000000070d200000|  0%| F|  |TAMS 0x000000070d000000| PB 0x000000070d000000| Untracked |  0
| 105|0x000000070d200000, 0x000000070d200000, 0x000000070d400000|  0%| F|  |TAMS 0x000000070d200000| PB 0x000000070d200000| Untracked |  0
| 106|0x000000070d400000, 0x000000070d400000, 0x000000070d600000|  0%| F|  |TAMS 0x000000070d400000| PB 0x000000070d400000| Untracked |  0
| 107|0x000000070d600000, 0x000000070d600000, 0x000000070d800000|  0%| F|  |TAMS 0x000000070d600000| PB 0x000000070d600000| Untracked |  0
| 108|0x000000070d800000, 0x000000070d800000, 0x000000070da00000|  0%| F|  |TAMS 0x000000070d800000| PB 0x000000070d800000| Untracked |  0
| 109|0x000000070da00000, 0x000000070da00000, 0x000000070dc00000|  0%| F|  |TAMS 0x000000070da00000| PB 0x000000070da00000| Untracked |  0
| 110|0x000000070dc00000, 0x000000070dc00000, 0x000000070de00000|  0%| F|  |TAMS 0x000000070dc00000| PB 0x000000070dc00000| Untracked |  0
| 111|0x000000070de00000, 0x000000070de00000, 0x000000070e000000|  0%| F|  |TAMS 0x000000070de00000| PB 0x000000070de00000| Untracked |  0
| 112|0x000000070e000000, 0x000000070e000000, 0x000000070e200000|  0%| F|  |TAMS 0x000000070e000000| PB 0x000000070e000000| Untracked |  0
| 113|0x000000070e200000, 0x000000070e200000, 0x000000070e400000|  0%| F|  |TAMS 0x000000070e200000| PB 0x000000070e200000| Untracked |  0
| 114|0x000000070e400000, 0x000000070e400000, 0x000000070e600000|  0%| F|  |TAMS 0x000000070e400000| PB 0x000000070e400000| Untracked |  0
| 115|0x000000070e600000, 0x000000070e600000, 0x000000070e800000|  0%| F|  |TAMS 0x000000070e600000| PB 0x000000070e600000| Untracked |  0
| 116|0x000000070e800000, 0x000000070e800000, 0x000000070ea00000|  0%| F|  |TAMS 0x000000070e800000| PB 0x000000070e800000| Untracked |  0
| 117|0x000000070ea00000, 0x000000070ea00000, 0x000000070ec00000|  0%| F|  |TAMS 0x000000070ea00000| PB 0x000000070ea00000| Untracked |  0
| 118|0x000000070ec00000, 0x000000070ec00000, 0x000000070ee00000|  0%| F|  |TAMS 0x000000070ec00000| PB 0x000000070ec00000| Untracked |  0
| 119|0x000000070ee00000, 0x000000070ee00000, 0x000000070f000000|  0%| F|  |TAMS 0x000000070ee00000| PB 0x000000070ee00000| Untracked |  0
| 120|0x000000070f000000, 0x000000070f200000, 0x000000070f200000|100%| S|CS|TAMS 0x000000070f000000| PB 0x000000070f000000| Complete |  0
| 121|0x000000070f200000, 0x000000070f210630, 0x000000070f400000|  3%| E|  |TAMS 0x000000070f200000| PB 0x000000070f200000| Complete |  0
| 122|0x000000070f400000, 0x000000070f600000, 0x000000070f600000|100%| E|CS|TAMS 0x000000070f400000| PB 0x000000070f400000| Complete |  0
| 123|0x000000070f600000, 0x000000070f800000, 0x000000070f800000|100%| E|CS|TAMS 0x000000070f600000| PB 0x000000070f600000| Complete |  0
| 124|0x000000070f800000, 0x000000070fa00000, 0x000000070fa00000|100%| E|CS|TAMS 0x000000070f800000| PB 0x000000070f800000| Complete |  0
| 125|0x000000070fa00000, 0x000000070fc00000, 0x000000070fc00000|100%| E|CS|TAMS 0x000000070fa00000| PB 0x000000070fa00000| Complete |  0
| 126|0x000000070fc00000, 0x000000070fe00000, 0x000000070fe00000|100%| E|CS|TAMS 0x000000070fc00000| PB 0x000000070fc00000| Complete |  0
| 127|0x000000070fe00000, 0x0000000710000000, 0x0000000710000000|100%| E|CS|TAMS 0x000000070fe00000| PB 0x000000070fe00000| Complete |  0

Card table byte_map: [0x000002ac76fa0000,0x000002ac777a0000] _byte_map_base: 0x000002ac737a0000

Marking Bits: (CMBitMap*) 0x000002ac6c6be840
 Bits: [0x000002ac777a0000, 0x000002ac7b7a0000)

Polling page: 0x000002ac6c4b0000

Metaspace:

Usage:
  Non-class:      3.41 MB used.
      Class:    356.20 KB used.
       Both:      3.76 MB used.

Virtual space:
  Non-class space:       64.00 MB reserved,       3.50 MB (  5%) committed,  1 nodes.
      Class space:        1.00 GB reserved,     448.00 KB ( <1%) committed,  1 nodes.
             Both:        1.06 GB reserved,       3.94 MB ( <1%) committed. 

Chunk freelists:
   Non-Class:  11.78 MB
       Class:  15.55 MB
        Both:  27.33 MB

MaxMetaspaceSize: unlimited
CompressedClassSpaceSize: 1.00 GB
Initial GC threshold: 21.00 MB
Current GC threshold: 21.00 MB
CDS: on
 - commit_granule_bytes: 65536.
 - commit_granule_words: 8192.
 - virtual_space_node_default_size: 8388608.
 - enlarge_chunks_in_place: 1.
 - use_allocation_guard: 0.


Internal statistics:

num_allocs_failed_limit: 0.
num_arena_births: 120.
num_arena_deaths: 0.
num_vsnodes_births: 2.
num_vsnodes_deaths: 0.
num_space_committed: 63.
num_space_uncommitted: 0.
num_chunks_returned_to_freelist: 0.
num_chunks_taken_from_freelist: 144.
num_chunk_merges: 0.
num_chunk_splits: 94.
num_chunks_enlarged: 48.
num_inconsistent_stats: 0.

CodeHeap 'non-profiled nmethods': size=120000Kb used=259Kb max_used=259Kb free=119740Kb
 bounds [0x000002ac07ad0000, 0x000002ac07d40000, 0x000002ac0f000000]
CodeHeap 'profiled nmethods': size=120000Kb used=1409Kb max_used=1409Kb free=118590Kb
 bounds [0x000002ac00000000, 0x000002ac00270000, 0x000002ac07530000]
CodeHeap 'non-nmethods': size=5760Kb used=1425Kb max_used=1439Kb free=4334Kb
 bounds [0x000002ac07530000, 0x000002ac077a0000, 0x000002ac07ad0000]
 total_blobs=1417 nmethods=901 adapters=421
 compilation: enabled
              stopped_count=0, restarted_count=0
 full_count=0

Compilation events (20 events):
Event: 11110.525 Thread 0x000002ac7de057a0  892       3       java.util.concurrent.locks.AbstractQueuedSynchronizer$ConditionNode::isReleasable (23 bytes)
Event: 11110.526 Thread 0x000002ac7de057a0 nmethod 892 0x000002ac0015b990 code [0x000002ac0015bb20, 0x000002ac0015bd70]
Event: 11179.517 Thread 0x000002ac7de057a0  893       3       java.awt.EventQueue::noEvents (29 bytes)
Event: 11179.518 Thread 0x000002ac7de057a0 nmethod 893 0x000002ac0015be10 code [0x000002ac0015bfc0, 0x000002ac0015c218]
Event: 11179.518 Thread 0x000002ac7de057a0  894       3       java.awt.EventQueue::getNextEventPrivate (76 bytes)
Event: 11179.518 Thread 0x000002ac7de057a0 nmethod 894 0x000002ac0015c310 code [0x000002ac0015c4e0, 0x000002ac0015c848]
Event: 11291.989 Thread 0x000002ac7de057a0  895       3       java.nio.CharBuffer::position (6 bytes)
Event: 11291.989 Thread 0x000002ac7de057a0 nmethod 895 0x000002ac0015c990 code [0x000002ac0015cb40, 0x000002ac0015ccf0]
Event: 11984.742 Thread 0x000002ac7de057a0  896       3       java.lang.Object::wait (6 bytes)
Event: 11984.742 Thread 0x000002ac7de057a0 nmethod 896 0x000002ac0015ce10 code [0x000002ac0015cfc0, 0x000002ac0015d108]
Event: 11996.011 Thread 0x000002ac7de057a0  897       3       jdk.internal.org.objectweb.asm.Attribute::computeAttributesSize (62 bytes)
Event: 11996.012 Thread 0x000002ac7de057a0 nmethod 897 0x000002ac0015d190 code [0x000002ac0015d360, 0x000002ac0015d648]
Event: 11996.012 Thread 0x000002ac7de057a0  898       3       jdk.internal.org.objectweb.asm.AnnotationWriter::computeAnnotationsSize (66 bytes)
Event: 11996.012 Thread 0x000002ac7de057a0 nmethod 898 0x000002ac0015d790 code [0x000002ac0015d960, 0x000002ac0015dc60]
Event: 11996.012 Thread 0x000002ac7de057a0  899       3       jdk.internal.org.objectweb.asm.Attribute::putAttributes (78 bytes)
Event: 11996.013 Thread 0x000002ac7de057a0 nmethod 899 0x000002ac0015de10 code [0x000002ac0015e060, 0x000002ac0015e588]
Event: 11996.018 Thread 0x000002ac7de057a0  900       3       java.lang.invoke.MethodHandles$Lookup::isClassAccessible (53 bytes)
Event: 11996.018 Thread 0x000002ac7de057a0 nmethod 900 0x000002ac0015e890 code [0x000002ac0015eaa0, 0x000002ac0015f050]
Event: 11996.018 Thread 0x000002ac7de057a0  901       3       sun.invoke.util.VerifyAccess::isClassAccessible (230 bytes)
Event: 11996.019 Thread 0x000002ac7de057a0 nmethod 901 0x000002ac0015f290 code [0x000002ac0015f5a0, 0x000002ac001603a0]

GC Heap History (2 events):
Event: 2794.835 GC heap before
{Heap before GC invocations=0 (full 0):
 garbage-first heap   total reserved 4194304K, committed 262144K, used 14336K [0x0000000700000000, 0x0000000800000000)
  region size 2048K, 7 young (14336K), 0 survivors (0K)
 Metaspace       used 3633K, committed 3840K, reserved 1114112K
  class space    used 349K, committed 448K, reserved 1048576K
}
Event: 2794.846 GC heap after
{Heap after GC invocations=1 (full 0):
 garbage-first heap   total reserved 4194304K, committed 262144K, used 2376K [0x0000000700000000, 0x0000000800000000)
  region size 2048K, 1 young (2048K), 1 survivors (2048K)
 Metaspace       used 3633K, committed 3840K, reserved 1114112K
  class space    used 349K, committed 448K, reserved 1048576K
}

Dll operation events (8 events):
Event: 0.015 Loaded shared library C:\Program Files\Java\jdk-22\bin\java.dll
Event: 0.055 Loaded shared library C:\Program Files\Java\jdk-22\bin\jsvml.dll
Event: 0.089 Loaded shared library C:\Program Files\Java\jdk-22\bin\net.dll
Event: 0.090 Loaded shared library C:\Program Files\Java\jdk-22\bin\nio.dll
Event: 0.093 Loaded shared library C:\Program Files\Java\jdk-22\bin\zip.dll
Event: 0.120 Loaded shared library C:\Program Files\Java\jdk-22\bin\verify.dll
Event: 0.137 Loaded shared library C:\Program Files\Java\jdk-22\bin\awt.dll
Event: 0.150 Loaded shared library C:\Program Files\Java\jdk-22\bin\jimage.dll

Deoptimization events (20 events):
Event: 0.125 Thread 0x000002ac6c550c30 Uncommon trap: trap_request=0xffffff45 fr.pc=0x000002ac07ad7cf8 relative=0x00000000000002b8
Event: 0.125 Thread 0x000002ac6c550c30 Uncommon trap: reason=unstable_if action=reinterpret pc=0x000002ac07ad7cf8 method=java.lang.StringLatin1.hashCode([B)I @ 2 c2
Event: 0.125 Thread 0x000002ac6c550c30 DEOPT PACKING pc=0x000002ac07ad7cf8 sp=0x000000fbc52ff690
Event: 0.125 Thread 0x000002ac6c550c30 DEOPT UNPACKING pc=0x000002ac075846a2 sp=0x000000fbc52ff5c0 mode 2
Event: 0.172 Thread 0x000002ac6c550c30 DEOPT PACKING pc=0x000002ac000197fc sp=0x000000fbc52fb920
Event: 0.172 Thread 0x000002ac6c550c30 DEOPT UNPACKING pc=0x000002ac07584e42 sp=0x000000fbc52fad40 mode 0
Event: 0.227 Thread 0x000002ac6c550c30 Uncommon trap: trap_request=0xffffff45 fr.pc=0x000002ac07ad56cc relative=0x000000000000012c
Event: 0.227 Thread 0x000002ac6c550c30 Uncommon trap: reason=unstable_if action=reinterpret pc=0x000002ac07ad56cc method=java.lang.StringCoding.countPositives([BII)I @ 17 c2
Event: 0.227 Thread 0x000002ac6c550c30 DEOPT PACKING pc=0x000002ac07ad56cc sp=0x000000fbc52fed30
Event: 0.227 Thread 0x000002ac6c550c30 DEOPT UNPACKING pc=0x000002ac075846a2 sp=0x000000fbc52fecd0 mode 2
Event: 0.227 Thread 0x000002ac54255f30 DEOPT PACKING pc=0x000002ac0000a7cc sp=0x000000fbc67fccd0
Event: 0.227 Thread 0x000002ac54255f30 DEOPT UNPACKING pc=0x000002ac07584e42 sp=0x000000fbc67fc138 mode 0
Event: 0.228 Thread 0x000002ac6c550c30 Uncommon trap: trap_request=0xffffff45 fr.pc=0x000002ac07ad5238 relative=0x0000000000000198
Event: 0.228 Thread 0x000002ac6c550c30 Uncommon trap: reason=unstable_if action=reinterpret pc=0x000002ac07ad5238 method=java.lang.StringCoding.countPositives([BII)I @ 17 c2
Event: 0.228 Thread 0x000002ac6c550c30 DEOPT PACKING pc=0x000002ac07ad5238 sp=0x000000fbc52fed10
Event: 0.228 Thread 0x000002ac6c550c30 DEOPT UNPACKING pc=0x000002ac075846a2 sp=0x000000fbc52fecd0 mode 2
Event: 0.243 Thread 0x000002ac54255f30 Uncommon trap: trap_request=0xffffff45 fr.pc=0x000002ac07ad926c relative=0x000000000000006c
Event: 0.243 Thread 0x000002ac54255f30 Uncommon trap: reason=unstable_if action=reinterpret pc=0x000002ac07ad926c method=java.lang.AbstractStringBuilder.isLatin1()Z @ 10 c2
Event: 0.243 Thread 0x000002ac54255f30 DEOPT PACKING pc=0x000002ac07ad926c sp=0x000000fbc67feec0
Event: 0.243 Thread 0x000002ac54255f30 DEOPT UNPACKING pc=0x000002ac075846a2 sp=0x000000fbc67fee50 mode 2

Classes loaded (20 events):
Event: 156.308 Loading class java/awt/SequencedEvent
Event: 156.308 Loading class java/awt/SequencedEvent done
Event: 156.308 Loading class java/awt/SequencedEvent$1
Event: 156.308 Loading class sun/awt/AWTAccessor$SequencedEventAccessor
Event: 156.308 Loading class sun/awt/AWTAccessor$SequencedEventAccessor done
Event: 156.308 Loading class java/awt/SequencedEvent$1 done
Event: 156.308 Loading class java/awt/SequencedEvent$2
Event: 156.308 Loading class java/awt/SequencedEvent$2 done
Event: 156.308 Loading class sun/awt/WeakIdentityHashMap$WeakKey
Event: 156.308 Loading class sun/awt/WeakIdentityHashMap$WeakKey done
Event: 11996.015 Loading class java/awt/SystemColor
Event: 11996.015 Loading class java/awt/Color
Event: 11996.016 Loading class java/awt/Paint
Event: 11996.016 Loading class java/awt/Paint done
Event: 11996.016 Loading class java/awt/Color done
Event: 11996.016 Loading class java/awt/SystemColor done
Event: 11996.017 Loading class sun/awt/AWTAccessor$SystemColorAccessor
Event: 11996.017 Loading class sun/awt/AWTAccessor$SystemColorAccessor done
Event: 11996.113 Loading class java/util/ArrayList$ListItr
Event: 11996.113 Loading class java/util/ArrayList$ListItr done

Classes unloaded (0 events):
No events

Classes redefined (0 events):
No events

Internal exceptions (10 events):
Event: 0.141 Thread 0x000002ac6c550c30 Exception <a 'java/lang/ClassNotFoundException'{0x000000070fce8838}: sun/awt/resources/spi/awtProvider> (0x000000070fce8838) 
thrown [s\open\src\hotspot\share\classfile\systemDictionary.cpp, line 313]
Event: 0.161 Thread 0x000002ac6c550c30 Exception <a 'java/io/FileNotFoundException'{0x000000070fd3ed60}> (0x000000070fd3ed60) 
thrown [s\open\src\hotspot\share\prims\jni.cpp, line 520]
Event: 0.167 Thread 0x000002ac6c550c30 Exception <a 'java/io/FileNotFoundException'{0x000000070fd6cf90}> (0x000000070fd6cf90) 
thrown [s\open\src\hotspot\share\prims\jni.cpp, line 520]
Event: 0.223 Thread 0x000002ac6c550c30 Exception <a 'java/lang/NoSuchMethodError'{0x000000070fdf4910}: 'void java.lang.invoke.DirectMethodHandle$Holder.invokeStatic(java.lang.Object, java.lang.Object)'> (0x000000070fdf4910) 
thrown [s\open\src\hotspot\share\interpreter\linkResolver.cpp, line 774]
Event: 0.245 Thread 0x000002ac6c550c30 Exception <a 'java/lang/NoSuchMethodError'{0x000000070fb08c60}: 'void java.lang.invoke.DirectMethodHandle$Holder.invokeStatic(java.lang.Object, long)'> (0x000000070fb08c60) 
thrown [s\open\src\hotspot\share\interpreter\linkResolver.cpp, line 774]
Event: 0.245 Thread 0x000002ac6c550c30 Exception <a 'java/lang/NoSuchMethodError'{0x000000070fb0d930}: 'java.lang.Object java.lang.invoke.DirectMethodHandle$Holder.newInvokeSpecial(java.lang.Object, long)'> (0x000000070fb0d930) 
thrown [s\open\src\hotspot\share\interpreter\linkResolver.cpp, line 774]
Event: 0.247 Thread 0x000002ac6c550c30 Exception <a 'java/lang/NoSuchMethodError'{0x000000070fb13d28}: 'java.lang.Object java.lang.invoke.DirectMethodHandle$Holder.invokeStatic(java.lang.Object, long, java.lang.Object)'> (0x000000070fb13d28) 
thrown [s\open\src\hotspot\share\interpreter\linkResolver.cpp, line 774]
Event: 0.247 Thread 0x000002ac6c550c30 Exception <a 'java/lang/NoSuchMethodError'{0x000000070fb17230}: 'java.lang.Object java.lang.invoke.DirectMethodHandle$Holder.invokeStaticInit(java.lang.Object, long, java.lang.Object)'> (0x000000070fb17230) 
thrown [s\open\src\hotspot\share\interpreter\linkResolver.cpp, line 774]
Event: 156.307 Thread 0x000002ac54255210 Exception <a 'java/lang/NoSuchMethodError'{0x000000070fa4e700}: 'void java.lang.invoke.DirectMethodHandle$Holder.invokeSpecial(java.lang.Object, java.lang.Object, java.lang.Object)'> (0x000000070fa4e700) 
thrown [s\open\src\hotspot\share\interpreter\linkResolver.cpp, line 774]
Event: 11996.017 Thread 0x000002ac54255210 Exception <a 'java/lang/NoSuchMethodError'{0x000000070fef3950}: 'void java.lang.invoke.DirectMethodHandle$Holder.invokeStaticInit(java.lang.Object)'> (0x000000070fef3950) 
thrown [s\open\src\hotspot\share\interpreter\linkResolver.cpp, line 774]

ZGC Phase Switch (0 events):
No events

VM Operations (20 events):
Event: 11183.384 Executing VM operation: RendezvousGCThreads
Event: 11183.384 Executing VM operation: RendezvousGCThreads done
Event: 11292.323 Executing VM operation: Cleanup
Event: 11292.324 Executing VM operation: Cleanup done
Event: 11363.867 Executing VM operation: HandshakeAllThreads (HandshakeForDeflation)
Event: 11363.867 Executing VM operation: HandshakeAllThreads (HandshakeForDeflation) done
Event: 11363.867 Executing VM operation: RendezvousGCThreads
Event: 11363.867 Executing VM operation: RendezvousGCThreads done
Event: 11905.392 Executing VM operation: HandshakeAllThreads (HandshakeForDeflation)
Event: 11905.392 Executing VM operation: HandshakeAllThreads (HandshakeForDeflation) done
Event: 11905.392 Executing VM operation: RendezvousGCThreads
Event: 11905.392 Executing VM operation: RendezvousGCThreads done
Event: 11965.503 Executing VM operation: HandshakeAllThreads (HandshakeForDeflation)
Event: 11965.503 Executing VM operation: HandshakeAllThreads (HandshakeForDeflation) done
Event: 11965.503 Executing VM operation: RendezvousGCThreads
Event: 11965.503 Executing VM operation: RendezvousGCThreads done
Event: 11996.113 Executing VM operation: HandshakeAllThreads (Deoptimize)
Event: 11996.114 Executing VM operation: HandshakeAllThreads (Deoptimize) done
Event: 11996.114 Executing VM operation: Cleanup
Event: 11996.114 Executing VM operation: Cleanup done

Memory protections (0 events):
No events

Nmethod flushes (0 events):
No events

Events (20 events):
Event: 11180.524 Thread 0x000002ac542558a0 Thread exited: 0x000002ac542558a0
Event: 11180.524 Thread 0x000002ac542565c0 Thread exited: 0x000002ac542565c0
Event: 11339.206 Thread 0x000002ac54255210 Thread added: 0x000002ac542558a0
Event: 11339.207 Thread 0x000002ac6c550c30 Thread added: 0x000002ac54253e60
Event: 11340.222 Thread 0x000002ac542558a0 Thread exited: 0x000002ac542558a0
Event: 11340.222 Thread 0x000002ac54253e60 Thread exited: 0x000002ac54253e60
Event: 11850.581 Thread 0x000002ac54255210 Thread added: 0x000002ac54256c50
Event: 11850.582 Thread 0x000002ac6c550c30 Thread added: 0x000002ac542558a0
Event: 11851.587 Thread 0x000002ac542558a0 Thread exited: 0x000002ac542558a0
Event: 11851.587 Thread 0x000002ac54256c50 Thread exited: 0x000002ac54256c50
Event: 11928.495 Thread 0x000002ac54255210 Thread added: 0x000002ac542558a0
Event: 11928.495 Thread 0x000002ac54255210 Thread added: 0x000002ac542565c0
Event: 11929.496 Thread 0x000002ac542565c0 Thread exited: 0x000002ac542565c0
Event: 11929.496 Thread 0x000002ac542558a0 Thread exited: 0x000002ac542558a0
Event: 11983.522 Thread 0x000002ac54255210 Thread added: 0x000002ac542558a0
Event: 11985.777 Thread 0x000002ac542558a0 Thread exited: 0x000002ac542558a0
Event: 11985.915 Thread 0x000002ac54255210 Thread added: 0x000002ac542565c0
Event: 11986.973 Thread 0x000002ac542565c0 Thread exited: 0x000002ac542565c0
Event: 11995.459 Thread 0x000002ac54255210 Thread added: 0x000002ac542565c0
Event: 11996.013 Thread 0x000002ac54255210 Thread added: 0x000002ac54253e60


Dynamic libraries:
0x00007ff78d010000 - 0x00007ff78d020000 	C:\Program Files\Java\jdk-22\bin\java.exe
0x00007ffd6df90000 - 0x00007ffd6e188000 	C:\Windows\SYSTEM32\ntdll.dll
0x00007ffd6d910000 - 0x00007ffd6d9d2000 	C:\Windows\System32\KERNEL32.DLL
0x00007ffd6bcb0000 - 0x00007ffd6bfa6000 	C:\Windows\System32\KERNELBASE.dll
0x00007ffd6b8f0000 - 0x00007ffd6b9f0000 	C:\Windows\System32\ucrtbase.dll
0x00007ffd57090000 - 0x00007ffd570a7000 	C:\Program Files\Java\jdk-22\bin\jli.dll
0x00007ffd6ce10000 - 0x00007ffd6cfad000 	C:\Windows\System32\USER32.dll
0x00007ffd56f90000 - 0x00007ffd56fab000 	C:\Program Files\Java\jdk-22\bin\VCRUNTIME140.dll
0x00007ffd6bbe0000 - 0x00007ffd6bc02000 	C:\Windows\System32\win32u.dll
0x00007ffd6cb20000 - 0x00007ffd6cb4b000 	C:\Windows\System32\GDI32.dll
0x00007ffd54490000 - 0x00007ffd5472a000 	C:\Windows\WinSxS\amd64_microsoft.windows.common-controls_6595b64144ccf1df_6.0.19041.5915_none_60b4b9d171f9c7c7\COMCTL32.dll
0x00007ffd6cce0000 - 0x00007ffd6cd7e000 	C:\Windows\System32\msvcrt.dll
0x00007ffd6b9f0000 - 0x00007ffd6bb09000 	C:\Windows\System32\gdi32full.dll
0x00007ffd6bc10000 - 0x00007ffd6bcad000 	C:\Windows\System32\msvcp_win.dll
0x00007ffd6c5b0000 - 0x00007ffd6c5df000 	C:\Windows\System32\IMM32.DLL
0x00007ffd5a170000 - 0x00007ffd5a17c000 	C:\Program Files\Java\jdk-22\bin\vcruntime140_1.dll
0x00007ffd56030000 - 0x00007ffd560be000 	C:\Program Files\Java\jdk-22\bin\msvcp140.dll
0x00007ffd188f0000 - 0x00007ffd19639000 	C:\Program Files\Java\jdk-22\bin\server\jvm.dll
0x00007ffd6db30000 - 0x00007ffd6dbe1000 	C:\Windows\System32\ADVAPI32.dll
0x00007ffd6d9e0000 - 0x00007ffd6da7f000 	C:\Windows\System32\sechost.dll
0x00007ffd6cb50000 - 0x00007ffd6cc73000 	C:\Windows\System32\RPCRT4.dll
0x00007ffd6b6b0000 - 0x00007ffd6b6d7000 	C:\Windows\System32\bcrypt.dll
0x00007ffd6cd80000 - 0x00007ffd6cdeb000 	C:\Windows\System32\WS2_32.dll
0x00007ffd6b500000 - 0x00007ffd6b54b000 	C:\Windows\SYSTEM32\POWRPROF.dll
0x00007ffd5a1c0000 - 0x00007ffd5a1e7000 	C:\Windows\SYSTEM32\WINMM.dll
0x00007ffd5ff00000 - 0x00007ffd5ff0a000 	C:\Windows\SYSTEM32\VERSION.dll
0x00007ffd6b460000 - 0x00007ffd6b472000 	C:\Windows\SYSTEM32\UMPDC.dll
0x00007ffd694c0000 - 0x00007ffd694d2000 	C:\Windows\SYSTEM32\kernel.appcore.dll
0x00007ffd58cd0000 - 0x00007ffd58cda000 	C:\Program Files\Java\jdk-22\bin\jimage.dll
0x00007ffd5e9d0000 - 0x00007ffd5ebd1000 	C:\Windows\SYSTEM32\DBGHELP.DLL
0x00007ffd593e0000 - 0x00007ffd59414000 	C:\Windows\SYSTEM32\dbgcore.DLL
0x00007ffd6b620000 - 0x00007ffd6b6a2000 	C:\Windows\System32\bcryptPrimitives.dll
0x00007ffd568f0000 - 0x00007ffd5690e000 	C:\Program Files\Java\jdk-22\bin\java.dll
0x00007ffd6cfc0000 - 0x00007ffd6d72e000 	C:\Windows\System32\SHELL32.dll
0x00007ffd6d7d0000 - 0x00007ffd6d8fb000 	C:\Windows\System32\ole32.dll
0x00007ffd6dbf0000 - 0x00007ffd6df43000 	C:\Windows\System32\combase.dll
0x00007ffd696c0000 - 0x00007ffd69e64000 	C:\Windows\SYSTEM32\windows.storage.dll
0x00007ffd6af80000 - 0x00007ffd6afab000 	C:\Windows\SYSTEM32\Wldp.dll
0x00007ffd6ca50000 - 0x00007ffd6cb1d000 	C:\Windows\System32\OLEAUT32.dll
0x00007ffd6da80000 - 0x00007ffd6db2d000 	C:\Windows\System32\SHCORE.dll
0x00007ffd6c550000 - 0x00007ffd6c5ab000 	C:\Windows\System32\shlwapi.dll
0x00007ffd6b550000 - 0x00007ffd6b575000 	C:\Windows\SYSTEM32\profapi.dll
0x00007ffd35e60000 - 0x00007ffd35f37000 	C:\Program Files\Java\jdk-22\bin\jsvml.dll
0x00007ffd57b80000 - 0x00007ffd57b90000 	C:\Program Files\Java\jdk-22\bin\net.dll
0x00007ffd6ace0000 - 0x00007ffd6ad4a000 	C:\Windows\system32\mswsock.dll
0x00007ffd55860000 - 0x00007ffd55876000 	C:\Program Files\Java\jdk-22\bin\nio.dll
0x00007ffd4f8a0000 - 0x00007ffd4f8b7000 	C:\Program Files\Java\jdk-22\bin\zip.dll
0x00007ffd57b20000 - 0x00007ffd57b30000 	C:\Program Files\Java\jdk-22\bin\verify.dll
0x00007ffd25790000 - 0x00007ffd2591e000 	C:\Program Files\Java\jdk-22\bin\awt.dll
0x00007ffd67340000 - 0x00007ffd673d4000 	C:\Windows\SYSTEM32\apphelp.dll
0x00007ffd692e0000 - 0x00007ffd6930f000 	C:\Windows\system32\DWMAPI.DLL
0x00007ffd68fd0000 - 0x00007ffd6906e000 	C:\Windows\system32\uxtheme.dll
0x00007ffd25660000 - 0x00007ffd25788000 	C:\Windows\system32\opengl32.dll
0x00007ffd4f2c0000 - 0x00007ffd4f2ec000 	C:\Windows\SYSTEM32\GLU32.dll
0x00007ffd6c240000 - 0x00007ffd6c355000 	C:\Windows\System32\MSCTF.dll
0x00007ffd66450000 - 0x00007ffd6648b000 	C:\Windows\SYSTEM32\dxcore.dll
0x00007ffd6bb90000 - 0x00007ffd6bbde000 	C:\Windows\System32\cfgmgr32.dll

dbghelp: loaded successfully - version: 4.0.5 - missing functions: none
symbol engine: initialized successfully - sym options: 0x614 - pdb path: .;C:\Program Files\Java\jdk-22\bin;C:\Windows\SYSTEM32;C:\Windows\WinSxS\amd64_microsoft.windows.common-controls_6595b64144ccf1df_6.0.19041.5915_none_60b4b9d171f9c7c7;C:\Program Files\Java\jdk-22\bin\server

VM Arguments:
jvm_args: -XX:+ShowCodeDetailsInExceptionMessages 
java_command: Connect -n 10 -i 0 -c benin -u https://facebook.com/
java_class_path (initial): C:\Users\Parfait\AppData\Roaming\Code\User\workspaceStorage\618fe75f5cd33d5a849945ffcda487fc\redhat.java\jdt_ws\AccountMail_238e4a47\bin;c:\Users\Parfait\Programming\AccountMail\jgenderize\jaxrs-ri\ext\jakarta.servlet-api-5.0.0.jar;c:\Users\Parfait\Programming\AccountMail\jgenderize\jaxrs-ri\ext\jakarta.json.bind-api-2.0.0.jar;c:\Users\Parfait\Programming\AccountMail\jgenderize\jaxrs-ri\ext\jakarta.activation-2.0.0.jar;c:\Users\Parfait\Programming\AccountMail\jgenderize\jaxrs-ri\lib\jersey-server.jar;c:\Users\Parfait\Programming\AccountMail\jgenderize\jaxrs-ri\ext\yasson-2.0.1.jar;c:\Users\Parfait\Programming\AccountMail\jgenderize\jaxrs-ri\ext\jakarta.persistence-api-3.0.0.jar;c:\Users\Parfait\Programming\AccountMail\jgenderize\jaxrs-ri\ext\org.osgi.core-6.0.0.jar;c:\Users\Parfait\Programming\AccountMail\jgenderize\jaxrs-ri\api\jakarta.ws.rs-api-3.0.0.jar;c:\Users\Parfait\Programming\AccountMail\jgenderize\jaxrs-ri\ext\hk2-locator-3.0.1.jar;c:\Users\Parfait\Programming\AccountMail\jgenderize\jaxrs-ri\lib\jersey-common.jar;c:\Users\Parfait\Programming\AccountMail\jgenderize\jaxrs-ri\ext\jakarta.inject-api-2.0.0.jar;c:\Users\Parfait\Programming\AccountMail\jgenderize\jaxrs-ri\ext\jakarta.json-2.0.0-module.jar;c:\Users\Parfait\Programming\AccountMail\jgenderize\jaxrs-ri\ext\jakarta.json-api-2.0.0.jar;c:\Users\Parfait\Programming\AccountMail\jgenderize\jaxrs-ri\lib\jersey-client.jar;c:\Users\Parfait\Programming\AccountMail\jgenderize\jaxrs-ri\lib\jersey-media-jaxb.jar;c:\Users\Parfait\Programming\AccountMail\jgenderize\jaxrs-ri\ext\javassist-3.25.0-GA.jar;c:\Users\Parfait\Programming\AccountMail\jgenderize\junit-jupiter-api-5.10.2.jar;c:\Users\Parfait\Programming\AccountMail\jgenderize\jaxrs-ri\lib\jersey-hk2.jar;c:\Users\Parfait\Programming\AccountMail\jgenderize\jaxrs-ri\ext\aopalliance-repackaged-3.0.1.jar;c:\Users\Parfait\Programming\AccountMail\jgenderize\jaxrs-ri\ext\hk2-utils-3.0.1.jar;c:\Users\Parfait\Programming\AccountMail\jgenderize\jaxrs-ri\ext\jakarta.annotation-api-2.0.0.jar;c:\Users\Parfait\Programming\AccountMail\jgenderize\jaxrs-ri\lib\jersey-container-servlet.jar;c:\Users\Parfait\Programming\AccountMail\jgenderize\jaxrs-ri\ext\hk2-api-3.0.1.jar;c:\Users\Parfait\Programming\AccountMail\jgenderize\jaxrs-ri\ext\jakarta.xml.bind-api-3.0.0.jar;c:\Users\Parfait\Programming\AccountMail\commons-cli-1.4-bin\commons-cli-1.4\commons-cli-1.4.jar;c:\Users\Parfait\Programming\AccountMail\jgenderize\jaxrs-ri\lib\jersey-media-json-binding.jar;c:\Users\Parfait\Programming\AccountMail\jgenderize\jaxrs-ri\ext\jakarta.validation-api-3.0.0.jar;c:\Users\Parfait\Programming\AccountMail\jgenderize\jaxrs-ri\lib\jersey-container-servlet-core.jar;c:\Users\Parfait\Programming\AccountMail\jgenderize\jaxrs-ri\lib\jersey-media-sse.jar;c:\Users\Parfait\Programming\AccountMail\jgenderize\jaxrs-ri\ext\osgi-resource-locator-1.0.3.jar
Launcher Type: SUN_STANDARD

[Global flags]
     intx CICompilerCount                          = 3                                         {product} {ergonomic}
     uint ConcGCThreads                            = 1                                         {product} {ergonomic}
     uint G1ConcRefinementThreads                  = 4                                         {product} {ergonomic}
   size_t G1HeapRegionSize                         = 2097152                                   {product} {ergonomic}
   size_t InitialHeapSize                          = 268435456                                 {product} {ergonomic}
   size_t MarkStackSize                            = 4194304                                   {product} {ergonomic}
   size_t MaxHeapSize                              = 4294967296                                {product} {ergonomic}
   size_t MaxNewSize                               = 2575302656                                {product} {ergonomic}
   size_t MinHeapDeltaBytes                        = 2097152                                   {product} {ergonomic}
   size_t MinHeapSize                              = 8388608                                   {product} {ergonomic}
    uintx NonNMethodCodeHeapSize                   = 5832780                                {pd product} {ergonomic}
    uintx NonProfiledCodeHeapSize                  = 122912730                              {pd product} {ergonomic}
    uintx ProfiledCodeHeapSize                     = 122912730                              {pd product} {ergonomic}
    uintx ReservedCodeCacheSize                    = 251658240                              {pd product} {ergonomic}
     bool SegmentedCodeCache                       = true                                      {product} {ergonomic}
     bool ShowCodeDetailsInExceptionMessages       = true                                   {manageable} {command line}
   size_t SoftMaxHeapSize                          = 4294967296                             {manageable} {ergonomic}
     bool UseCompressedOops                        = true                           {product lp64_product} {ergonomic}
     bool UseG1GC                                  = true                                      {product} {ergonomic}
     bool UseLargePagesIndividualAllocation        = false                                  {pd product} {ergonomic}

Logging:
Log output configuration:
 #0: stdout all=warning uptime,level,tags foldmultilines=false
 #1: stderr all=off uptime,level,tags foldmultilines=false

Environment Variables:
PATH=C:\Program Files\Common Files\Oracle\Java\javapath;C:\Windows\system32;C:\Windows;C:\Windows\System32\Wbem;C:\Windows\System32\WindowsPowerShell\v1.0\;C:\Windows\System32\OpenSSH\;C:\Program Files\Tailscale\;C:\ProgramData\GooGet;C:\Program Files\Google\Compute Engine\metadata_scripts;C:\Program Files\Google\Compute Engine\sysprep;C:\Program Files\Git\cmd;C:\Program Files (x86)\ZeroTier\One\;C:\Users\Parfait\AppData\Local\Microsoft\WindowsApps;C:\Users\Parfait\AppData\Local\Programs\Microsoft VS Code\bin
USERNAME=Parfait
LANG=en_US.UTF-8
OS=Windows_NT
PROCESSOR_IDENTIFIER=AMD64 Family 25 Model 1 Stepping 0, AuthenticAMD
TMP=C:\Users\Parfait\AppData\Local\Temp
TEMP=C:\Users\Parfait\AppData\Local\Temp




Periodic native trim disabled

---------------  S Y S T E M  ---------------

OS:
 Windows 10 , 64 bit Build 19041 (10.0.19041.5915)
OS uptime: 0 days 3:54 hours
KVM virtualization detected

CPU: total 4 (initial active 4) (4 cores per cpu, 2 threads per core) family 25 model 1 stepping 0 microcode 0x0, cx8, cmov, fxsr, ht, mmx, 3dnowpref, sse, sse2, sse3, ssse3, sse4a, sse4.1, sse4.2, popcnt, lzcnt, tsc, tscinvbit, avx, avx2, aes, erms, clmul, bmi1, bmi2, adx, sha, fma, vzeroupper, clflush, clflushopt, hv, rdtscp, rdpid, fsrm, f16c
Processor Information for all 4 processors :
  Max Mhz: 3050, Current Mhz: 3050, Mhz Limit: 3050

Memory: 4k page, system-wide physical 16383M (8972M free)
TotalPageFile size 24501M (AvailPageFile size 14827M)
current process WorkingSet (physical memory assigned to process): 33M, peak: 53M
current process commit charge ("private bytes"): 339M, peak: 342M

vm_info: Java HotSpot(TM) 64-Bit Server VM (22.0.2+9-70) for windows-amd64 JRE (22.0.2+9-70), built on 2024-06-04T16:52:23Z by "mach5one" with MS VC++ 17.6 (VS2022)

END.
